[0.021s] Invoking command in '/home/kimseheon/px4_ros_com_ros2-a/build/px4_ros_com': AMENT_PREFIX_PATH=/home/kimseheon/px4_ros_com_ros2-a/install/px4_msgs:${AMENT_PREFIX_PATH} CMAKE_PREFIX_PATH=/home/kimseheon/px4_ros_com_ros2-a/install/px4_msgs:/home/kimseheon/px4_ros_com_ros2/install/px4_ros_com:/home/kimseheon/px4_ros_com_ros2/install/px4_msgs:/opt/ros/foxy LD_LIBRARY_PATH=/home/kimseheon/px4_ros_com_ros2-a/install/px4_msgs/lib:${LD_LIBRARY_PATH} PYTHONPATH=/home/kimseheon/px4_ros_com_ros2-a/install/px4_msgs/lib/python3.8/site-packages:${PYTHONPATH} _=/usr/bin/env /usr/local/bin/cmake --build /home/kimseheon/px4_ros_com_ros2-a/build/px4_ros_com -- -j8 -l8
[0.044s] [35m[1mScanning dependencies of target second_offboard[0m
[0.044s] [35m[1mScanning dependencies of target third_offboard[0m
[0.048s] [  2%] Built target vehicle_gps_position_listener
[0.052s] [  6%] Built target sensor_combined_listener
[0.052s] [  6%] Built target frame_transforms
[0.053s] [  8%] Built target offboard_control
[0.054s] [  9%] Built target debug_vect_advertiser
[0.057s] [ 10%] [32mBuilding CXX object CMakeFiles/second_offboard.dir/src/custom_offboard/second_offboard.cpp.o[0m
[0.057s] [ 11%] [32mBuilding CXX object CMakeFiles/third_offboard.dir/src/custom_offboard/third_offboard.cpp.o[0m
[0.062s] [ 13%] Built target first_offboard
[0.065s] [ 15%] Built target fourth_offboard
[0.084s] [ 98%] Built target micrortps_agent
[6.204s] [ 99%] [32m[1mLinking CXX executable second_offboard[0m
[6.211s] [100%] [32m[1mLinking CXX executable third_offboard[0m
[6.482s] [100%] Built target third_offboard
[6.488s] [100%] Built target second_offboard
[6.493s] Invoked command in '/home/kimseheon/px4_ros_com_ros2-a/build/px4_ros_com' returned '0': AMENT_PREFIX_PATH=/home/kimseheon/px4_ros_com_ros2-a/install/px4_msgs:${AMENT_PREFIX_PATH} CMAKE_PREFIX_PATH=/home/kimseheon/px4_ros_com_ros2-a/install/px4_msgs:/home/kimseheon/px4_ros_com_ros2/install/px4_ros_com:/home/kimseheon/px4_ros_com_ros2/install/px4_msgs:/opt/ros/foxy LD_LIBRARY_PATH=/home/kimseheon/px4_ros_com_ros2-a/install/px4_msgs/lib:${LD_LIBRARY_PATH} PYTHONPATH=/home/kimseheon/px4_ros_com_ros2-a/install/px4_msgs/lib/python3.8/site-packages:${PYTHONPATH} _=/usr/bin/env /usr/local/bin/cmake --build /home/kimseheon/px4_ros_com_ros2-a/build/px4_ros_com -- -j8 -l8
[6.735s] Invoking command in '/home/kimseheon/px4_ros_com_ros2-a/build/px4_ros_com': AMENT_PREFIX_PATH=/home/kimseheon/px4_ros_com_ros2-a/install/px4_msgs:${AMENT_PREFIX_PATH} CMAKE_PREFIX_PATH=/home/kimseheon/px4_ros_com_ros2-a/install/px4_msgs:/home/kimseheon/px4_ros_com_ros2/install/px4_ros_com:/home/kimseheon/px4_ros_com_ros2/install/px4_msgs:/opt/ros/foxy LD_LIBRARY_PATH=/home/kimseheon/px4_ros_com_ros2-a/install/px4_msgs/lib:${LD_LIBRARY_PATH} PYTHONPATH=/home/kimseheon/px4_ros_com_ros2-a/install/px4_msgs/lib/python3.8/site-packages:${PYTHONPATH} _=/usr/bin/env /usr/local/bin/cmake --install /home/kimseheon/px4_ros_com_ros2-a/build/px4_ros_com
[6.738s] -- Install configuration: ""
[6.738s] -- Execute custom install script
[6.738s] -- Up-to-date symlink: /home/kimseheon/px4_ros_com_ros2-a/install/px4_ros_com/lib/px4_ros_com/sensor_combined_listener
[6.739s] -- Up-to-date symlink: /home/kimseheon/px4_ros_com_ros2-a/install/px4_ros_com/lib/px4_ros_com/vehicle_gps_position_listener
[6.739s] -- Up-to-date symlink: /home/kimseheon/px4_ros_com_ros2-a/install/px4_ros_com/lib/px4_ros_com/debug_vect_advertiser
[6.739s] -- Up-to-date symlink: /home/kimseheon/px4_ros_com_ros2-a/install/px4_ros_com/lib/px4_ros_com/offboard_control
[6.739s] -- Up-to-date symlink: /home/kimseheon/px4_ros_com_ros2-a/install/px4_ros_com/lib/px4_ros_com/first_offboard
[6.740s] -- Up-to-date symlink: /home/kimseheon/px4_ros_com_ros2-a/install/px4_ros_com/lib/px4_ros_com/second_offboard
[6.740s] -- Up-to-date symlink: /home/kimseheon/px4_ros_com_ros2-a/install/px4_ros_com/lib/px4_ros_com/third_offboard
[6.740s] -- Up-to-date symlink: /home/kimseheon/px4_ros_com_ros2-a/install/px4_ros_com/lib/px4_ros_com/fourth_offboard
[6.740s] -- Up-to-date symlink: /home/kimseheon/px4_ros_com_ros2-a/install/px4_ros_com/share/px4_ros_com/environment/library_path.sh
[6.740s] -- Up-to-date symlink: /home/kimseheon/px4_ros_com_ros2-a/install/px4_ros_com/share/px4_ros_com/environment/library_path.dsv
[6.741s] -- Up-to-date symlink: /home/kimseheon/px4_ros_com_ros2-a/install/px4_ros_com/include/px4_ros_com/frame_transforms.h
[6.741s] -- Up-to-date symlink: /home/kimseheon/px4_ros_com_ros2-a/install/px4_ros_com/share/px4_ros_com/cmake/EnableC++XX.cmake
[6.741s] -- Up-to-date symlink: /home/kimseheon/px4_ros_com_ros2-a/install/px4_ros_com/share/px4_ros_com/cmake/EnableSanitizers.cmake
[6.741s] -- Up-to-date symlink: /home/kimseheon/px4_ros_com_ros2-a/install/px4_ros_com/share/px4_ros_com/cmake/GenerateMicroRTPSAgent.cmake
[6.742s] -- Up-to-date symlink: /home/kimseheon/px4_ros_com_ros2-a/install/px4_ros_com/share/px4_ros_com/launch/custom_offboard.launch.py
[6.742s] -- Up-to-date symlink: /home/kimseheon/px4_ros_com_ros2-a/install/px4_ros_com/share/px4_ros_com/launch/custom_offboard_timer.launch.py
[6.742s] -- Up-to-date symlink: /home/kimseheon/px4_ros_com_ros2-a/install/px4_ros_com/share/px4_ros_com/launch/sensor_combined_listener.launch.py
[6.742s] -- Up-to-date symlink: /home/kimseheon/px4_ros_com_ros2-a/install/px4_ros_com/share/custom_offboard/launch/custom_offboard.launch.py
[6.742s] -- Up-to-date symlink: /home/kimseheon/px4_ros_com_ros2-a/install/px4_ros_com/share/custom_offboard/launch/custom_offboard_timer.launch.py
[6.742s] -- Up-to-date symlink: /home/kimseheon/px4_ros_com_ros2-a/install/px4_ros_com/share/custom_offboard/launch/sensor_combined_listener.launch.py
[6.743s] -- Up-to-date symlink: /home/kimseheon/px4_ros_com_ros2-a/install/px4_ros_com/share/custom_offfboard_timer/launch/custom_offboard.launch.py
[6.743s] -- Up-to-date symlink: /home/kimseheon/px4_ros_com_ros2-a/install/px4_ros_com/share/custom_offfboard_timer/launch/custom_offboard_timer.launch.py
[6.743s] -- Up-to-date symlink: /home/kimseheon/px4_ros_com_ros2-a/install/px4_ros_com/share/custom_offfboard_timer/launch/sensor_combined_listener.launch.py
[6.743s] -- Up-to-date symlink: /home/kimseheon/px4_ros_com_ros2-a/install/px4_ros_com/share/px4_ros_com/test/__init__.py
[6.743s] -- Up-to-date symlink: /home/kimseheon/px4_ros_com_ros2-a/install/px4_ros_com/share/px4_ros_com/test/pipeline_io_test.py
[6.743s] -- Up-to-date symlink: /home/kimseheon/px4_ros_com_ros2-a/install/px4_ros_com/share/px4_ros_com/test/test_input.py
[6.743s] -- Up-to-date symlink: /home/kimseheon/px4_ros_com_ros2-a/install/px4_ros_com/share/px4_ros_com/test/test_output.py
[6.744s] -- Up-to-date symlink: /home/kimseheon/px4_ros_com_ros2-a/install/px4_ros_com/share/ament_index/resource_index/package_run_dependencies/px4_ros_com
[6.744s] -- Up-to-date symlink: /home/kimseheon/px4_ros_com_ros2-a/install/px4_ros_com/share/ament_index/resource_index/parent_prefix_path/px4_ros_com
[6.744s] -- Up-to-date symlink: /home/kimseheon/px4_ros_com_ros2-a/install/px4_ros_com/share/px4_ros_com/environment/ament_prefix_path.sh
[6.744s] -- Up-to-date symlink: /home/kimseheon/px4_ros_com_ros2-a/install/px4_ros_com/share/px4_ros_com/environment/ament_prefix_path.dsv
[6.744s] -- Up-to-date symlink: /home/kimseheon/px4_ros_com_ros2-a/install/px4_ros_com/share/px4_ros_com/environment/path.sh
[6.745s] -- Up-to-date symlink: /home/kimseheon/px4_ros_com_ros2-a/install/px4_ros_com/share/px4_ros_com/environment/path.dsv
[6.745s] -- Up-to-date symlink: /home/kimseheon/px4_ros_com_ros2-a/install/px4_ros_com/share/px4_ros_com/local_setup.bash
[6.745s] -- Up-to-date symlink: /home/kimseheon/px4_ros_com_ros2-a/install/px4_ros_com/share/px4_ros_com/local_setup.sh
[6.745s] -- Up-to-date symlink: /home/kimseheon/px4_ros_com_ros2-a/install/px4_ros_com/share/px4_ros_com/local_setup.zsh
[6.745s] -- Up-to-date symlink: /home/kimseheon/px4_ros_com_ros2-a/install/px4_ros_com/share/px4_ros_com/local_setup.dsv
[6.745s] -- Symlinking: /home/kimseheon/px4_ros_com_ros2-a/install/px4_ros_com/share/px4_ros_com/package.dsv
[6.748s] -- Up-to-date symlink: /home/kimseheon/px4_ros_com_ros2-a/install/px4_ros_com/share/ament_index/resource_index/packages/px4_ros_com
[6.748s] -- Up-to-date symlink: /home/kimseheon/px4_ros_com_ros2-a/install/px4_ros_com/share/px4_ros_com/cmake/ament_cmake_export_dependencies-extras.cmake
[6.748s] -- Up-to-date symlink: /home/kimseheon/px4_ros_com_ros2-a/install/px4_ros_com/share/px4_ros_com/cmake/ament_cmake_export_targets-extras.cmake
[6.749s] -- Up-to-date symlink: /home/kimseheon/px4_ros_com_ros2-a/install/px4_ros_com/share/px4_ros_com/cmake/ament_cmake_export_include_directories-extras.cmake
[6.749s] -- Up-to-date symlink: /home/kimseheon/px4_ros_com_ros2-a/install/px4_ros_com/share/px4_ros_com/cmake/ament_cmake_export_libraries-extras.cmake
[6.749s] -- Up-to-date symlink: /home/kimseheon/px4_ros_com_ros2-a/install/px4_ros_com/share/px4_ros_com/cmake/px4_ros_comConfig.cmake
[6.749s] -- Up-to-date symlink: /home/kimseheon/px4_ros_com_ros2-a/install/px4_ros_com/share/px4_ros_com/cmake/px4_ros_comConfig-version.cmake
[6.749s] -- Up-to-date symlink: /home/kimseheon/px4_ros_com_ros2-a/install/px4_ros_com/share/px4_ros_com/package.xml
[6.749s] -- Up-to-date: /home/kimseheon/px4_ros_com_ros2-a/install/px4_ros_com/lib/libframe_transforms.so
[6.750s] -- Up-to-date: /home/kimseheon/px4_ros_com_ros2-a/install/px4_ros_com/bin/micrortps_agent
[6.750s] -- Up-to-date: /home/kimseheon/px4_ros_com_ros2-a/install/px4_ros_com/share/px4_ros_com/cmake/export_frame_transformsExport.cmake
[6.750s] -- Up-to-date: /home/kimseheon/px4_ros_com_ros2-a/install/px4_ros_com/share/px4_ros_com/cmake/export_frame_transformsExport-noconfig.cmake
[6.752s] Invoked command in '/home/kimseheon/px4_ros_com_ros2-a/build/px4_ros_com' returned '0': AMENT_PREFIX_PATH=/home/kimseheon/px4_ros_com_ros2-a/install/px4_msgs:${AMENT_PREFIX_PATH} CMAKE_PREFIX_PATH=/home/kimseheon/px4_ros_com_ros2-a/install/px4_msgs:/home/kimseheon/px4_ros_com_ros2/install/px4_ros_com:/home/kimseheon/px4_ros_com_ros2/install/px4_msgs:/opt/ros/foxy LD_LIBRARY_PATH=/home/kimseheon/px4_ros_com_ros2-a/install/px4_msgs/lib:${LD_LIBRARY_PATH} PYTHONPATH=/home/kimseheon/px4_ros_com_ros2-a/install/px4_msgs/lib/python3.8/site-packages:${PYTHONPATH} _=/usr/bin/env /usr/local/bin/cmake --install /home/kimseheon/px4_ros_com_ros2-a/build/px4_ros_com
