-- Using C++17 compiler
-- Found ament_cmake: 0.9.12 (/opt/ros/foxy/share/ament_cmake/cmake)
-- Using PYTHON_EXECUTABLE: /usr/bin/python3
-- Override CMake install command with custom implementation using symlinks instead of copying resources
-- Found builtin_interfaces: 1.0.0 (/opt/ros/foxy/share/builtin_interfaces/cmake)
-- Using all available rosidl_typesupport_c: rosidl_typesupport_fastrtps_c;rosidl_typesupport_introspection_c
-- Found rosidl_adapter: 1.3.1 (/opt/ros/foxy/share/rosidl_adapter/cmake)
-- Using all available rosidl_typesupport_cpp: rosidl_typesupport_fastrtps_cpp;rosidl_typesupport_introspection_cpp
-- Found rclcpp: 2.4.3 (/opt/ros/foxy/share/rclcpp/cmake)
-- Found rmw_implementation_cmake: 1.0.4 (/opt/ros/foxy/share/rmw_implementation_cmake/cmake)
-- Using RMW implementation 'rmw_fastrtps_cpp' as default
-- Found rmw_fastrtps_cpp: 1.3.2 (/opt/ros/foxy/share/rmw_fastrtps_cpp/cmake)
-- Found px4_msgs: 2.0.1 (/home/kimseheon/px4_ros_com_ros2/install/px4_msgs/share/px4_msgs/cmake)
-- Found sensor_msgs: 2.0.5 (/opt/ros/foxy/share/sensor_msgs/cmake)
-- Found eigen3_cmake_module: 0.1.1 (/opt/ros/foxy/share/eigen3_cmake_module/cmake)
-- fastrtpsgen found in /usr/local/bin
-- fastrtpsgen version 1.0.4
-- px4_msgs message dir under /home/kimseheon/px4_ros_com_ros2/install/px4_msgs/share/px4_msgs/msg
-- IDL definitions under /home/kimseheon/px4_ros_com_ros2/install/px4_msgs/share/px4_msgs/msg
-- Retrieving list of msgs to send...
-- List of msgs to send: DebugArray, DebugKeyValue, DebugValue, DebugVect, OffboardControlMode, OnboardComputerStatus, OpticalFlow, PositionSetpoint, PositionSetpointTriplet, TelemetryStatus, Timesync, TrajectoryBezier, VehicleCommand, VehicleLocalPositionSetpoint, VehicleTrajectoryBezier, VehicleTrajectoryWaypoint, TrajectorySetpoint, VehicleMocapOdometry, VehicleVisualOdometry
-- Retrieving list of msgs to receive...
-- List of msgs to receive: CollisionConstraints, SensorCombined, Timesync, TimesyncStatus, TrajectoryWaypoint, VehicleControlMode, VehicleOdometry, VehicleStatus
-- Configuring done
-- Generating done
-- Build files have been written to: /home/kimseheon/px4_ros_com_ros2/build/px4_ros_com
[  6%] Built target vehicle_gps_position_listener
[  7%] Built target sensor_combined_listener
[  7%] Built target offboard_control
[ 10%] Built target offboard_try1
[ 11%] Built target offboard_try2
[  6%] Built target debug_vect_advertiser
[ 13%] Built target frame_transforms
[35m[1mScanning dependencies of target offboard_try3[0m
[ 14%] [32mBuilding CXX object CMakeFiles/offboard_try3.dir/src/custom_offboard/offboard_try3.cpp.o[0m
[ 99%] Built target micrortps_agent
[100%] [32m[1mLinking CXX executable offboard_try3[0m
[100%] Built target offboard_try3
-- Install configuration: ""
-- Execute custom install script
-- Up-to-date symlink: /home/kimseheon/px4_ros_com_ros2/install/px4_ros_com/lib/px4_ros_com/sensor_combined_listener
-- Up-to-date symlink: /home/kimseheon/px4_ros_com_ros2/install/px4_ros_com/lib/px4_ros_com/vehicle_gps_position_listener
-- Up-to-date symlink: /home/kimseheon/px4_ros_com_ros2/install/px4_ros_com/lib/px4_ros_com/debug_vect_advertiser
-- Up-to-date symlink: /home/kimseheon/px4_ros_com_ros2/install/px4_ros_com/lib/px4_ros_com/offboard_control
-- Up-to-date symlink: /home/kimseheon/px4_ros_com_ros2/install/px4_ros_com/lib/px4_ros_com/offboard_try1
-- Up-to-date symlink: /home/kimseheon/px4_ros_com_ros2/install/px4_ros_com/lib/px4_ros_com/offboard_try2
-- Up-to-date symlink: /home/kimseheon/px4_ros_com_ros2/install/px4_ros_com/lib/px4_ros_com/offboard_try3
-- Up-to-date symlink: /home/kimseheon/px4_ros_com_ros2/install/px4_ros_com/share/px4_ros_com/environment/library_path.sh
-- Up-to-date symlink: /home/kimseheon/px4_ros_com_ros2/install/px4_ros_com/share/px4_ros_com/environment/library_path.dsv
-- Up-to-date symlink: /home/kimseheon/px4_ros_com_ros2/install/px4_ros_com/include/px4_ros_com/frame_transforms.h
-- Up-to-date symlink: /home/kimseheon/px4_ros_com_ros2/install/px4_ros_com/share/px4_ros_com/cmake/EnableC++XX.cmake
-- Up-to-date symlink: /home/kimseheon/px4_ros_com_ros2/install/px4_ros_com/share/px4_ros_com/cmake/EnableSanitizers.cmake
-- Up-to-date symlink: /home/kimseheon/px4_ros_com_ros2/install/px4_ros_com/share/px4_ros_com/cmake/GenerateMicroRTPSAgent.cmake
-- Up-to-date symlink: /home/kimseheon/px4_ros_com_ros2/install/px4_ros_com/share/px4_ros_com/launch/sensor_combined_listener.launch.py
-- Up-to-date symlink: /home/kimseheon/px4_ros_com_ros2/install/px4_ros_com/share/px4_ros_com/test/__init__.py
-- Up-to-date symlink: /home/kimseheon/px4_ros_com_ros2/install/px4_ros_com/share/px4_ros_com/test/pipeline_io_test.py
-- Up-to-date symlink: /home/kimseheon/px4_ros_com_ros2/install/px4_ros_com/share/px4_ros_com/test/test_input.py
-- Up-to-date symlink: /home/kimseheon/px4_ros_com_ros2/install/px4_ros_com/share/px4_ros_com/test/test_output.py
-- Up-to-date symlink: /home/kimseheon/px4_ros_com_ros2/install/px4_ros_com/share/ament_index/resource_index/package_run_dependencies/px4_ros_com
-- Up-to-date symlink: /home/kimseheon/px4_ros_com_ros2/install/px4_ros_com/share/ament_index/resource_index/parent_prefix_path/px4_ros_com
-- Up-to-date symlink: /home/kimseheon/px4_ros_com_ros2/install/px4_ros_com/share/px4_ros_com/environment/ament_prefix_path.sh
-- Up-to-date symlink: /home/kimseheon/px4_ros_com_ros2/install/px4_ros_com/share/px4_ros_com/environment/ament_prefix_path.dsv
-- Up-to-date symlink: /home/kimseheon/px4_ros_com_ros2/install/px4_ros_com/share/px4_ros_com/environment/path.sh
-- Up-to-date symlink: /home/kimseheon/px4_ros_com_ros2/install/px4_ros_com/share/px4_ros_com/environment/path.dsv
-- Up-to-date symlink: /home/kimseheon/px4_ros_com_ros2/install/px4_ros_com/share/px4_ros_com/local_setup.bash
-- Up-to-date symlink: /home/kimseheon/px4_ros_com_ros2/install/px4_ros_com/share/px4_ros_com/local_setup.sh
-- Up-to-date symlink: /home/kimseheon/px4_ros_com_ros2/install/px4_ros_com/share/px4_ros_com/local_setup.zsh
-- Up-to-date symlink: /home/kimseheon/px4_ros_com_ros2/install/px4_ros_com/share/px4_ros_com/local_setup.dsv
-- Symlinking: /home/kimseheon/px4_ros_com_ros2/install/px4_ros_com/share/px4_ros_com/package.dsv
-- Up-to-date symlink: /home/kimseheon/px4_ros_com_ros2/install/px4_ros_com/share/ament_index/resource_index/packages/px4_ros_com
-- Up-to-date symlink: /home/kimseheon/px4_ros_com_ros2/install/px4_ros_com/share/px4_ros_com/cmake/ament_cmake_export_dependencies-extras.cmake
-- Up-to-date symlink: /home/kimseheon/px4_ros_com_ros2/install/px4_ros_com/share/px4_ros_com/cmake/ament_cmake_export_targets-extras.cmake
-- Up-to-date symlink: /home/kimseheon/px4_ros_com_ros2/install/px4_ros_com/share/px4_ros_com/cmake/ament_cmake_export_include_directories-extras.cmake
-- Up-to-date symlink: /home/kimseheon/px4_ros_com_ros2/install/px4_ros_com/share/px4_ros_com/cmake/ament_cmake_export_libraries-extras.cmake
-- Up-to-date symlink: /home/kimseheon/px4_ros_com_ros2/install/px4_ros_com/share/px4_ros_com/cmake/px4_ros_comConfig.cmake
-- Up-to-date symlink: /home/kimseheon/px4_ros_com_ros2/install/px4_ros_com/share/px4_ros_com/cmake/px4_ros_comConfig-version.cmake
-- Up-to-date symlink: /home/kimseheon/px4_ros_com_ros2/install/px4_ros_com/share/px4_ros_com/package.xml
-- Up-to-date: /home/kimseheon/px4_ros_com_ros2/install/px4_ros_com/lib/libframe_transforms.so
-- Up-to-date: /home/kimseheon/px4_ros_com_ros2/install/px4_ros_com/bin/micrortps_agent
-- Up-to-date: /home/kimseheon/px4_ros_com_ros2/install/px4_ros_com/share/px4_ros_com/cmake/export_frame_transformsExport.cmake
-- Installing: /home/kimseheon/px4_ros_com_ros2/install/px4_ros_com/share/px4_ros_com/cmake/export_frame_transformsExport-noconfig.cmake
