[0.016s] Invoking command in '/home/kimseheon/px4_ros_com_ros2/build/px4_ros_com': CMAKE_PREFIX_PATH=/home/kimseheon/px4_ros_com_ros2/install/px4_msgs:/home/kimseheon/px4_ros_com_ros2/install/px4_ros_com:/opt/ros/foxy:/home/kimseheon/catkin_ws/devel:/opt/ros/noetic LD_LIBRARY_PATH=/home/kimseheon/px4_ros_com_ros2/install/px4_msgs/lib:/usr/lib/x86_64-linux-gnu/gazebo-11/plugins:/opt/ros/foxy/opt/yaml_cpp_vendor/lib:/opt/ros/foxy/opt/rviz_ogre_vendor/lib:/opt/ros/foxy/lib/x86_64-linux-gnu:/opt/ros/foxy/lib:/home/kimseheon/px4_ros_com_ros2/install/px4_ros_com/lib:/home/kimseheon/catkin_ws/devel/lib:/opt/ros/noetic/lib PYTHONPATH=/home/kimseheon/px4_ros_com_ros2/install/px4_msgs/lib/python3.8/site-packages:/opt/ros/foxy/lib/python3.8/site-packages:/opt/ros/noetic/lib/python3/dist-packages _=/usr/bin/env /usr/local/bin/cmake /home/kimseheon/px4_ros_com_ros2/src/px4_ros_com -DCMAKE_INSTALL_PREFIX=/home/kimseheon/px4_ros_com_ros2/install/px4_ros_com
[0.025s] -- Using C++17 compiler
[0.026s] -- Found ament_cmake: 0.9.12 (/opt/ros/foxy/share/ament_cmake/cmake)
[0.058s] -- Using PYTHON_EXECUTABLE: /usr/bin/python3
[0.248s] -- Override CMake install command with custom implementation using symlinks instead of copying resources
[0.254s] -- Found builtin_interfaces: 1.0.0 (/opt/ros/foxy/share/builtin_interfaces/cmake)
[0.275s] -- Using all available rosidl_typesupport_c: rosidl_typesupport_fastrtps_c;rosidl_typesupport_introspection_c
[0.280s] -- Found rosidl_adapter: 1.3.1 (/opt/ros/foxy/share/rosidl_adapter/cmake)
[0.409s] -- Using all available rosidl_typesupport_cpp: rosidl_typesupport_fastrtps_cpp;rosidl_typesupport_introspection_cpp
[0.448s] -- Found rclcpp: 2.4.3 (/opt/ros/foxy/share/rclcpp/cmake)
[0.480s] -- Found rmw_implementation_cmake: 1.0.4 (/opt/ros/foxy/share/rmw_implementation_cmake/cmake)
[0.482s] -- Using RMW implementation 'rmw_fastrtps_cpp' as default
[0.612s] -- Found rmw_fastrtps_cpp: 1.3.2 (/opt/ros/foxy/share/rmw_fastrtps_cpp/cmake)
[0.714s] -- Found px4_msgs: 2.0.1 (/home/kimseheon/px4_ros_com_ros2/install/px4_msgs/share/px4_msgs/cmake)
[0.728s] -- Found sensor_msgs: 2.0.5 (/opt/ros/foxy/share/sensor_msgs/cmake)
[0.849s] -- Found eigen3_cmake_module: 0.1.1 (/opt/ros/foxy/share/eigen3_cmake_module/cmake)
[0.850s] -- fastrtpsgen found in /usr/local/bin
[0.959s] -- fastrtpsgen version 1.0.4
[0.959s] -- px4_msgs message dir under /home/kimseheon/px4_ros_com_ros2/install/px4_msgs/share/px4_msgs/msg
[0.959s] -- IDL definitions under /home/kimseheon/px4_ros_com_ros2/install/px4_msgs/share/px4_msgs/msg
[0.959s] -- Retrieving list of msgs to send...
[1.010s] -- List of msgs to send: DebugArray, DebugKeyValue, DebugValue, DebugVect, OffboardControlMode, OnboardComputerStatus, OpticalFlow, PositionSetpoint, PositionSetpointTriplet, TelemetryStatus, Timesync, TrajectoryBezier, VehicleCommand, VehicleLocalPositionSetpoint, VehicleTrajectoryBezier, VehicleTrajectoryWaypoint, TrajectorySetpoint, VehicleMocapOdometry, VehicleVisualOdometry
[1.010s] -- Retrieving list of msgs to receive...
[1.078s] -- List of msgs to receive: CollisionConstraints, SensorCombined, Timesync, TimesyncStatus, TrajectoryWaypoint, VehicleControlMode, VehicleOdometry, VehicleStatus
[1.193s] -- Configuring done
[1.285s] -- Generating done
[1.287s] -- Build files have been written to: /home/kimseheon/px4_ros_com_ros2/build/px4_ros_com
[1.295s] Invoked command in '/home/kimseheon/px4_ros_com_ros2/build/px4_ros_com' returned '0': CMAKE_PREFIX_PATH=/home/kimseheon/px4_ros_com_ros2/install/px4_msgs:/home/kimseheon/px4_ros_com_ros2/install/px4_ros_com:/opt/ros/foxy:/home/kimseheon/catkin_ws/devel:/opt/ros/noetic LD_LIBRARY_PATH=/home/kimseheon/px4_ros_com_ros2/install/px4_msgs/lib:/usr/lib/x86_64-linux-gnu/gazebo-11/plugins:/opt/ros/foxy/opt/yaml_cpp_vendor/lib:/opt/ros/foxy/opt/rviz_ogre_vendor/lib:/opt/ros/foxy/lib/x86_64-linux-gnu:/opt/ros/foxy/lib:/home/kimseheon/px4_ros_com_ros2/install/px4_ros_com/lib:/home/kimseheon/catkin_ws/devel/lib:/opt/ros/noetic/lib PYTHONPATH=/home/kimseheon/px4_ros_com_ros2/install/px4_msgs/lib/python3.8/site-packages:/opt/ros/foxy/lib/python3.8/site-packages:/opt/ros/noetic/lib/python3/dist-packages _=/usr/bin/env /usr/local/bin/cmake /home/kimseheon/px4_ros_com_ros2/src/px4_ros_com -DCMAKE_INSTALL_PREFIX=/home/kimseheon/px4_ros_com_ros2/install/px4_ros_com
[1.297s] Invoking command in '/home/kimseheon/px4_ros_com_ros2/build/px4_ros_com': CMAKE_PREFIX_PATH=/home/kimseheon/px4_ros_com_ros2/install/px4_msgs:/home/kimseheon/px4_ros_com_ros2/install/px4_ros_com:/opt/ros/foxy:/home/kimseheon/catkin_ws/devel:/opt/ros/noetic LD_LIBRARY_PATH=/home/kimseheon/px4_ros_com_ros2/install/px4_msgs/lib:/usr/lib/x86_64-linux-gnu/gazebo-11/plugins:/opt/ros/foxy/opt/yaml_cpp_vendor/lib:/opt/ros/foxy/opt/rviz_ogre_vendor/lib:/opt/ros/foxy/lib/x86_64-linux-gnu:/opt/ros/foxy/lib:/home/kimseheon/px4_ros_com_ros2/install/px4_ros_com/lib:/home/kimseheon/catkin_ws/devel/lib:/opt/ros/noetic/lib PYTHONPATH=/home/kimseheon/px4_ros_com_ros2/install/px4_msgs/lib/python3.8/site-packages:/opt/ros/foxy/lib/python3.8/site-packages:/opt/ros/noetic/lib/python3/dist-packages _=/usr/bin/env /usr/local/bin/cmake --build /home/kimseheon/px4_ros_com_ros2/build/px4_ros_com -- -j8 -l8
[1.331s] [  6%] Built target vehicle_gps_position_listener
[1.331s] [  7%] Built target sensor_combined_listener
[1.331s] [  7%] Built target offboard_control
[1.331s] [ 10%] Built target offboard_try1
[1.331s] [ 11%] Built target offboard_try2
[1.331s] [  6%] Built target debug_vect_advertiser
[1.332s] [ 13%] Built target frame_transforms
[1.338s] [35m[1mScanning dependencies of target offboard_try3[0m
[1.351s] [ 14%] [32mBuilding CXX object CMakeFiles/offboard_try3.dir/src/custom_offboard/offboard_try3.cpp.o[0m
[1.387s] [ 99%] Built target micrortps_agent
[7.923s] [100%] [32m[1mLinking CXX executable offboard_try3[0m
[8.228s] [100%] Built target offboard_try3
[8.239s] Invoked command in '/home/kimseheon/px4_ros_com_ros2/build/px4_ros_com' returned '0': CMAKE_PREFIX_PATH=/home/kimseheon/px4_ros_com_ros2/install/px4_msgs:/home/kimseheon/px4_ros_com_ros2/install/px4_ros_com:/opt/ros/foxy:/home/kimseheon/catkin_ws/devel:/opt/ros/noetic LD_LIBRARY_PATH=/home/kimseheon/px4_ros_com_ros2/install/px4_msgs/lib:/usr/lib/x86_64-linux-gnu/gazebo-11/plugins:/opt/ros/foxy/opt/yaml_cpp_vendor/lib:/opt/ros/foxy/opt/rviz_ogre_vendor/lib:/opt/ros/foxy/lib/x86_64-linux-gnu:/opt/ros/foxy/lib:/home/kimseheon/px4_ros_com_ros2/install/px4_ros_com/lib:/home/kimseheon/catkin_ws/devel/lib:/opt/ros/noetic/lib PYTHONPATH=/home/kimseheon/px4_ros_com_ros2/install/px4_msgs/lib/python3.8/site-packages:/opt/ros/foxy/lib/python3.8/site-packages:/opt/ros/noetic/lib/python3/dist-packages _=/usr/bin/env /usr/local/bin/cmake --build /home/kimseheon/px4_ros_com_ros2/build/px4_ros_com -- -j8 -l8
[8.627s] Invoking command in '/home/kimseheon/px4_ros_com_ros2/build/px4_ros_com': CMAKE_PREFIX_PATH=/home/kimseheon/px4_ros_com_ros2/install/px4_msgs:/home/kimseheon/px4_ros_com_ros2/install/px4_ros_com:/opt/ros/foxy:/home/kimseheon/catkin_ws/devel:/opt/ros/noetic LD_LIBRARY_PATH=/home/kimseheon/px4_ros_com_ros2/install/px4_msgs/lib:/usr/lib/x86_64-linux-gnu/gazebo-11/plugins:/opt/ros/foxy/opt/yaml_cpp_vendor/lib:/opt/ros/foxy/opt/rviz_ogre_vendor/lib:/opt/ros/foxy/lib/x86_64-linux-gnu:/opt/ros/foxy/lib:/home/kimseheon/px4_ros_com_ros2/install/px4_ros_com/lib:/home/kimseheon/catkin_ws/devel/lib:/opt/ros/noetic/lib PYTHONPATH=/home/kimseheon/px4_ros_com_ros2/install/px4_msgs/lib/python3.8/site-packages:/opt/ros/foxy/lib/python3.8/site-packages:/opt/ros/noetic/lib/python3/dist-packages _=/usr/bin/env /usr/local/bin/cmake --install /home/kimseheon/px4_ros_com_ros2/build/px4_ros_com
[8.631s] -- Install configuration: ""
[8.631s] -- Execute custom install script
[8.632s] -- Up-to-date symlink: /home/kimseheon/px4_ros_com_ros2/install/px4_ros_com/lib/px4_ros_com/sensor_combined_listener
[8.633s] -- Up-to-date symlink: /home/kimseheon/px4_ros_com_ros2/install/px4_ros_com/lib/px4_ros_com/vehicle_gps_position_listener
[8.633s] -- Up-to-date symlink: /home/kimseheon/px4_ros_com_ros2/install/px4_ros_com/lib/px4_ros_com/debug_vect_advertiser
[8.634s] -- Up-to-date symlink: /home/kimseheon/px4_ros_com_ros2/install/px4_ros_com/lib/px4_ros_com/offboard_control
[8.635s] -- Up-to-date symlink: /home/kimseheon/px4_ros_com_ros2/install/px4_ros_com/lib/px4_ros_com/offboard_try1
[8.635s] -- Up-to-date symlink: /home/kimseheon/px4_ros_com_ros2/install/px4_ros_com/lib/px4_ros_com/offboard_try2
[8.636s] -- Up-to-date symlink: /home/kimseheon/px4_ros_com_ros2/install/px4_ros_com/lib/px4_ros_com/offboard_try3
[8.636s] -- Up-to-date symlink: /home/kimseheon/px4_ros_com_ros2/install/px4_ros_com/share/px4_ros_com/environment/library_path.sh
[8.637s] -- Up-to-date symlink: /home/kimseheon/px4_ros_com_ros2/install/px4_ros_com/share/px4_ros_com/environment/library_path.dsv
[8.637s] -- Up-to-date symlink: /home/kimseheon/px4_ros_com_ros2/install/px4_ros_com/include/px4_ros_com/frame_transforms.h
[8.638s] -- Up-to-date symlink: /home/kimseheon/px4_ros_com_ros2/install/px4_ros_com/share/px4_ros_com/cmake/EnableC++XX.cmake
[8.638s] -- Up-to-date symlink: /home/kimseheon/px4_ros_com_ros2/install/px4_ros_com/share/px4_ros_com/cmake/EnableSanitizers.cmake
[8.638s] -- Up-to-date symlink: /home/kimseheon/px4_ros_com_ros2/install/px4_ros_com/share/px4_ros_com/cmake/GenerateMicroRTPSAgent.cmake
[8.639s] -- Up-to-date symlink: /home/kimseheon/px4_ros_com_ros2/install/px4_ros_com/share/px4_ros_com/launch/sensor_combined_listener.launch.py
[8.640s] -- Up-to-date symlink: /home/kimseheon/px4_ros_com_ros2/install/px4_ros_com/share/px4_ros_com/test/__init__.py
[8.640s] -- Up-to-date symlink: /home/kimseheon/px4_ros_com_ros2/install/px4_ros_com/share/px4_ros_com/test/pipeline_io_test.py
[8.640s] -- Up-to-date symlink: /home/kimseheon/px4_ros_com_ros2/install/px4_ros_com/share/px4_ros_com/test/test_input.py
[8.640s] -- Up-to-date symlink: /home/kimseheon/px4_ros_com_ros2/install/px4_ros_com/share/px4_ros_com/test/test_output.py
[8.641s] -- Up-to-date symlink: /home/kimseheon/px4_ros_com_ros2/install/px4_ros_com/share/ament_index/resource_index/package_run_dependencies/px4_ros_com
[8.641s] -- Up-to-date symlink: /home/kimseheon/px4_ros_com_ros2/install/px4_ros_com/share/ament_index/resource_index/parent_prefix_path/px4_ros_com
[8.642s] -- Up-to-date symlink: /home/kimseheon/px4_ros_com_ros2/install/px4_ros_com/share/px4_ros_com/environment/ament_prefix_path.sh
[8.642s] -- Up-to-date symlink: /home/kimseheon/px4_ros_com_ros2/install/px4_ros_com/share/px4_ros_com/environment/ament_prefix_path.dsv
[8.643s] -- Up-to-date symlink: /home/kimseheon/px4_ros_com_ros2/install/px4_ros_com/share/px4_ros_com/environment/path.sh
[8.643s] -- Up-to-date symlink: /home/kimseheon/px4_ros_com_ros2/install/px4_ros_com/share/px4_ros_com/environment/path.dsv
[8.643s] -- Up-to-date symlink: /home/kimseheon/px4_ros_com_ros2/install/px4_ros_com/share/px4_ros_com/local_setup.bash
[8.644s] -- Up-to-date symlink: /home/kimseheon/px4_ros_com_ros2/install/px4_ros_com/share/px4_ros_com/local_setup.sh
[8.644s] -- Up-to-date symlink: /home/kimseheon/px4_ros_com_ros2/install/px4_ros_com/share/px4_ros_com/local_setup.zsh
[8.644s] -- Up-to-date symlink: /home/kimseheon/px4_ros_com_ros2/install/px4_ros_com/share/px4_ros_com/local_setup.dsv
[8.645s] -- Symlinking: /home/kimseheon/px4_ros_com_ros2/install/px4_ros_com/share/px4_ros_com/package.dsv
[8.650s] -- Up-to-date symlink: /home/kimseheon/px4_ros_com_ros2/install/px4_ros_com/share/ament_index/resource_index/packages/px4_ros_com
[8.650s] -- Up-to-date symlink: /home/kimseheon/px4_ros_com_ros2/install/px4_ros_com/share/px4_ros_com/cmake/ament_cmake_export_dependencies-extras.cmake
[8.650s] -- Up-to-date symlink: /home/kimseheon/px4_ros_com_ros2/install/px4_ros_com/share/px4_ros_com/cmake/ament_cmake_export_targets-extras.cmake
[8.651s] -- Up-to-date symlink: /home/kimseheon/px4_ros_com_ros2/install/px4_ros_com/share/px4_ros_com/cmake/ament_cmake_export_include_directories-extras.cmake
[8.651s] -- Up-to-date symlink: /home/kimseheon/px4_ros_com_ros2/install/px4_ros_com/share/px4_ros_com/cmake/ament_cmake_export_libraries-extras.cmake
[8.651s] -- Up-to-date symlink: /home/kimseheon/px4_ros_com_ros2/install/px4_ros_com/share/px4_ros_com/cmake/px4_ros_comConfig.cmake
[8.652s] -- Up-to-date symlink: /home/kimseheon/px4_ros_com_ros2/install/px4_ros_com/share/px4_ros_com/cmake/px4_ros_comConfig-version.cmake
[8.652s] -- Up-to-date symlink: /home/kimseheon/px4_ros_com_ros2/install/px4_ros_com/share/px4_ros_com/package.xml
[8.652s] -- Up-to-date: /home/kimseheon/px4_ros_com_ros2/install/px4_ros_com/lib/libframe_transforms.so
[8.653s] -- Up-to-date: /home/kimseheon/px4_ros_com_ros2/install/px4_ros_com/bin/micrortps_agent
[8.653s] -- Up-to-date: /home/kimseheon/px4_ros_com_ros2/install/px4_ros_com/share/px4_ros_com/cmake/export_frame_transformsExport.cmake
[8.653s] -- Installing: /home/kimseheon/px4_ros_com_ros2/install/px4_ros_com/share/px4_ros_com/cmake/export_frame_transformsExport-noconfig.cmake
[8.663s] Invoked command in '/home/kimseheon/px4_ros_com_ros2/build/px4_ros_com' returned '0': CMAKE_PREFIX_PATH=/home/kimseheon/px4_ros_com_ros2/install/px4_msgs:/home/kimseheon/px4_ros_com_ros2/install/px4_ros_com:/opt/ros/foxy:/home/kimseheon/catkin_ws/devel:/opt/ros/noetic LD_LIBRARY_PATH=/home/kimseheon/px4_ros_com_ros2/install/px4_msgs/lib:/usr/lib/x86_64-linux-gnu/gazebo-11/plugins:/opt/ros/foxy/opt/yaml_cpp_vendor/lib:/opt/ros/foxy/opt/rviz_ogre_vendor/lib:/opt/ros/foxy/lib/x86_64-linux-gnu:/opt/ros/foxy/lib:/home/kimseheon/px4_ros_com_ros2/install/px4_ros_com/lib:/home/kimseheon/catkin_ws/devel/lib:/opt/ros/noetic/lib PYTHONPATH=/home/kimseheon/px4_ros_com_ros2/install/px4_msgs/lib/python3.8/site-packages:/opt/ros/foxy/lib/python3.8/site-packages:/opt/ros/noetic/lib/python3/dist-packages _=/usr/bin/env /usr/local/bin/cmake --install /home/kimseheon/px4_ros_com_ros2/build/px4_ros_com
