[0.013s] Invoking command in '/home/kimseheon/px4_ros_com_ros2-a/build/px4_ros_com': CMAKE_PREFIX_PATH=/home/kimseheon/px4_ros_com_ros2-a/install/px4_msgs:/home/kimseheon/px4_ros_com_ros2-a/install/px4_ros_com:/home/kimseheon/px4_ros_com_ros2/install/px4_ros_com:/home/kimseheon/px4_ros_com_ros2/install/px4_msgs:/opt/ros/foxy LD_LIBRARY_PATH=/home/kimseheon/px4_ros_com_ros2-a/install/px4_msgs/lib:/home/kimseheon/px4_ros_com_ros2-a/install/px4_ros_com/lib:/home/kimseheon/px4_ros_com_ros2/install/px4_ros_com/lib:/home/kimseheon/px4_ros_com_ros2/install/px4_msgs/lib:/usr/lib/x86_64-linux-gnu/gazebo-11/plugins:/opt/ros/foxy/opt/yaml_cpp_vendor/lib:/opt/ros/foxy/opt/rviz_ogre_vendor/lib:/opt/ros/foxy/lib/x86_64-linux-gnu:/opt/ros/foxy/lib _=/usr/bin/env /usr/local/bin/cmake --build /home/kimseheon/px4_ros_com_ros2-a/build/px4_ros_com -- -j8 -l8
[0.028s] -- Using C++17 compiler
[0.028s] -- Found ament_cmake: 0.9.12 (/opt/ros/foxy/share/ament_cmake/cmake)
[0.045s] -- Using PYTHON_EXECUTABLE: /usr/bin/python3
[0.163s] -- Override CMake install command with custom implementation using symlinks instead of copying resources
[0.168s] -- Found builtin_interfaces: 1.0.0 (/opt/ros/foxy/share/builtin_interfaces/cmake)
[0.183s] -- Using all available rosidl_typesupport_c: rosidl_typesupport_fastrtps_c;rosidl_typesupport_introspection_c
[0.185s] -- Found rosidl_adapter: 1.3.1 (/opt/ros/foxy/share/rosidl_adapter/cmake)
[0.275s] -- Using all available rosidl_typesupport_cpp: rosidl_typesupport_fastrtps_cpp;rosidl_typesupport_introspection_cpp
[0.314s] -- Found rclcpp: 2.4.3 (/opt/ros/foxy/share/rclcpp/cmake)
[0.346s] -- Found rmw_implementation_cmake: 1.0.4 (/opt/ros/foxy/share/rmw_implementation_cmake/cmake)
[0.347s] -- Using RMW implementation 'rmw_fastrtps_cpp' as default
[0.479s] -- Found rmw_fastrtps_cpp: 1.3.2 (/opt/ros/foxy/share/rmw_fastrtps_cpp/cmake)
[0.558s] -- Found px4_msgs: 2.0.1 (/home/kimseheon/px4_ros_com_ros2-a/install/px4_msgs/share/px4_msgs/cmake)
[0.569s] -- Found sensor_msgs: 2.0.5 (/opt/ros/foxy/share/sensor_msgs/cmake)
[0.668s] -- Found eigen3_cmake_module: 0.1.1 (/opt/ros/foxy/share/eigen3_cmake_module/cmake)
[0.669s] -- fastrtpsgen found in /usr/local/bin
[0.738s] -- fastrtpsgen version 1.0.4
[0.738s] -- px4_msgs message dir under /home/kimseheon/px4_ros_com_ros2-a/install/px4_msgs/share/px4_msgs/msg
[0.738s] -- IDL definitions under /home/kimseheon/px4_ros_com_ros2-a/install/px4_msgs/share/px4_msgs/msg
[0.739s] -- Retrieving list of msgs to send...
[0.778s] -- List of msgs to send: DebugArray, DebugKeyValue, DebugValue, DebugVect, OffboardControlMode, OnboardComputerStatus, OpticalFlow, PositionSetpoint, PositionSetpointTriplet, TelemetryStatus, Timesync, TrajectoryBezier, VehicleCommand, VehicleLocalPositionSetpoint, VehicleTrajectoryBezier, VehicleTrajectoryWaypoint, TrajectorySetpoint, VehicleMocapOdometry, VehicleVisualOdometry
[0.778s] -- Retrieving list of msgs to receive...
[0.817s] -- List of msgs to receive: CollisionConstraints, SensorCombined, Timesync, TimesyncStatus, TrajectoryWaypoint, VehicleControlMode, VehicleOdometry, VehicleStatus
[0.880s] -- Configuring done
[0.938s] -- Generating done
[0.940s] -- Build files have been written to: /home/kimseheon/px4_ros_com_ros2-a/build/px4_ros_com
[0.961s] [  3%] Built target offboard_control
[0.961s] [  3%] Built target debug_vect_advertiser
[0.962s] [  5%] Built target third_offboard
[0.964s] [  7%] Built target vehicle_gps_position_listener
[0.965s] [  9%] Built target frame_transforms
[0.965s] [ 11%] Built target sensor_combined_listener
[0.967s] [ 13%] Built target second_offboard
[0.973s] [ 15%] Built target first_offboard
[0.974s] [ 17%] Built target fourth_offboard
[0.998s] [100%] Built target micrortps_agent
[1.002s] Invoked command in '/home/kimseheon/px4_ros_com_ros2-a/build/px4_ros_com' returned '0': CMAKE_PREFIX_PATH=/home/kimseheon/px4_ros_com_ros2-a/install/px4_msgs:/home/kimseheon/px4_ros_com_ros2-a/install/px4_ros_com:/home/kimseheon/px4_ros_com_ros2/install/px4_ros_com:/home/kimseheon/px4_ros_com_ros2/install/px4_msgs:/opt/ros/foxy LD_LIBRARY_PATH=/home/kimseheon/px4_ros_com_ros2-a/install/px4_msgs/lib:/home/kimseheon/px4_ros_com_ros2-a/install/px4_ros_com/lib:/home/kimseheon/px4_ros_com_ros2/install/px4_ros_com/lib:/home/kimseheon/px4_ros_com_ros2/install/px4_msgs/lib:/usr/lib/x86_64-linux-gnu/gazebo-11/plugins:/opt/ros/foxy/opt/yaml_cpp_vendor/lib:/opt/ros/foxy/opt/rviz_ogre_vendor/lib:/opt/ros/foxy/lib/x86_64-linux-gnu:/opt/ros/foxy/lib _=/usr/bin/env /usr/local/bin/cmake --build /home/kimseheon/px4_ros_com_ros2-a/build/px4_ros_com -- -j8 -l8
[1.228s] Invoking command in '/home/kimseheon/px4_ros_com_ros2-a/build/px4_ros_com': CMAKE_PREFIX_PATH=/home/kimseheon/px4_ros_com_ros2-a/install/px4_msgs:/home/kimseheon/px4_ros_com_ros2-a/install/px4_ros_com:/home/kimseheon/px4_ros_com_ros2/install/px4_ros_com:/home/kimseheon/px4_ros_com_ros2/install/px4_msgs:/opt/ros/foxy LD_LIBRARY_PATH=/home/kimseheon/px4_ros_com_ros2-a/install/px4_msgs/lib:/home/kimseheon/px4_ros_com_ros2-a/install/px4_ros_com/lib:/home/kimseheon/px4_ros_com_ros2/install/px4_ros_com/lib:/home/kimseheon/px4_ros_com_ros2/install/px4_msgs/lib:/usr/lib/x86_64-linux-gnu/gazebo-11/plugins:/opt/ros/foxy/opt/yaml_cpp_vendor/lib:/opt/ros/foxy/opt/rviz_ogre_vendor/lib:/opt/ros/foxy/lib/x86_64-linux-gnu:/opt/ros/foxy/lib _=/usr/bin/env /usr/local/bin/cmake --install /home/kimseheon/px4_ros_com_ros2-a/build/px4_ros_com
[1.231s] -- Install configuration: ""
[1.231s] -- Execute custom install script
[1.232s] -- Up-to-date symlink: /home/kimseheon/px4_ros_com_ros2-a/install/px4_ros_com/lib/px4_ros_com/sensor_combined_listener
[1.232s] -- Up-to-date symlink: /home/kimseheon/px4_ros_com_ros2-a/install/px4_ros_com/lib/px4_ros_com/vehicle_gps_position_listener
[1.232s] -- Up-to-date symlink: /home/kimseheon/px4_ros_com_ros2-a/install/px4_ros_com/lib/px4_ros_com/debug_vect_advertiser
[1.233s] -- Up-to-date symlink: /home/kimseheon/px4_ros_com_ros2-a/install/px4_ros_com/lib/px4_ros_com/offboard_control
[1.233s] -- Up-to-date symlink: /home/kimseheon/px4_ros_com_ros2-a/install/px4_ros_com/lib/px4_ros_com/first_offboard
[1.233s] -- Up-to-date symlink: /home/kimseheon/px4_ros_com_ros2-a/install/px4_ros_com/lib/px4_ros_com/second_offboard
[1.234s] -- Up-to-date symlink: /home/kimseheon/px4_ros_com_ros2-a/install/px4_ros_com/lib/px4_ros_com/third_offboard
[1.234s] -- Up-to-date symlink: /home/kimseheon/px4_ros_com_ros2-a/install/px4_ros_com/lib/px4_ros_com/fourth_offboard
[1.234s] -- Up-to-date symlink: /home/kimseheon/px4_ros_com_ros2-a/install/px4_ros_com/share/px4_ros_com/environment/library_path.sh
[1.234s] -- Up-to-date symlink: /home/kimseheon/px4_ros_com_ros2-a/install/px4_ros_com/share/px4_ros_com/environment/library_path.dsv
[1.235s] -- Up-to-date symlink: /home/kimseheon/px4_ros_com_ros2-a/install/px4_ros_com/include/px4_ros_com/frame_transforms.h
[1.235s] -- Up-to-date symlink: /home/kimseheon/px4_ros_com_ros2-a/install/px4_ros_com/share/px4_ros_com/cmake/EnableC++XX.cmake
[1.235s] -- Up-to-date symlink: /home/kimseheon/px4_ros_com_ros2-a/install/px4_ros_com/share/px4_ros_com/cmake/EnableSanitizers.cmake
[1.235s] -- Up-to-date symlink: /home/kimseheon/px4_ros_com_ros2-a/install/px4_ros_com/share/px4_ros_com/cmake/GenerateMicroRTPSAgent.cmake
[1.236s] -- Symlinking: /home/kimseheon/px4_ros_com_ros2-a/install/px4_ros_com/share/px4_ros_com/launch/custom_offboard.launch.py
[1.238s] -- Up-to-date symlink: /home/kimseheon/px4_ros_com_ros2-a/install/px4_ros_com/share/px4_ros_com/launch/sensor_combined_listener.launch.py
[1.239s] -- Symlinking: /home/kimseheon/px4_ros_com_ros2-a/install/px4_ros_com/share/custom_offboard/launch/custom_offboard.launch.py
[1.241s] -- Up-to-date symlink: /home/kimseheon/px4_ros_com_ros2-a/install/px4_ros_com/share/custom_offboard/launch/sensor_combined_listener.launch.py
[1.241s] -- Up-to-date symlink: /home/kimseheon/px4_ros_com_ros2-a/install/px4_ros_com/share/px4_ros_com/test/__init__.py
[1.241s] -- Up-to-date symlink: /home/kimseheon/px4_ros_com_ros2-a/install/px4_ros_com/share/px4_ros_com/test/pipeline_io_test.py
[1.241s] -- Up-to-date symlink: /home/kimseheon/px4_ros_com_ros2-a/install/px4_ros_com/share/px4_ros_com/test/test_input.py
[1.242s] -- Up-to-date symlink: /home/kimseheon/px4_ros_com_ros2-a/install/px4_ros_com/share/px4_ros_com/test/test_output.py
[1.242s] -- Up-to-date symlink: /home/kimseheon/px4_ros_com_ros2-a/install/px4_ros_com/share/ament_index/resource_index/package_run_dependencies/px4_ros_com
[1.242s] -- Up-to-date symlink: /home/kimseheon/px4_ros_com_ros2-a/install/px4_ros_com/share/ament_index/resource_index/parent_prefix_path/px4_ros_com
[1.242s] -- Up-to-date symlink: /home/kimseheon/px4_ros_com_ros2-a/install/px4_ros_com/share/px4_ros_com/environment/ament_prefix_path.sh
[1.243s] -- Up-to-date symlink: /home/kimseheon/px4_ros_com_ros2-a/install/px4_ros_com/share/px4_ros_com/environment/ament_prefix_path.dsv
[1.243s] -- Up-to-date symlink: /home/kimseheon/px4_ros_com_ros2-a/install/px4_ros_com/share/px4_ros_com/environment/path.sh
[1.243s] -- Up-to-date symlink: /home/kimseheon/px4_ros_com_ros2-a/install/px4_ros_com/share/px4_ros_com/environment/path.dsv
[1.243s] -- Up-to-date symlink: /home/kimseheon/px4_ros_com_ros2-a/install/px4_ros_com/share/px4_ros_com/local_setup.bash
[1.243s] -- Up-to-date symlink: /home/kimseheon/px4_ros_com_ros2-a/install/px4_ros_com/share/px4_ros_com/local_setup.sh
[1.244s] -- Up-to-date symlink: /home/kimseheon/px4_ros_com_ros2-a/install/px4_ros_com/share/px4_ros_com/local_setup.zsh
[1.244s] -- Up-to-date symlink: /home/kimseheon/px4_ros_com_ros2-a/install/px4_ros_com/share/px4_ros_com/local_setup.dsv
[1.244s] -- Symlinking: /home/kimseheon/px4_ros_com_ros2-a/install/px4_ros_com/share/px4_ros_com/package.dsv
[1.246s] -- Up-to-date symlink: /home/kimseheon/px4_ros_com_ros2-a/install/px4_ros_com/share/ament_index/resource_index/packages/px4_ros_com
[1.246s] -- Up-to-date symlink: /home/kimseheon/px4_ros_com_ros2-a/install/px4_ros_com/share/px4_ros_com/cmake/ament_cmake_export_dependencies-extras.cmake
[1.247s] -- Up-to-date symlink: /home/kimseheon/px4_ros_com_ros2-a/install/px4_ros_com/share/px4_ros_com/cmake/ament_cmake_export_targets-extras.cmake
[1.247s] -- Up-to-date symlink: /home/kimseheon/px4_ros_com_ros2-a/install/px4_ros_com/share/px4_ros_com/cmake/ament_cmake_export_include_directories-extras.cmake
[1.247s] -- Up-to-date symlink: /home/kimseheon/px4_ros_com_ros2-a/install/px4_ros_com/share/px4_ros_com/cmake/ament_cmake_export_libraries-extras.cmake
[1.247s] -- Up-to-date symlink: /home/kimseheon/px4_ros_com_ros2-a/install/px4_ros_com/share/px4_ros_com/cmake/px4_ros_comConfig.cmake
[1.247s] -- Up-to-date symlink: /home/kimseheon/px4_ros_com_ros2-a/install/px4_ros_com/share/px4_ros_com/cmake/px4_ros_comConfig-version.cmake
[1.248s] -- Up-to-date symlink: /home/kimseheon/px4_ros_com_ros2-a/install/px4_ros_com/share/px4_ros_com/package.xml
[1.248s] -- Up-to-date: /home/kimseheon/px4_ros_com_ros2-a/install/px4_ros_com/lib/libframe_transforms.so
[1.248s] -- Up-to-date: /home/kimseheon/px4_ros_com_ros2-a/install/px4_ros_com/bin/micrortps_agent
[1.248s] -- Up-to-date: /home/kimseheon/px4_ros_com_ros2-a/install/px4_ros_com/share/px4_ros_com/cmake/export_frame_transformsExport.cmake
[1.248s] -- Installing: /home/kimseheon/px4_ros_com_ros2-a/install/px4_ros_com/share/px4_ros_com/cmake/export_frame_transformsExport-noconfig.cmake
[1.254s] Invoked command in '/home/kimseheon/px4_ros_com_ros2-a/build/px4_ros_com' returned '0': CMAKE_PREFIX_PATH=/home/kimseheon/px4_ros_com_ros2-a/install/px4_msgs:/home/kimseheon/px4_ros_com_ros2-a/install/px4_ros_com:/home/kimseheon/px4_ros_com_ros2/install/px4_ros_com:/home/kimseheon/px4_ros_com_ros2/install/px4_msgs:/opt/ros/foxy LD_LIBRARY_PATH=/home/kimseheon/px4_ros_com_ros2-a/install/px4_msgs/lib:/home/kimseheon/px4_ros_com_ros2-a/install/px4_ros_com/lib:/home/kimseheon/px4_ros_com_ros2/install/px4_ros_com/lib:/home/kimseheon/px4_ros_com_ros2/install/px4_msgs/lib:/usr/lib/x86_64-linux-gnu/gazebo-11/plugins:/opt/ros/foxy/opt/yaml_cpp_vendor/lib:/opt/ros/foxy/opt/rviz_ogre_vendor/lib:/opt/ros/foxy/lib/x86_64-linux-gnu:/opt/ros/foxy/lib _=/usr/bin/env /usr/local/bin/cmake --install /home/kimseheon/px4_ros_com_ros2-a/build/px4_ros_com
