[0.020s] Invoking command in '/home/kimseheon/px4_ros_com_ros2-a/build/px4_ros_com': CMAKE_PREFIX_PATH=/home/kimseheon/px4_ros_com_ros2-a/install/px4_msgs:/home/kimseheon/px4_ros_com_ros2-a/install/px4_ros_com:/home/kimseheon/px4_ros_com_ros2/install/px4_ros_com:/home/kimseheon/px4_ros_com_ros2/install/px4_msgs:/opt/ros/foxy LD_LIBRARY_PATH=/home/kimseheon/px4_ros_com_ros2-a/install/px4_msgs/lib:/home/kimseheon/px4_ros_com_ros2-a/install/px4_ros_com/lib:/home/kimseheon/px4_ros_com_ros2/install/px4_ros_com/lib:/home/kimseheon/px4_ros_com_ros2/install/px4_msgs/lib:/usr/lib/x86_64-linux-gnu/gazebo-11/plugins:/opt/ros/foxy/opt/yaml_cpp_vendor/lib:/opt/ros/foxy/opt/rviz_ogre_vendor/lib:/opt/ros/foxy/lib/x86_64-linux-gnu:/opt/ros/foxy/lib _=/usr/bin/env /usr/local/bin/cmake --build /home/kimseheon/px4_ros_com_ros2-a/build/px4_ros_com -- -j8 -l8
[0.049s] -- Using C++17 compiler
[0.049s] -- Found ament_cmake: 0.9.12 (/opt/ros/foxy/share/ament_cmake/cmake)
[0.084s] -- Using PYTHON_EXECUTABLE: /usr/bin/python3
[0.246s] -- Override CMake install command with custom implementation using symlinks instead of copying resources
[0.252s] -- Found builtin_interfaces: 1.0.0 (/opt/ros/foxy/share/builtin_interfaces/cmake)
[0.275s] -- Using all available rosidl_typesupport_c: rosidl_typesupport_fastrtps_c;rosidl_typesupport_introspection_c
[0.280s] -- Found rosidl_adapter: 1.3.1 (/opt/ros/foxy/share/rosidl_adapter/cmake)
[0.405s] -- Using all available rosidl_typesupport_cpp: rosidl_typesupport_fastrtps_cpp;rosidl_typesupport_introspection_cpp
[0.444s] -- Found rclcpp: 2.4.3 (/opt/ros/foxy/share/rclcpp/cmake)
[0.477s] -- Found rmw_implementation_cmake: 1.0.4 (/opt/ros/foxy/share/rmw_implementation_cmake/cmake)
[0.478s] -- Using RMW implementation 'rmw_fastrtps_cpp' as default
[0.606s] -- Found rmw_fastrtps_cpp: 1.3.2 (/opt/ros/foxy/share/rmw_fastrtps_cpp/cmake)
[0.707s] -- Found px4_msgs: 2.0.1 (/home/kimseheon/px4_ros_com_ros2-a/install/px4_msgs/share/px4_msgs/cmake)
[0.720s] -- Found sensor_msgs: 2.0.5 (/opt/ros/foxy/share/sensor_msgs/cmake)
[0.841s] -- Found eigen3_cmake_module: 0.1.1 (/opt/ros/foxy/share/eigen3_cmake_module/cmake)
[0.842s] -- fastrtpsgen found in /usr/local/bin
[0.951s] -- fastrtpsgen version 1.0.4
[0.951s] -- px4_msgs message dir under /home/kimseheon/px4_ros_com_ros2-a/install/px4_msgs/share/px4_msgs/msg
[0.951s] -- IDL definitions under /home/kimseheon/px4_ros_com_ros2-a/install/px4_msgs/share/px4_msgs/msg
[0.951s] -- Retrieving list of msgs to send...
[1.003s] -- List of msgs to send: DebugArray, DebugKeyValue, DebugValue, DebugVect, OffboardControlMode, OnboardComputerStatus, OpticalFlow, PositionSetpoint, PositionSetpointTriplet, TelemetryStatus, Timesync, TrajectoryBezier, VehicleCommand, VehicleLocalPositionSetpoint, VehicleTrajectoryBezier, VehicleTrajectoryWaypoint, TrajectorySetpoint, VehicleMocapOdometry, VehicleVisualOdometry
[1.003s] -- Retrieving list of msgs to receive...
[1.069s] -- List of msgs to receive: CollisionConstraints, SensorCombined, Timesync, TimesyncStatus, TrajectoryWaypoint, VehicleControlMode, VehicleOdometry, VehicleStatus
[1.167s] -- Configuring done
[1.254s] -- Generating done
[1.256s] -- Build files have been written to: /home/kimseheon/px4_ros_com_ros2-a/build/px4_ros_com
[1.278s] [35m[1mScanning dependencies of target second_offboard[0m
[1.282s] [  2%] Built target sensor_combined_listener
[1.282s] [  4%] Built target offboard_control
[1.282s] [  6%] Built target vehicle_gps_position_listener
[1.283s] [  9%] Built target frame_transforms
[1.283s] [ 10%] Built target debug_vect_advertiser
[1.291s] [ 11%] [32mBuilding CXX object CMakeFiles/second_offboard.dir/src/examples/second_offboard/second_offboard.cpp.o[0m
[1.325s] [ 99%] Built target micrortps_agent
[8.008s] [100%] [32m[1mLinking CXX executable second_offboard[0m
[8.300s] [100%] Built target second_offboard
[8.310s] Invoked command in '/home/kimseheon/px4_ros_com_ros2-a/build/px4_ros_com' returned '0': CMAKE_PREFIX_PATH=/home/kimseheon/px4_ros_com_ros2-a/install/px4_msgs:/home/kimseheon/px4_ros_com_ros2-a/install/px4_ros_com:/home/kimseheon/px4_ros_com_ros2/install/px4_ros_com:/home/kimseheon/px4_ros_com_ros2/install/px4_msgs:/opt/ros/foxy LD_LIBRARY_PATH=/home/kimseheon/px4_ros_com_ros2-a/install/px4_msgs/lib:/home/kimseheon/px4_ros_com_ros2-a/install/px4_ros_com/lib:/home/kimseheon/px4_ros_com_ros2/install/px4_ros_com/lib:/home/kimseheon/px4_ros_com_ros2/install/px4_msgs/lib:/usr/lib/x86_64-linux-gnu/gazebo-11/plugins:/opt/ros/foxy/opt/yaml_cpp_vendor/lib:/opt/ros/foxy/opt/rviz_ogre_vendor/lib:/opt/ros/foxy/lib/x86_64-linux-gnu:/opt/ros/foxy/lib _=/usr/bin/env /usr/local/bin/cmake --build /home/kimseheon/px4_ros_com_ros2-a/build/px4_ros_com -- -j8 -l8
[8.661s] Invoking command in '/home/kimseheon/px4_ros_com_ros2-a/build/px4_ros_com': CMAKE_PREFIX_PATH=/home/kimseheon/px4_ros_com_ros2-a/install/px4_msgs:/home/kimseheon/px4_ros_com_ros2-a/install/px4_ros_com:/home/kimseheon/px4_ros_com_ros2/install/px4_ros_com:/home/kimseheon/px4_ros_com_ros2/install/px4_msgs:/opt/ros/foxy LD_LIBRARY_PATH=/home/kimseheon/px4_ros_com_ros2-a/install/px4_msgs/lib:/home/kimseheon/px4_ros_com_ros2-a/install/px4_ros_com/lib:/home/kimseheon/px4_ros_com_ros2/install/px4_ros_com/lib:/home/kimseheon/px4_ros_com_ros2/install/px4_msgs/lib:/usr/lib/x86_64-linux-gnu/gazebo-11/plugins:/opt/ros/foxy/opt/yaml_cpp_vendor/lib:/opt/ros/foxy/opt/rviz_ogre_vendor/lib:/opt/ros/foxy/lib/x86_64-linux-gnu:/opt/ros/foxy/lib _=/usr/bin/env /usr/local/bin/cmake --install /home/kimseheon/px4_ros_com_ros2-a/build/px4_ros_com
[8.665s] -- Install configuration: ""
[8.665s] -- Execute custom install script
[8.665s] -- Up-to-date symlink: /home/kimseheon/px4_ros_com_ros2-a/install/px4_ros_com/lib/px4_ros_com/sensor_combined_listener
[8.666s] -- Up-to-date symlink: /home/kimseheon/px4_ros_com_ros2-a/install/px4_ros_com/lib/px4_ros_com/vehicle_gps_position_listener
[8.666s] -- Up-to-date symlink: /home/kimseheon/px4_ros_com_ros2-a/install/px4_ros_com/lib/px4_ros_com/debug_vect_advertiser
[8.667s] -- Up-to-date symlink: /home/kimseheon/px4_ros_com_ros2-a/install/px4_ros_com/lib/px4_ros_com/offboard_control
[8.667s] -- Up-to-date symlink: /home/kimseheon/px4_ros_com_ros2-a/install/px4_ros_com/lib/px4_ros_com/second_offboard
[8.667s] -- Up-to-date symlink: /home/kimseheon/px4_ros_com_ros2-a/install/px4_ros_com/share/px4_ros_com/environment/library_path.sh
[8.668s] -- Up-to-date symlink: /home/kimseheon/px4_ros_com_ros2-a/install/px4_ros_com/share/px4_ros_com/environment/library_path.dsv
[8.668s] -- Up-to-date symlink: /home/kimseheon/px4_ros_com_ros2-a/install/px4_ros_com/include/px4_ros_com/frame_transforms.h
[8.669s] -- Up-to-date symlink: /home/kimseheon/px4_ros_com_ros2-a/install/px4_ros_com/share/px4_ros_com/cmake/EnableC++XX.cmake
[8.669s] -- Up-to-date symlink: /home/kimseheon/px4_ros_com_ros2-a/install/px4_ros_com/share/px4_ros_com/cmake/EnableSanitizers.cmake
[8.669s] -- Up-to-date symlink: /home/kimseheon/px4_ros_com_ros2-a/install/px4_ros_com/share/px4_ros_com/cmake/GenerateMicroRTPSAgent.cmake
[8.669s] -- Up-to-date symlink: /home/kimseheon/px4_ros_com_ros2-a/install/px4_ros_com/share/px4_ros_com/launch/sensor_combined_listener.launch.py
[8.670s] -- Up-to-date symlink: /home/kimseheon/px4_ros_com_ros2-a/install/px4_ros_com/share/px4_ros_com/test/__init__.py
[8.670s] -- Up-to-date symlink: /home/kimseheon/px4_ros_com_ros2-a/install/px4_ros_com/share/px4_ros_com/test/pipeline_io_test.py
[8.670s] -- Up-to-date symlink: /home/kimseheon/px4_ros_com_ros2-a/install/px4_ros_com/share/px4_ros_com/test/test_input.py
[8.670s] -- Up-to-date symlink: /home/kimseheon/px4_ros_com_ros2-a/install/px4_ros_com/share/px4_ros_com/test/test_output.py
[8.670s] -- Up-to-date symlink: /home/kimseheon/px4_ros_com_ros2-a/install/px4_ros_com/share/ament_index/resource_index/package_run_dependencies/px4_ros_com
[8.670s] -- Up-to-date symlink: /home/kimseheon/px4_ros_com_ros2-a/install/px4_ros_com/share/ament_index/resource_index/parent_prefix_path/px4_ros_com
[8.671s] -- Up-to-date symlink: /home/kimseheon/px4_ros_com_ros2-a/install/px4_ros_com/share/px4_ros_com/environment/ament_prefix_path.sh
[8.671s] -- Up-to-date symlink: /home/kimseheon/px4_ros_com_ros2-a/install/px4_ros_com/share/px4_ros_com/environment/ament_prefix_path.dsv
[8.671s] -- Up-to-date symlink: /home/kimseheon/px4_ros_com_ros2-a/install/px4_ros_com/share/px4_ros_com/environment/path.sh
[8.671s] -- Up-to-date symlink: /home/kimseheon/px4_ros_com_ros2-a/install/px4_ros_com/share/px4_ros_com/environment/path.dsv
[8.671s] -- Up-to-date symlink: /home/kimseheon/px4_ros_com_ros2-a/install/px4_ros_com/share/px4_ros_com/local_setup.bash
[8.672s] -- Up-to-date symlink: /home/kimseheon/px4_ros_com_ros2-a/install/px4_ros_com/share/px4_ros_com/local_setup.sh
[8.672s] -- Up-to-date symlink: /home/kimseheon/px4_ros_com_ros2-a/install/px4_ros_com/share/px4_ros_com/local_setup.zsh
[8.672s] -- Up-to-date symlink: /home/kimseheon/px4_ros_com_ros2-a/install/px4_ros_com/share/px4_ros_com/local_setup.dsv
[8.672s] -- Symlinking: /home/kimseheon/px4_ros_com_ros2-a/install/px4_ros_com/share/px4_ros_com/package.dsv
[8.675s] -- Up-to-date symlink: /home/kimseheon/px4_ros_com_ros2-a/install/px4_ros_com/share/ament_index/resource_index/packages/px4_ros_com
[8.675s] -- Up-to-date symlink: /home/kimseheon/px4_ros_com_ros2-a/install/px4_ros_com/share/px4_ros_com/cmake/ament_cmake_export_dependencies-extras.cmake
[8.675s] -- Up-to-date symlink: /home/kimseheon/px4_ros_com_ros2-a/install/px4_ros_com/share/px4_ros_com/cmake/ament_cmake_export_targets-extras.cmake
[8.676s] -- Up-to-date symlink: /home/kimseheon/px4_ros_com_ros2-a/install/px4_ros_com/share/px4_ros_com/cmake/ament_cmake_export_include_directories-extras.cmake
[8.676s] -- Up-to-date symlink: /home/kimseheon/px4_ros_com_ros2-a/install/px4_ros_com/share/px4_ros_com/cmake/ament_cmake_export_libraries-extras.cmake
[8.676s] -- Up-to-date symlink: /home/kimseheon/px4_ros_com_ros2-a/install/px4_ros_com/share/px4_ros_com/cmake/px4_ros_comConfig.cmake
[8.676s] -- Up-to-date symlink: /home/kimseheon/px4_ros_com_ros2-a/install/px4_ros_com/share/px4_ros_com/cmake/px4_ros_comConfig-version.cmake
[8.676s] -- Up-to-date symlink: /home/kimseheon/px4_ros_com_ros2-a/install/px4_ros_com/share/px4_ros_com/package.xml
[8.676s] -- Up-to-date: /home/kimseheon/px4_ros_com_ros2-a/install/px4_ros_com/lib/libframe_transforms.so
[8.677s] -- Up-to-date: /home/kimseheon/px4_ros_com_ros2-a/install/px4_ros_com/bin/micrortps_agent
[8.677s] -- Up-to-date: /home/kimseheon/px4_ros_com_ros2-a/install/px4_ros_com/share/px4_ros_com/cmake/export_frame_transformsExport.cmake
[8.677s] -- Installing: /home/kimseheon/px4_ros_com_ros2-a/install/px4_ros_com/share/px4_ros_com/cmake/export_frame_transformsExport-noconfig.cmake
[8.683s] Invoked command in '/home/kimseheon/px4_ros_com_ros2-a/build/px4_ros_com' returned '0': CMAKE_PREFIX_PATH=/home/kimseheon/px4_ros_com_ros2-a/install/px4_msgs:/home/kimseheon/px4_ros_com_ros2-a/install/px4_ros_com:/home/kimseheon/px4_ros_com_ros2/install/px4_ros_com:/home/kimseheon/px4_ros_com_ros2/install/px4_msgs:/opt/ros/foxy LD_LIBRARY_PATH=/home/kimseheon/px4_ros_com_ros2-a/install/px4_msgs/lib:/home/kimseheon/px4_ros_com_ros2-a/install/px4_ros_com/lib:/home/kimseheon/px4_ros_com_ros2/install/px4_ros_com/lib:/home/kimseheon/px4_ros_com_ros2/install/px4_msgs/lib:/usr/lib/x86_64-linux-gnu/gazebo-11/plugins:/opt/ros/foxy/opt/yaml_cpp_vendor/lib:/opt/ros/foxy/opt/rviz_ogre_vendor/lib:/opt/ros/foxy/lib/x86_64-linux-gnu:/opt/ros/foxy/lib _=/usr/bin/env /usr/local/bin/cmake --install /home/kimseheon/px4_ros_com_ros2-a/build/px4_ros_com
