[0.021s] Invoking command in '/home/kimseheon/px4_ros_com_ros2-a/build/px4_ros_com': CMAKE_PREFIX_PATH=/home/kimseheon/px4_ros_com_ros2-a/install/px4_msgs:/home/kimseheon/px4_ros_com_ros2-a/install/px4_ros_com:/home/kimseheon/px4_ros_com_ros2/install/px4_ros_com:/home/kimseheon/px4_ros_com_ros2/install/px4_msgs:/opt/ros/foxy LD_LIBRARY_PATH=/home/kimseheon/px4_ros_com_ros2-a/install/px4_msgs/lib:/home/kimseheon/px4_ros_com_ros2-a/install/px4_ros_com/lib:/home/kimseheon/px4_ros_com_ros2/install/px4_ros_com/lib:/home/kimseheon/px4_ros_com_ros2/install/px4_msgs/lib:/usr/lib/x86_64-linux-gnu/gazebo-11/plugins:/opt/ros/foxy/opt/yaml_cpp_vendor/lib:/opt/ros/foxy/opt/rviz_ogre_vendor/lib:/opt/ros/foxy/lib/x86_64-linux-gnu:/opt/ros/foxy/lib _=/usr/bin/env /usr/local/bin/cmake --build /home/kimseheon/px4_ros_com_ros2-a/build/px4_ros_com -- -j8 -l8
[0.048s] [  4%] Built target debug_vect_advertiser
[0.048s] [  7%] Built target third_offboard
[0.048s] [  5%] Built target offboard_control
[0.048s] [  5%] Built target vehicle_gps_position_listener
[0.048s] [  9%] Built target sensor_combined_listener
[0.051s] [ 11%] Built target frame_transforms
[0.051s] [ 13%] Built target second_offboard
[0.059s] [ 15%] Built target fourth_offboard
[0.059s] [ 17%] Built target first_offboard
[0.082s] [100%] Built target micrortps_agent
[0.086s] Invoked command in '/home/kimseheon/px4_ros_com_ros2-a/build/px4_ros_com' returned '0': CMAKE_PREFIX_PATH=/home/kimseheon/px4_ros_com_ros2-a/install/px4_msgs:/home/kimseheon/px4_ros_com_ros2-a/install/px4_ros_com:/home/kimseheon/px4_ros_com_ros2/install/px4_ros_com:/home/kimseheon/px4_ros_com_ros2/install/px4_msgs:/opt/ros/foxy LD_LIBRARY_PATH=/home/kimseheon/px4_ros_com_ros2-a/install/px4_msgs/lib:/home/kimseheon/px4_ros_com_ros2-a/install/px4_ros_com/lib:/home/kimseheon/px4_ros_com_ros2/install/px4_ros_com/lib:/home/kimseheon/px4_ros_com_ros2/install/px4_msgs/lib:/usr/lib/x86_64-linux-gnu/gazebo-11/plugins:/opt/ros/foxy/opt/yaml_cpp_vendor/lib:/opt/ros/foxy/opt/rviz_ogre_vendor/lib:/opt/ros/foxy/lib/x86_64-linux-gnu:/opt/ros/foxy/lib _=/usr/bin/env /usr/local/bin/cmake --build /home/kimseheon/px4_ros_com_ros2-a/build/px4_ros_com -- -j8 -l8
[0.328s] Invoking command in '/home/kimseheon/px4_ros_com_ros2-a/build/px4_ros_com': CMAKE_PREFIX_PATH=/home/kimseheon/px4_ros_com_ros2-a/install/px4_msgs:/home/kimseheon/px4_ros_com_ros2-a/install/px4_ros_com:/home/kimseheon/px4_ros_com_ros2/install/px4_ros_com:/home/kimseheon/px4_ros_com_ros2/install/px4_msgs:/opt/ros/foxy LD_LIBRARY_PATH=/home/kimseheon/px4_ros_com_ros2-a/install/px4_msgs/lib:/home/kimseheon/px4_ros_com_ros2-a/install/px4_ros_com/lib:/home/kimseheon/px4_ros_com_ros2/install/px4_ros_com/lib:/home/kimseheon/px4_ros_com_ros2/install/px4_msgs/lib:/usr/lib/x86_64-linux-gnu/gazebo-11/plugins:/opt/ros/foxy/opt/yaml_cpp_vendor/lib:/opt/ros/foxy/opt/rviz_ogre_vendor/lib:/opt/ros/foxy/lib/x86_64-linux-gnu:/opt/ros/foxy/lib _=/usr/bin/env /usr/local/bin/cmake --install /home/kimseheon/px4_ros_com_ros2-a/build/px4_ros_com
[0.331s] -- Install configuration: ""
[0.331s] -- Execute custom install script
[0.332s] -- Up-to-date symlink: /home/kimseheon/px4_ros_com_ros2-a/install/px4_ros_com/lib/px4_ros_com/sensor_combined_listener
[0.332s] -- Up-to-date symlink: /home/kimseheon/px4_ros_com_ros2-a/install/px4_ros_com/lib/px4_ros_com/vehicle_gps_position_listener
[0.332s] -- Up-to-date symlink: /home/kimseheon/px4_ros_com_ros2-a/install/px4_ros_com/lib/px4_ros_com/debug_vect_advertiser
[0.333s] -- Up-to-date symlink: /home/kimseheon/px4_ros_com_ros2-a/install/px4_ros_com/lib/px4_ros_com/offboard_control
[0.333s] -- Up-to-date symlink: /home/kimseheon/px4_ros_com_ros2-a/install/px4_ros_com/lib/px4_ros_com/first_offboard
[0.333s] -- Up-to-date symlink: /home/kimseheon/px4_ros_com_ros2-a/install/px4_ros_com/lib/px4_ros_com/second_offboard
[0.333s] -- Up-to-date symlink: /home/kimseheon/px4_ros_com_ros2-a/install/px4_ros_com/lib/px4_ros_com/third_offboard
[0.333s] -- Up-to-date symlink: /home/kimseheon/px4_ros_com_ros2-a/install/px4_ros_com/lib/px4_ros_com/fourth_offboard
[0.334s] -- Up-to-date symlink: /home/kimseheon/px4_ros_com_ros2-a/install/px4_ros_com/share/px4_ros_com/environment/library_path.sh
[0.334s] -- Up-to-date symlink: /home/kimseheon/px4_ros_com_ros2-a/install/px4_ros_com/share/px4_ros_com/environment/library_path.dsv
[0.334s] -- Up-to-date symlink: /home/kimseheon/px4_ros_com_ros2-a/install/px4_ros_com/include/px4_ros_com/frame_transforms.h
[0.335s] -- Up-to-date symlink: /home/kimseheon/px4_ros_com_ros2-a/install/px4_ros_com/share/px4_ros_com/cmake/EnableC++XX.cmake
[0.335s] -- Up-to-date symlink: /home/kimseheon/px4_ros_com_ros2-a/install/px4_ros_com/share/px4_ros_com/cmake/EnableSanitizers.cmake
[0.335s] -- Up-to-date symlink: /home/kimseheon/px4_ros_com_ros2-a/install/px4_ros_com/share/px4_ros_com/cmake/GenerateMicroRTPSAgent.cmake
[0.335s] -- Up-to-date symlink: /home/kimseheon/px4_ros_com_ros2-a/install/px4_ros_com/share/px4_ros_com/launch/custom_offboard.launch.py
[0.335s] -- Up-to-date symlink: /home/kimseheon/px4_ros_com_ros2-a/install/px4_ros_com/share/px4_ros_com/launch/custom_offboard_timer.launch.py
[0.335s] -- Up-to-date symlink: /home/kimseheon/px4_ros_com_ros2-a/install/px4_ros_com/share/px4_ros_com/launch/custom_offboard_timer2.launch.py
[0.335s] -- Up-to-date symlink: /home/kimseheon/px4_ros_com_ros2-a/install/px4_ros_com/share/px4_ros_com/launch/sensor_combined_listener.launch.py
[0.336s] -- Up-to-date symlink: /home/kimseheon/px4_ros_com_ros2-a/install/px4_ros_com/share/custom_offboard/launch/custom_offboard.launch.py
[0.336s] -- Up-to-date symlink: /home/kimseheon/px4_ros_com_ros2-a/install/px4_ros_com/share/custom_offboard/launch/custom_offboard_timer.launch.py
[0.336s] -- Up-to-date symlink: /home/kimseheon/px4_ros_com_ros2-a/install/px4_ros_com/share/custom_offboard/launch/custom_offboard_timer2.launch.py
[0.336s] -- Up-to-date symlink: /home/kimseheon/px4_ros_com_ros2-a/install/px4_ros_com/share/custom_offboard/launch/sensor_combined_listener.launch.py
[0.336s] -- Up-to-date symlink: /home/kimseheon/px4_ros_com_ros2-a/install/px4_ros_com/share/custom_offfboard_timer/launch/custom_offboard.launch.py
[0.336s] -- Up-to-date symlink: /home/kimseheon/px4_ros_com_ros2-a/install/px4_ros_com/share/custom_offfboard_timer/launch/custom_offboard_timer.launch.py
[0.336s] -- Up-to-date symlink: /home/kimseheon/px4_ros_com_ros2-a/install/px4_ros_com/share/custom_offfboard_timer/launch/custom_offboard_timer2.launch.py
[0.336s] -- Up-to-date symlink: /home/kimseheon/px4_ros_com_ros2-a/install/px4_ros_com/share/custom_offfboard_timer/launch/sensor_combined_listener.launch.py
[0.337s] -- Up-to-date symlink: /home/kimseheon/px4_ros_com_ros2-a/install/px4_ros_com/share/px4_ros_com/test/__init__.py
[0.337s] -- Up-to-date symlink: /home/kimseheon/px4_ros_com_ros2-a/install/px4_ros_com/share/px4_ros_com/test/pipeline_io_test.py
[0.337s] -- Up-to-date symlink: /home/kimseheon/px4_ros_com_ros2-a/install/px4_ros_com/share/px4_ros_com/test/test_input.py
[0.337s] -- Up-to-date symlink: /home/kimseheon/px4_ros_com_ros2-a/install/px4_ros_com/share/px4_ros_com/test/test_output.py
[0.337s] -- Up-to-date symlink: /home/kimseheon/px4_ros_com_ros2-a/install/px4_ros_com/share/ament_index/resource_index/package_run_dependencies/px4_ros_com
[0.337s] -- Up-to-date symlink: /home/kimseheon/px4_ros_com_ros2-a/install/px4_ros_com/share/ament_index/resource_index/parent_prefix_path/px4_ros_com
[0.338s] -- Up-to-date symlink: /home/kimseheon/px4_ros_com_ros2-a/install/px4_ros_com/share/px4_ros_com/environment/ament_prefix_path.sh
[0.338s] -- Up-to-date symlink: /home/kimseheon/px4_ros_com_ros2-a/install/px4_ros_com/share/px4_ros_com/environment/ament_prefix_path.dsv
[0.338s] -- Up-to-date symlink: /home/kimseheon/px4_ros_com_ros2-a/install/px4_ros_com/share/px4_ros_com/environment/path.sh
[0.338s] -- Up-to-date symlink: /home/kimseheon/px4_ros_com_ros2-a/install/px4_ros_com/share/px4_ros_com/environment/path.dsv
[0.338s] -- Up-to-date symlink: /home/kimseheon/px4_ros_com_ros2-a/install/px4_ros_com/share/px4_ros_com/local_setup.bash
[0.338s] -- Up-to-date symlink: /home/kimseheon/px4_ros_com_ros2-a/install/px4_ros_com/share/px4_ros_com/local_setup.sh
[0.339s] -- Up-to-date symlink: /home/kimseheon/px4_ros_com_ros2-a/install/px4_ros_com/share/px4_ros_com/local_setup.zsh
[0.339s] -- Up-to-date symlink: /home/kimseheon/px4_ros_com_ros2-a/install/px4_ros_com/share/px4_ros_com/local_setup.dsv
[0.339s] -- Symlinking: /home/kimseheon/px4_ros_com_ros2-a/install/px4_ros_com/share/px4_ros_com/package.dsv
[0.342s] -- Up-to-date symlink: /home/kimseheon/px4_ros_com_ros2-a/install/px4_ros_com/share/ament_index/resource_index/packages/px4_ros_com
[0.342s] -- Up-to-date symlink: /home/kimseheon/px4_ros_com_ros2-a/install/px4_ros_com/share/px4_ros_com/cmake/ament_cmake_export_dependencies-extras.cmake
[0.342s] -- Up-to-date symlink: /home/kimseheon/px4_ros_com_ros2-a/install/px4_ros_com/share/px4_ros_com/cmake/ament_cmake_export_targets-extras.cmake
[0.342s] -- Up-to-date symlink: /home/kimseheon/px4_ros_com_ros2-a/install/px4_ros_com/share/px4_ros_com/cmake/ament_cmake_export_include_directories-extras.cmake
[0.343s] -- Up-to-date symlink: /home/kimseheon/px4_ros_com_ros2-a/install/px4_ros_com/share/px4_ros_com/cmake/ament_cmake_export_libraries-extras.cmake
[0.343s] -- Up-to-date symlink: /home/kimseheon/px4_ros_com_ros2-a/install/px4_ros_com/share/px4_ros_com/cmake/px4_ros_comConfig.cmake
[0.343s] -- Up-to-date symlink: /home/kimseheon/px4_ros_com_ros2-a/install/px4_ros_com/share/px4_ros_com/cmake/px4_ros_comConfig-version.cmake
[0.343s] -- Up-to-date symlink: /home/kimseheon/px4_ros_com_ros2-a/install/px4_ros_com/share/px4_ros_com/package.xml
[0.343s] -- Up-to-date: /home/kimseheon/px4_ros_com_ros2-a/install/px4_ros_com/lib/libframe_transforms.so
[0.343s] -- Up-to-date: /home/kimseheon/px4_ros_com_ros2-a/install/px4_ros_com/bin/micrortps_agent
[0.344s] -- Up-to-date: /home/kimseheon/px4_ros_com_ros2-a/install/px4_ros_com/share/px4_ros_com/cmake/export_frame_transformsExport.cmake
[0.344s] -- Up-to-date: /home/kimseheon/px4_ros_com_ros2-a/install/px4_ros_com/share/px4_ros_com/cmake/export_frame_transformsExport-noconfig.cmake
[0.346s] Invoked command in '/home/kimseheon/px4_ros_com_ros2-a/build/px4_ros_com' returned '0': CMAKE_PREFIX_PATH=/home/kimseheon/px4_ros_com_ros2-a/install/px4_msgs:/home/kimseheon/px4_ros_com_ros2-a/install/px4_ros_com:/home/kimseheon/px4_ros_com_ros2/install/px4_ros_com:/home/kimseheon/px4_ros_com_ros2/install/px4_msgs:/opt/ros/foxy LD_LIBRARY_PATH=/home/kimseheon/px4_ros_com_ros2-a/install/px4_msgs/lib:/home/kimseheon/px4_ros_com_ros2-a/install/px4_ros_com/lib:/home/kimseheon/px4_ros_com_ros2/install/px4_ros_com/lib:/home/kimseheon/px4_ros_com_ros2/install/px4_msgs/lib:/usr/lib/x86_64-linux-gnu/gazebo-11/plugins:/opt/ros/foxy/opt/yaml_cpp_vendor/lib:/opt/ros/foxy/opt/rviz_ogre_vendor/lib:/opt/ros/foxy/lib/x86_64-linux-gnu:/opt/ros/foxy/lib _=/usr/bin/env /usr/local/bin/cmake --install /home/kimseheon/px4_ros_com_ros2-a/build/px4_ros_com
