[0.189s] DEBUG:colcon:Command line arguments: ['/usr/bin/colcon', 'build', '--symlink-install']
[0.189s] DEBUG:colcon:Parsed command line arguments: Namespace(allow_overriding=[], ament_cmake_args=None, base_paths=['.'], build_base='build', catkin_cmake_args=None, catkin_skip_building_tests=False, cmake_args=None, cmake_clean_cache=False, cmake_clean_first=False, cmake_force_configure=False, cmake_target=None, cmake_target_skip_unavailable=False, continue_on_error=False, event_handlers=None, executor='parallel', ignore_user_meta=False, install_base='install', log_base=None, log_level=None, main=<bound method BuildVerb.main of <colcon_core.verb.build.BuildVerb object at 0x7fc0e1cdc040>>, merge_install=False, metas=['./colcon.meta'], packages_above=None, packages_above_and_dependencies=None, packages_above_depth=None, packages_end=None, packages_ignore=None, packages_ignore_regex=None, packages_select=None, packages_select_build_failed=False, packages_select_by_dep=None, packages_select_regex=None, packages_select_test_failures=False, packages_skip=None, packages_skip_build_finished=False, packages_skip_by_dep=None, packages_skip_regex=None, packages_skip_test_passed=False, packages_skip_up_to=None, packages_start=None, packages_up_to=None, packages_up_to_regex=None, parallel_workers=8, paths=None, symlink_install=True, test_result_base=None, verb_extension=<colcon_core.verb.build.BuildVerb object at 0x7fc0e1cdc040>, verb_name='build', verb_parser=<colcon_defaults.argument_parser.defaults.DefaultArgumentsDecorator object at 0x7fc0e1c92af0>)
[0.216s] Level 1:colcon.colcon_core.package_discovery:discover_packages(colcon_meta) check parameters
[0.216s] Level 1:colcon.colcon_core.package_discovery:discover_packages(recursive) check parameters
[0.216s] Level 1:colcon.colcon_core.package_discovery:discover_packages(ignore) check parameters
[0.216s] Level 1:colcon.colcon_core.package_discovery:discover_packages(path) check parameters
[0.216s] Level 1:colcon.colcon_core.package_discovery:discover_packages(colcon_meta) discover
[0.217s] Level 1:colcon.colcon_core.package_discovery:discover_packages(recursive) discover
[0.217s] INFO:colcon.colcon_core.package_discovery:Crawling recursively for packages in '/home/kimseheon/px4_ros_com_ros2-a'
[0.217s] Level 1:colcon.colcon_core.package_identification:_identify(.) by extensions ['ignore', 'ignore_ament_install']
[0.217s] Level 1:colcon.colcon_core.package_identification:_identify(.) by extension 'ignore'
[0.217s] Level 1:colcon.colcon_core.package_identification:_identify(.) by extension 'ignore_ament_install'
[0.217s] Level 1:colcon.colcon_core.package_identification:_identify(.) by extensions ['colcon_pkg']
[0.217s] Level 1:colcon.colcon_core.package_identification:_identify(.) by extension 'colcon_pkg'
[0.217s] Level 1:colcon.colcon_core.package_identification:_identify(.) by extensions ['colcon_meta']
[0.217s] Level 1:colcon.colcon_core.package_identification:_identify(.) by extension 'colcon_meta'
[0.217s] Level 1:colcon.colcon_core.package_identification:_identify(.) by extensions ['ros']
[0.217s] Level 1:colcon.colcon_core.package_identification:_identify(.) by extension 'ros'
[0.227s] Level 1:colcon.colcon_core.package_identification:_identify(.) by extensions ['cmake', 'python']
[0.227s] Level 1:colcon.colcon_core.package_identification:_identify(.) by extension 'cmake'
[0.227s] Level 1:colcon.colcon_core.package_identification:_identify(.) by extension 'python'
[0.227s] Level 1:colcon.colcon_core.package_identification:_identify(.) by extensions ['python_setup_py']
[0.227s] Level 1:colcon.colcon_core.package_identification:_identify(.) by extension 'python_setup_py'
[0.227s] Level 1:colcon.colcon_core.package_identification:_identify(build) by extensions ['ignore', 'ignore_ament_install']
[0.227s] Level 1:colcon.colcon_core.package_identification:_identify(build) by extension 'ignore'
[0.227s] Level 1:colcon.colcon_core.package_identification:_identify(build) ignored
[0.227s] Level 1:colcon.colcon_core.package_identification:_identify(install) by extensions ['ignore', 'ignore_ament_install']
[0.227s] Level 1:colcon.colcon_core.package_identification:_identify(install) by extension 'ignore'
[0.227s] Level 1:colcon.colcon_core.package_identification:_identify(install) ignored
[0.227s] Level 1:colcon.colcon_core.package_identification:_identify(log) by extensions ['ignore', 'ignore_ament_install']
[0.227s] Level 1:colcon.colcon_core.package_identification:_identify(log) by extension 'ignore'
[0.227s] Level 1:colcon.colcon_core.package_identification:_identify(log) ignored
[0.227s] Level 1:colcon.colcon_core.package_identification:_identify(src) by extensions ['ignore', 'ignore_ament_install']
[0.227s] Level 1:colcon.colcon_core.package_identification:_identify(src) by extension 'ignore'
[0.227s] Level 1:colcon.colcon_core.package_identification:_identify(src) by extension 'ignore_ament_install'
[0.227s] Level 1:colcon.colcon_core.package_identification:_identify(src) by extensions ['colcon_pkg']
[0.227s] Level 1:colcon.colcon_core.package_identification:_identify(src) by extension 'colcon_pkg'
[0.227s] Level 1:colcon.colcon_core.package_identification:_identify(src) by extensions ['colcon_meta']
[0.227s] Level 1:colcon.colcon_core.package_identification:_identify(src) by extension 'colcon_meta'
[0.227s] Level 1:colcon.colcon_core.package_identification:_identify(src) by extensions ['ros']
[0.228s] Level 1:colcon.colcon_core.package_identification:_identify(src) by extension 'ros'
[0.228s] Level 1:colcon.colcon_core.package_identification:_identify(src) by extensions ['cmake', 'python']
[0.228s] Level 1:colcon.colcon_core.package_identification:_identify(src) by extension 'cmake'
[0.228s] Level 1:colcon.colcon_core.package_identification:_identify(src) by extension 'python'
[0.228s] Level 1:colcon.colcon_core.package_identification:_identify(src) by extensions ['python_setup_py']
[0.228s] Level 1:colcon.colcon_core.package_identification:_identify(src) by extension 'python_setup_py'
[0.228s] Level 1:colcon.colcon_core.package_identification:_identify(src/px4_msgs) by extensions ['ignore', 'ignore_ament_install']
[0.228s] Level 1:colcon.colcon_core.package_identification:_identify(src/px4_msgs) by extension 'ignore'
[0.228s] Level 1:colcon.colcon_core.package_identification:_identify(src/px4_msgs) by extension 'ignore_ament_install'
[0.228s] Level 1:colcon.colcon_core.package_identification:_identify(src/px4_msgs) by extensions ['colcon_pkg']
[0.228s] Level 1:colcon.colcon_core.package_identification:_identify(src/px4_msgs) by extension 'colcon_pkg'
[0.228s] Level 1:colcon.colcon_core.package_identification:_identify(src/px4_msgs) by extensions ['colcon_meta']
[0.228s] Level 1:colcon.colcon_core.package_identification:_identify(src/px4_msgs) by extension 'colcon_meta'
[0.228s] Level 1:colcon.colcon_core.package_identification:_identify(src/px4_msgs) by extensions ['ros']
[0.228s] Level 1:colcon.colcon_core.package_identification:_identify(src/px4_msgs) by extension 'ros'
[0.230s] DEBUG:colcon.colcon_core.package_identification:Package 'src/px4_msgs' with type 'ros.ament_cmake' and name 'px4_msgs'
[0.230s] Level 1:colcon.colcon_core.package_identification:_identify(src/px4_ros_com) by extensions ['ignore', 'ignore_ament_install']
[0.230s] Level 1:colcon.colcon_core.package_identification:_identify(src/px4_ros_com) by extension 'ignore'
[0.230s] Level 1:colcon.colcon_core.package_identification:_identify(src/px4_ros_com) by extension 'ignore_ament_install'
[0.230s] Level 1:colcon.colcon_core.package_identification:_identify(src/px4_ros_com) by extensions ['colcon_pkg']
[0.230s] Level 1:colcon.colcon_core.package_identification:_identify(src/px4_ros_com) by extension 'colcon_pkg'
[0.230s] Level 1:colcon.colcon_core.package_identification:_identify(src/px4_ros_com) by extensions ['colcon_meta']
[0.230s] Level 1:colcon.colcon_core.package_identification:_identify(src/px4_ros_com) by extension 'colcon_meta'
[0.230s] Level 1:colcon.colcon_core.package_identification:_identify(src/px4_ros_com) by extensions ['ros']
[0.230s] Level 1:colcon.colcon_core.package_identification:_identify(src/px4_ros_com) by extension 'ros'
[0.231s] DEBUG:colcon.colcon_core.package_identification:Package 'src/px4_ros_com' with type 'ros.ament_cmake' and name 'px4_ros_com'
[0.231s] Level 1:colcon.colcon_core.package_discovery:discover_packages(recursive) using defaults
[0.231s] Level 1:colcon.colcon_core.package_discovery:discover_packages(ignore) discover
[0.231s] Level 1:colcon.colcon_core.package_discovery:discover_packages(ignore) using defaults
[0.231s] Level 1:colcon.colcon_core.package_discovery:discover_packages(path) discover
[0.231s] Level 1:colcon.colcon_core.package_discovery:discover_packages(path) using defaults
[0.249s] Level 1:colcon.colcon_core.package_discovery:discover_packages(prefix_path) check parameters
[0.249s] Level 1:colcon.colcon_core.package_discovery:discover_packages(prefix_path) discover
[0.251s] DEBUG:colcon.colcon_installed_package_information.package_discovery:Found 2 installed packages in /home/kimseheon/px4_ros_com_ros2/install
[0.252s] DEBUG:colcon.colcon_installed_package_information.package_discovery:Found 2 installed packages in /home/kimseheon/px4_ros_com_ros2-c/install
[0.254s] DEBUG:colcon.colcon_installed_package_information.package_discovery:Found 274 installed packages in /opt/ros/foxy
[0.255s] Level 1:colcon.colcon_core.package_discovery:discover_packages(prefix_path) using defaults
[0.293s] Level 5:colcon.colcon_core.verb:set package 'px4_msgs' build argument 'cmake_args' from command line to 'None'
[0.293s] Level 5:colcon.colcon_core.verb:set package 'px4_msgs' build argument 'cmake_target' from command line to 'None'
[0.293s] Level 5:colcon.colcon_core.verb:set package 'px4_msgs' build argument 'cmake_target_skip_unavailable' from command line to 'False'
[0.293s] Level 5:colcon.colcon_core.verb:set package 'px4_msgs' build argument 'cmake_clean_cache' from command line to 'False'
[0.293s] Level 5:colcon.colcon_core.verb:set package 'px4_msgs' build argument 'cmake_clean_first' from command line to 'False'
[0.293s] Level 5:colcon.colcon_core.verb:set package 'px4_msgs' build argument 'cmake_force_configure' from command line to 'False'
[0.293s] Level 5:colcon.colcon_core.verb:set package 'px4_msgs' build argument 'ament_cmake_args' from command line to 'None'
[0.293s] Level 5:colcon.colcon_core.verb:set package 'px4_msgs' build argument 'catkin_cmake_args' from command line to 'None'
[0.293s] Level 5:colcon.colcon_core.verb:set package 'px4_msgs' build argument 'catkin_skip_building_tests' from command line to 'False'
[0.293s] DEBUG:colcon.colcon_core.verb:Building package 'px4_msgs' with the following arguments: {'ament_cmake_args': None, 'build_base': '/home/kimseheon/px4_ros_com_ros2-a/build/px4_msgs', 'catkin_cmake_args': None, 'catkin_skip_building_tests': False, 'cmake_args': None, 'cmake_clean_cache': False, 'cmake_clean_first': False, 'cmake_force_configure': False, 'cmake_target': None, 'cmake_target_skip_unavailable': False, 'install_base': '/home/kimseheon/px4_ros_com_ros2-a/install/px4_msgs', 'merge_install': False, 'path': '/home/kimseheon/px4_ros_com_ros2-a/src/px4_msgs', 'symlink_install': True, 'test_result_base': None}
[0.294s] Level 5:colcon.colcon_core.verb:set package 'px4_ros_com' build argument 'cmake_args' from command line to 'None'
[0.294s] Level 5:colcon.colcon_core.verb:set package 'px4_ros_com' build argument 'cmake_target' from command line to 'None'
[0.294s] Level 5:colcon.colcon_core.verb:set package 'px4_ros_com' build argument 'cmake_target_skip_unavailable' from command line to 'False'
[0.294s] Level 5:colcon.colcon_core.verb:set package 'px4_ros_com' build argument 'cmake_clean_cache' from command line to 'False'
[0.294s] Level 5:colcon.colcon_core.verb:set package 'px4_ros_com' build argument 'cmake_clean_first' from command line to 'False'
[0.294s] Level 5:colcon.colcon_core.verb:set package 'px4_ros_com' build argument 'cmake_force_configure' from command line to 'False'
[0.294s] Level 5:colcon.colcon_core.verb:set package 'px4_ros_com' build argument 'ament_cmake_args' from command line to 'None'
[0.294s] Level 5:colcon.colcon_core.verb:set package 'px4_ros_com' build argument 'catkin_cmake_args' from command line to 'None'
[0.294s] Level 5:colcon.colcon_core.verb:set package 'px4_ros_com' build argument 'catkin_skip_building_tests' from command line to 'False'
[0.294s] DEBUG:colcon.colcon_core.verb:Building package 'px4_ros_com' with the following arguments: {'ament_cmake_args': None, 'build_base': '/home/kimseheon/px4_ros_com_ros2-a/build/px4_ros_com', 'catkin_cmake_args': None, 'catkin_skip_building_tests': False, 'cmake_args': None, 'cmake_clean_cache': False, 'cmake_clean_first': False, 'cmake_force_configure': False, 'cmake_target': None, 'cmake_target_skip_unavailable': False, 'install_base': '/home/kimseheon/px4_ros_com_ros2-a/install/px4_ros_com', 'merge_install': False, 'path': '/home/kimseheon/px4_ros_com_ros2-a/src/px4_ros_com', 'symlink_install': True, 'test_result_base': None}
[0.295s] INFO:colcon.colcon_core.executor:Executing jobs using 'parallel' executor
[0.300s] DEBUG:colcon.colcon_parallel_executor.executor.parallel:run_until_complete
[0.300s] INFO:colcon.colcon_ros.task.ament_cmake.build:Building ROS package in '/home/kimseheon/px4_ros_com_ros2-a/src/px4_msgs' with build type 'ament_cmake'
[0.300s] INFO:colcon.colcon_cmake.task.cmake.build:Building CMake package in '/home/kimseheon/px4_ros_com_ros2-a/src/px4_msgs'
[0.304s] INFO:colcon.colcon_core.plugin_system:Skipping extension 'colcon_core.shell.bat': Not used on non-Windows systems
[0.304s] INFO:colcon.colcon_core.shell:Skip shell extension 'powershell' for command environment: Not usable outside of PowerShell
[0.304s] DEBUG:colcon.colcon_core.shell:Skip shell extension 'dsv' for command environment
[0.316s] DEBUG:colcon.colcon_core.event_handler.log_command:Invoking command in '/home/kimseheon/px4_ros_com_ros2-a/build/px4_msgs': CMAKE_PREFIX_PATH=${CMAKE_PREFIX_PATH}:/opt/ros/foxy _=/usr/bin/env /usr/local/bin/cmake /home/kimseheon/px4_ros_com_ros2-a/src/px4_msgs -DAMENT_CMAKE_SYMLINK_INSTALL=1 -DCMAKE_INSTALL_PREFIX=/home/kimseheon/px4_ros_com_ros2-a/install/px4_msgs
[2.656s] DEBUG:colcon.colcon_core.event_handler.log_command:Invoked command in '/home/kimseheon/px4_ros_com_ros2-a/build/px4_msgs' returned '0': CMAKE_PREFIX_PATH=${CMAKE_PREFIX_PATH}:/opt/ros/foxy _=/usr/bin/env /usr/local/bin/cmake /home/kimseheon/px4_ros_com_ros2-a/src/px4_msgs -DAMENT_CMAKE_SYMLINK_INSTALL=1 -DCMAKE_INSTALL_PREFIX=/home/kimseheon/px4_ros_com_ros2-a/install/px4_msgs
[2.657s] DEBUG:colcon.colcon_core.event_handler.log_command:Invoking command in '/home/kimseheon/px4_ros_com_ros2-a/build/px4_msgs': CMAKE_PREFIX_PATH=${CMAKE_PREFIX_PATH}:/opt/ros/foxy _=/usr/bin/env /usr/local/bin/cmake --build /home/kimseheon/px4_ros_com_ros2-a/build/px4_msgs -- -j8 -l8
[165.773s] DEBUG:colcon.colcon_core.event_handler.log_command:Invoked command in '/home/kimseheon/px4_ros_com_ros2-a/build/px4_msgs' returned '0': CMAKE_PREFIX_PATH=${CMAKE_PREFIX_PATH}:/opt/ros/foxy _=/usr/bin/env /usr/local/bin/cmake --build /home/kimseheon/px4_ros_com_ros2-a/build/px4_msgs -- -j8 -l8
[169.547s] DEBUG:colcon.colcon_core.event_handler.log_command:Invoking command in '/home/kimseheon/px4_ros_com_ros2-a/build/px4_msgs': CMAKE_PREFIX_PATH=${CMAKE_PREFIX_PATH}:/opt/ros/foxy _=/usr/bin/env /usr/local/bin/cmake --install /home/kimseheon/px4_ros_com_ros2-a/build/px4_msgs
[176.163s] Level 1:colcon.colcon_core.environment:create_environment_scripts_only(px4_msgs)
[176.164s] DEBUG:colcon.colcon_core.event_handler.log_command:Invoked command in '/home/kimseheon/px4_ros_com_ros2-a/build/px4_msgs' returned '0': CMAKE_PREFIX_PATH=${CMAKE_PREFIX_PATH}:/opt/ros/foxy _=/usr/bin/env /usr/local/bin/cmake --install /home/kimseheon/px4_ros_com_ros2-a/build/px4_msgs
[176.168s] Level 1:colcon.colcon_core.environment:checking '/home/kimseheon/px4_ros_com_ros2-a/install/px4_msgs' for CMake module files
[176.169s] Level 1:colcon.colcon_core.environment:checking '/home/kimseheon/px4_ros_com_ros2-a/install/px4_msgs' for CMake config files
[176.180s] Level 1:colcon.colcon_core.shell:create_environment_hook('px4_msgs', 'cmake_prefix_path')
[176.182s] INFO:colcon.colcon_core.shell:Creating environment hook '/home/kimseheon/px4_ros_com_ros2-a/install/px4_msgs/share/px4_msgs/hook/cmake_prefix_path.ps1'
[176.183s] INFO:colcon.colcon_core.shell:Creating environment descriptor '/home/kimseheon/px4_ros_com_ros2-a/install/px4_msgs/share/px4_msgs/hook/cmake_prefix_path.dsv'
[176.183s] INFO:colcon.colcon_core.shell:Creating environment hook '/home/kimseheon/px4_ros_com_ros2-a/install/px4_msgs/share/px4_msgs/hook/cmake_prefix_path.sh'
[176.184s] Level 1:colcon.colcon_core.environment:checking '/home/kimseheon/px4_ros_com_ros2-a/install/px4_msgs/lib'
[176.184s] Level 1:colcon.colcon_core.shell:create_environment_hook('px4_msgs', 'ld_library_path_lib')
[176.186s] INFO:colcon.colcon_core.shell:Creating environment hook '/home/kimseheon/px4_ros_com_ros2-a/install/px4_msgs/share/px4_msgs/hook/ld_library_path_lib.ps1'
[176.186s] INFO:colcon.colcon_core.shell:Creating environment descriptor '/home/kimseheon/px4_ros_com_ros2-a/install/px4_msgs/share/px4_msgs/hook/ld_library_path_lib.dsv'
[176.186s] INFO:colcon.colcon_core.shell:Creating environment hook '/home/kimseheon/px4_ros_com_ros2-a/install/px4_msgs/share/px4_msgs/hook/ld_library_path_lib.sh'
[176.186s] Level 1:colcon.colcon_core.environment:checking '/home/kimseheon/px4_ros_com_ros2-a/install/px4_msgs/bin'
[176.186s] Level 1:colcon.colcon_core.environment:checking '/home/kimseheon/px4_ros_com_ros2-a/install/px4_msgs/lib/pkgconfig/px4_msgs.pc'
[176.186s] Level 1:colcon.colcon_core.environment:checking '/home/kimseheon/px4_ros_com_ros2-a/install/px4_msgs/lib/python3.8/site-packages'
[176.186s] Level 1:colcon.colcon_core.shell:create_environment_hook('px4_msgs', 'pythonpath')
[176.188s] INFO:colcon.colcon_core.shell:Creating environment hook '/home/kimseheon/px4_ros_com_ros2-a/install/px4_msgs/share/px4_msgs/hook/pythonpath.ps1'
[176.188s] INFO:colcon.colcon_core.shell:Creating environment descriptor '/home/kimseheon/px4_ros_com_ros2-a/install/px4_msgs/share/px4_msgs/hook/pythonpath.dsv'
[176.189s] INFO:colcon.colcon_core.shell:Creating environment hook '/home/kimseheon/px4_ros_com_ros2-a/install/px4_msgs/share/px4_msgs/hook/pythonpath.sh'
[176.189s] Level 1:colcon.colcon_core.environment:checking '/home/kimseheon/px4_ros_com_ros2-a/install/px4_msgs/bin'
[176.191s] INFO:colcon.colcon_core.shell:Creating package script '/home/kimseheon/px4_ros_com_ros2-a/install/px4_msgs/share/px4_msgs/package.ps1'
[176.191s] INFO:colcon.colcon_core.shell:Creating package descriptor '/home/kimseheon/px4_ros_com_ros2-a/install/px4_msgs/share/px4_msgs/package.dsv'
[176.192s] INFO:colcon.colcon_core.shell:Creating package script '/home/kimseheon/px4_ros_com_ros2-a/install/px4_msgs/share/px4_msgs/package.sh'
[176.192s] INFO:colcon.colcon_core.shell:Creating package script '/home/kimseheon/px4_ros_com_ros2-a/install/px4_msgs/share/px4_msgs/package.bash'
[176.192s] INFO:colcon.colcon_core.shell:Creating package script '/home/kimseheon/px4_ros_com_ros2-a/install/px4_msgs/share/px4_msgs/package.zsh'
[176.193s] Level 1:colcon.colcon_core.environment:create_file_with_runtime_dependencies(/home/kimseheon/px4_ros_com_ros2-a/install/px4_msgs/share/colcon-core/packages/px4_msgs)
[179.873s] Level 1:colcon.colcon_core.environment:create_environment_scripts_only(px4_msgs)
[179.876s] Level 1:colcon.colcon_core.environment:checking '/home/kimseheon/px4_ros_com_ros2-a/install/px4_msgs' for CMake module files
[179.876s] Level 1:colcon.colcon_core.environment:checking '/home/kimseheon/px4_ros_com_ros2-a/install/px4_msgs' for CMake config files
[179.885s] Level 1:colcon.colcon_core.shell:create_environment_hook('px4_msgs', 'cmake_prefix_path')
[179.887s] INFO:colcon.colcon_core.shell:Creating environment hook '/home/kimseheon/px4_ros_com_ros2-a/install/px4_msgs/share/px4_msgs/hook/cmake_prefix_path.ps1'
[179.888s] INFO:colcon.colcon_core.shell:Creating environment descriptor '/home/kimseheon/px4_ros_com_ros2-a/install/px4_msgs/share/px4_msgs/hook/cmake_prefix_path.dsv'
[179.888s] INFO:colcon.colcon_core.shell:Creating environment hook '/home/kimseheon/px4_ros_com_ros2-a/install/px4_msgs/share/px4_msgs/hook/cmake_prefix_path.sh'
[179.888s] Level 1:colcon.colcon_core.environment:checking '/home/kimseheon/px4_ros_com_ros2-a/install/px4_msgs/lib'
[179.888s] Level 1:colcon.colcon_core.shell:create_environment_hook('px4_msgs', 'ld_library_path_lib')
[179.890s] INFO:colcon.colcon_core.shell:Creating environment hook '/home/kimseheon/px4_ros_com_ros2-a/install/px4_msgs/share/px4_msgs/hook/ld_library_path_lib.ps1'
[179.890s] INFO:colcon.colcon_core.shell:Creating environment descriptor '/home/kimseheon/px4_ros_com_ros2-a/install/px4_msgs/share/px4_msgs/hook/ld_library_path_lib.dsv'
[179.890s] INFO:colcon.colcon_core.shell:Creating environment hook '/home/kimseheon/px4_ros_com_ros2-a/install/px4_msgs/share/px4_msgs/hook/ld_library_path_lib.sh'
[179.891s] Level 1:colcon.colcon_core.environment:checking '/home/kimseheon/px4_ros_com_ros2-a/install/px4_msgs/bin'
[179.891s] Level 1:colcon.colcon_core.environment:checking '/home/kimseheon/px4_ros_com_ros2-a/install/px4_msgs/lib/pkgconfig/px4_msgs.pc'
[179.891s] Level 1:colcon.colcon_core.environment:checking '/home/kimseheon/px4_ros_com_ros2-a/install/px4_msgs/lib/python3.8/site-packages'
[179.891s] Level 1:colcon.colcon_core.shell:create_environment_hook('px4_msgs', 'pythonpath')
[179.893s] INFO:colcon.colcon_core.shell:Creating environment hook '/home/kimseheon/px4_ros_com_ros2-a/install/px4_msgs/share/px4_msgs/hook/pythonpath.ps1'
[179.893s] INFO:colcon.colcon_core.shell:Creating environment descriptor '/home/kimseheon/px4_ros_com_ros2-a/install/px4_msgs/share/px4_msgs/hook/pythonpath.dsv'
[179.893s] INFO:colcon.colcon_core.shell:Creating environment hook '/home/kimseheon/px4_ros_com_ros2-a/install/px4_msgs/share/px4_msgs/hook/pythonpath.sh'
[179.893s] Level 1:colcon.colcon_core.environment:checking '/home/kimseheon/px4_ros_com_ros2-a/install/px4_msgs/bin'
[179.895s] INFO:colcon.colcon_core.shell:Creating package script '/home/kimseheon/px4_ros_com_ros2-a/install/px4_msgs/share/px4_msgs/package.ps1'
[179.896s] INFO:colcon.colcon_core.shell:Creating package descriptor '/home/kimseheon/px4_ros_com_ros2-a/install/px4_msgs/share/px4_msgs/package.dsv'
[179.896s] INFO:colcon.colcon_core.shell:Creating package script '/home/kimseheon/px4_ros_com_ros2-a/install/px4_msgs/share/px4_msgs/package.sh'
[179.896s] INFO:colcon.colcon_core.shell:Creating package script '/home/kimseheon/px4_ros_com_ros2-a/install/px4_msgs/share/px4_msgs/package.bash'
[179.896s] INFO:colcon.colcon_core.shell:Creating package script '/home/kimseheon/px4_ros_com_ros2-a/install/px4_msgs/share/px4_msgs/package.zsh'
[179.897s] Level 1:colcon.colcon_core.environment:create_file_with_runtime_dependencies(/home/kimseheon/px4_ros_com_ros2-a/install/px4_msgs/share/colcon-core/packages/px4_msgs)
[179.897s] INFO:colcon.colcon_ros.task.ament_cmake.build:Building ROS package in '/home/kimseheon/px4_ros_com_ros2-a/src/px4_ros_com' with build type 'ament_cmake'
[179.897s] INFO:colcon.colcon_cmake.task.cmake.build:Building CMake package in '/home/kimseheon/px4_ros_com_ros2-a/src/px4_ros_com'
[179.899s] INFO:colcon.colcon_core.shell:Skip shell extension 'powershell' for command environment: Not usable outside of PowerShell
[179.899s] DEBUG:colcon.colcon_core.shell:Skip shell extension 'dsv' for command environment
[179.912s] DEBUG:colcon.colcon_core.event_handler.log_command:Invoking command in '/home/kimseheon/px4_ros_com_ros2-a/build/px4_ros_com': AMENT_PREFIX_PATH=/home/kimseheon/px4_ros_com_ros2-a/install/px4_msgs:${AMENT_PREFIX_PATH} CMAKE_PREFIX_PATH=/home/kimseheon/px4_ros_com_ros2-a/install/px4_msgs:/home/kimseheon/px4_ros_com_ros2/install/px4_ros_com:/home/kimseheon/px4_ros_com_ros2/install/px4_msgs:/home/kimseheon/px4_ros_com_ros2-c/install/px4_ros_com:/home/kimseheon/px4_ros_com_ros2-c/install/px4_msgs:/opt/ros/foxy LD_LIBRARY_PATH=/home/kimseheon/px4_ros_com_ros2-a/install/px4_msgs/lib:${LD_LIBRARY_PATH} PYTHONPATH=/home/kimseheon/px4_ros_com_ros2-a/install/px4_msgs/lib/python3.8/site-packages:${PYTHONPATH} _=/usr/bin/env /usr/local/bin/cmake /home/kimseheon/px4_ros_com_ros2-a/src/px4_ros_com -DAMENT_CMAKE_SYMLINK_INSTALL=1 -DCMAKE_INSTALL_PREFIX=/home/kimseheon/px4_ros_com_ros2-a/install/px4_ros_com
[181.409s] DEBUG:colcon.colcon_core.event_handler.log_command:Invoked command in '/home/kimseheon/px4_ros_com_ros2-a/build/px4_ros_com' returned '0': AMENT_PREFIX_PATH=/home/kimseheon/px4_ros_com_ros2-a/install/px4_msgs:${AMENT_PREFIX_PATH} CMAKE_PREFIX_PATH=/home/kimseheon/px4_ros_com_ros2-a/install/px4_msgs:/home/kimseheon/px4_ros_com_ros2/install/px4_ros_com:/home/kimseheon/px4_ros_com_ros2/install/px4_msgs:/home/kimseheon/px4_ros_com_ros2-c/install/px4_ros_com:/home/kimseheon/px4_ros_com_ros2-c/install/px4_msgs:/opt/ros/foxy LD_LIBRARY_PATH=/home/kimseheon/px4_ros_com_ros2-a/install/px4_msgs/lib:${LD_LIBRARY_PATH} PYTHONPATH=/home/kimseheon/px4_ros_com_ros2-a/install/px4_msgs/lib/python3.8/site-packages:${PYTHONPATH} _=/usr/bin/env /usr/local/bin/cmake /home/kimseheon/px4_ros_com_ros2-a/src/px4_ros_com -DAMENT_CMAKE_SYMLINK_INSTALL=1 -DCMAKE_INSTALL_PREFIX=/home/kimseheon/px4_ros_com_ros2-a/install/px4_ros_com
[181.411s] DEBUG:colcon.colcon_core.event_handler.log_command:Invoking command in '/home/kimseheon/px4_ros_com_ros2-a/build/px4_ros_com': AMENT_PREFIX_PATH=/home/kimseheon/px4_ros_com_ros2-a/install/px4_msgs:${AMENT_PREFIX_PATH} CMAKE_PREFIX_PATH=/home/kimseheon/px4_ros_com_ros2-a/install/px4_msgs:/home/kimseheon/px4_ros_com_ros2/install/px4_ros_com:/home/kimseheon/px4_ros_com_ros2/install/px4_msgs:/home/kimseheon/px4_ros_com_ros2-c/install/px4_ros_com:/home/kimseheon/px4_ros_com_ros2-c/install/px4_msgs:/opt/ros/foxy LD_LIBRARY_PATH=/home/kimseheon/px4_ros_com_ros2-a/install/px4_msgs/lib:${LD_LIBRARY_PATH} PYTHONPATH=/home/kimseheon/px4_ros_com_ros2-a/install/px4_msgs/lib/python3.8/site-packages:${PYTHONPATH} _=/usr/bin/env /usr/local/bin/cmake --build /home/kimseheon/px4_ros_com_ros2-a/build/px4_ros_com -- -j8 -l8
[243.303s] DEBUG:colcon.colcon_core.event_handler.log_command:Invoked command in '/home/kimseheon/px4_ros_com_ros2-a/build/px4_ros_com' returned '0': AMENT_PREFIX_PATH=/home/kimseheon/px4_ros_com_ros2-a/install/px4_msgs:${AMENT_PREFIX_PATH} CMAKE_PREFIX_PATH=/home/kimseheon/px4_ros_com_ros2-a/install/px4_msgs:/home/kimseheon/px4_ros_com_ros2/install/px4_ros_com:/home/kimseheon/px4_ros_com_ros2/install/px4_msgs:/home/kimseheon/px4_ros_com_ros2-c/install/px4_ros_com:/home/kimseheon/px4_ros_com_ros2-c/install/px4_msgs:/opt/ros/foxy LD_LIBRARY_PATH=/home/kimseheon/px4_ros_com_ros2-a/install/px4_msgs/lib:${LD_LIBRARY_PATH} PYTHONPATH=/home/kimseheon/px4_ros_com_ros2-a/install/px4_msgs/lib/python3.8/site-packages:${PYTHONPATH} _=/usr/bin/env /usr/local/bin/cmake --build /home/kimseheon/px4_ros_com_ros2-a/build/px4_ros_com -- -j8 -l8
[243.529s] DEBUG:colcon.colcon_core.event_handler.log_command:Invoking command in '/home/kimseheon/px4_ros_com_ros2-a/build/px4_ros_com': AMENT_PREFIX_PATH=/home/kimseheon/px4_ros_com_ros2-a/install/px4_msgs:${AMENT_PREFIX_PATH} CMAKE_PREFIX_PATH=/home/kimseheon/px4_ros_com_ros2-a/install/px4_msgs:/home/kimseheon/px4_ros_com_ros2/install/px4_ros_com:/home/kimseheon/px4_ros_com_ros2/install/px4_msgs:/home/kimseheon/px4_ros_com_ros2-c/install/px4_ros_com:/home/kimseheon/px4_ros_com_ros2-c/install/px4_msgs:/opt/ros/foxy LD_LIBRARY_PATH=/home/kimseheon/px4_ros_com_ros2-a/install/px4_msgs/lib:${LD_LIBRARY_PATH} PYTHONPATH=/home/kimseheon/px4_ros_com_ros2-a/install/px4_msgs/lib/python3.8/site-packages:${PYTHONPATH} _=/usr/bin/env /usr/local/bin/cmake --install /home/kimseheon/px4_ros_com_ros2-a/build/px4_ros_com
[243.634s] Level 1:colcon.colcon_core.environment:create_environment_scripts_only(px4_ros_com)
[243.637s] Level 1:colcon.colcon_core.environment:checking '/home/kimseheon/px4_ros_com_ros2-a/install/px4_ros_com' for CMake module files
[243.637s] DEBUG:colcon.colcon_core.event_handler.log_command:Invoked command in '/home/kimseheon/px4_ros_com_ros2-a/build/px4_ros_com' returned '0': AMENT_PREFIX_PATH=/home/kimseheon/px4_ros_com_ros2-a/install/px4_msgs:${AMENT_PREFIX_PATH} CMAKE_PREFIX_PATH=/home/kimseheon/px4_ros_com_ros2-a/install/px4_msgs:/home/kimseheon/px4_ros_com_ros2/install/px4_ros_com:/home/kimseheon/px4_ros_com_ros2/install/px4_msgs:/home/kimseheon/px4_ros_com_ros2-c/install/px4_ros_com:/home/kimseheon/px4_ros_com_ros2-c/install/px4_msgs:/opt/ros/foxy LD_LIBRARY_PATH=/home/kimseheon/px4_ros_com_ros2-a/install/px4_msgs/lib:${LD_LIBRARY_PATH} PYTHONPATH=/home/kimseheon/px4_ros_com_ros2-a/install/px4_msgs/lib/python3.8/site-packages:${PYTHONPATH} _=/usr/bin/env /usr/local/bin/cmake --install /home/kimseheon/px4_ros_com_ros2-a/build/px4_ros_com
[243.637s] Level 1:colcon.colcon_core.environment:checking '/home/kimseheon/px4_ros_com_ros2-a/install/px4_ros_com' for CMake config files
[243.638s] Level 1:colcon.colcon_core.shell:create_environment_hook('px4_ros_com', 'cmake_prefix_path')
[243.640s] INFO:colcon.colcon_core.shell:Creating environment hook '/home/kimseheon/px4_ros_com_ros2-a/install/px4_ros_com/share/px4_ros_com/hook/cmake_prefix_path.ps1'
[243.640s] INFO:colcon.colcon_core.shell:Creating environment descriptor '/home/kimseheon/px4_ros_com_ros2-a/install/px4_ros_com/share/px4_ros_com/hook/cmake_prefix_path.dsv'
[243.640s] INFO:colcon.colcon_core.shell:Creating environment hook '/home/kimseheon/px4_ros_com_ros2-a/install/px4_ros_com/share/px4_ros_com/hook/cmake_prefix_path.sh'
[243.641s] Level 1:colcon.colcon_core.environment:checking '/home/kimseheon/px4_ros_com_ros2-a/install/px4_ros_com/lib'
[243.641s] Level 1:colcon.colcon_core.shell:create_environment_hook('px4_ros_com', 'ld_library_path_lib')
[243.642s] INFO:colcon.colcon_core.shell:Creating environment hook '/home/kimseheon/px4_ros_com_ros2-a/install/px4_ros_com/share/px4_ros_com/hook/ld_library_path_lib.ps1'
[243.643s] INFO:colcon.colcon_core.shell:Creating environment descriptor '/home/kimseheon/px4_ros_com_ros2-a/install/px4_ros_com/share/px4_ros_com/hook/ld_library_path_lib.dsv'
[243.643s] INFO:colcon.colcon_core.shell:Creating environment hook '/home/kimseheon/px4_ros_com_ros2-a/install/px4_ros_com/share/px4_ros_com/hook/ld_library_path_lib.sh'
[243.643s] Level 1:colcon.colcon_core.environment:checking '/home/kimseheon/px4_ros_com_ros2-a/install/px4_ros_com/bin'
[243.643s] Level 1:colcon.colcon_core.shell:create_environment_hook('px4_ros_com', 'path')
[243.645s] INFO:colcon.colcon_core.shell:Creating environment hook '/home/kimseheon/px4_ros_com_ros2-a/install/px4_ros_com/share/px4_ros_com/hook/path.ps1'
[243.645s] INFO:colcon.colcon_core.shell:Creating environment descriptor '/home/kimseheon/px4_ros_com_ros2-a/install/px4_ros_com/share/px4_ros_com/hook/path.dsv'
[243.645s] INFO:colcon.colcon_core.shell:Creating environment hook '/home/kimseheon/px4_ros_com_ros2-a/install/px4_ros_com/share/px4_ros_com/hook/path.sh'
[243.645s] Level 1:colcon.colcon_core.environment:checking '/home/kimseheon/px4_ros_com_ros2-a/install/px4_ros_com/lib/pkgconfig/px4_ros_com.pc'
[243.645s] Level 1:colcon.colcon_core.environment:checking '/home/kimseheon/px4_ros_com_ros2-a/install/px4_ros_com/lib/python3.8/site-packages'
[243.645s] Level 1:colcon.colcon_core.environment:checking '/home/kimseheon/px4_ros_com_ros2-a/install/px4_ros_com/bin'
[243.645s] Level 1:colcon.colcon_core.shell:create_environment_hook('px4_ros_com', 'pythonscriptspath')
[243.647s] INFO:colcon.colcon_core.shell:Creating environment hook '/home/kimseheon/px4_ros_com_ros2-a/install/px4_ros_com/share/px4_ros_com/hook/pythonscriptspath.ps1'
[243.647s] INFO:colcon.colcon_core.shell:Creating environment descriptor '/home/kimseheon/px4_ros_com_ros2-a/install/px4_ros_com/share/px4_ros_com/hook/pythonscriptspath.dsv'
[243.648s] INFO:colcon.colcon_core.shell:Creating environment hook '/home/kimseheon/px4_ros_com_ros2-a/install/px4_ros_com/share/px4_ros_com/hook/pythonscriptspath.sh'
[243.650s] INFO:colcon.colcon_core.shell:Creating package script '/home/kimseheon/px4_ros_com_ros2-a/install/px4_ros_com/share/px4_ros_com/package.ps1'
[243.650s] INFO:colcon.colcon_core.shell:Creating package descriptor '/home/kimseheon/px4_ros_com_ros2-a/install/px4_ros_com/share/px4_ros_com/package.dsv'
[243.651s] INFO:colcon.colcon_core.shell:Creating package script '/home/kimseheon/px4_ros_com_ros2-a/install/px4_ros_com/share/px4_ros_com/package.sh'
[243.651s] INFO:colcon.colcon_core.shell:Creating package script '/home/kimseheon/px4_ros_com_ros2-a/install/px4_ros_com/share/px4_ros_com/package.bash'
[243.651s] INFO:colcon.colcon_core.shell:Creating package script '/home/kimseheon/px4_ros_com_ros2-a/install/px4_ros_com/share/px4_ros_com/package.zsh'
[243.651s] Level 1:colcon.colcon_core.environment:create_file_with_runtime_dependencies(/home/kimseheon/px4_ros_com_ros2-a/install/px4_ros_com/share/colcon-core/packages/px4_ros_com)
[243.865s] Level 1:colcon.colcon_core.environment:create_environment_scripts_only(px4_ros_com)
[243.867s] Level 1:colcon.colcon_core.environment:checking '/home/kimseheon/px4_ros_com_ros2-a/install/px4_ros_com' for CMake module files
[243.868s] Level 1:colcon.colcon_core.environment:checking '/home/kimseheon/px4_ros_com_ros2-a/install/px4_ros_com' for CMake config files
[243.868s] Level 1:colcon.colcon_core.shell:create_environment_hook('px4_ros_com', 'cmake_prefix_path')
[243.870s] INFO:colcon.colcon_core.shell:Creating environment hook '/home/kimseheon/px4_ros_com_ros2-a/install/px4_ros_com/share/px4_ros_com/hook/cmake_prefix_path.ps1'
[243.870s] INFO:colcon.colcon_core.shell:Creating environment descriptor '/home/kimseheon/px4_ros_com_ros2-a/install/px4_ros_com/share/px4_ros_com/hook/cmake_prefix_path.dsv'
[243.870s] INFO:colcon.colcon_core.shell:Creating environment hook '/home/kimseheon/px4_ros_com_ros2-a/install/px4_ros_com/share/px4_ros_com/hook/cmake_prefix_path.sh'
[243.871s] Level 1:colcon.colcon_core.environment:checking '/home/kimseheon/px4_ros_com_ros2-a/install/px4_ros_com/lib'
[243.871s] Level 1:colcon.colcon_core.shell:create_environment_hook('px4_ros_com', 'ld_library_path_lib')
[243.873s] INFO:colcon.colcon_core.shell:Creating environment hook '/home/kimseheon/px4_ros_com_ros2-a/install/px4_ros_com/share/px4_ros_com/hook/ld_library_path_lib.ps1'
[243.873s] INFO:colcon.colcon_core.shell:Creating environment descriptor '/home/kimseheon/px4_ros_com_ros2-a/install/px4_ros_com/share/px4_ros_com/hook/ld_library_path_lib.dsv'
[243.873s] INFO:colcon.colcon_core.shell:Creating environment hook '/home/kimseheon/px4_ros_com_ros2-a/install/px4_ros_com/share/px4_ros_com/hook/ld_library_path_lib.sh'
[243.873s] Level 1:colcon.colcon_core.environment:checking '/home/kimseheon/px4_ros_com_ros2-a/install/px4_ros_com/bin'
[243.873s] Level 1:colcon.colcon_core.shell:create_environment_hook('px4_ros_com', 'path')
[243.875s] INFO:colcon.colcon_core.shell:Creating environment hook '/home/kimseheon/px4_ros_com_ros2-a/install/px4_ros_com/share/px4_ros_com/hook/path.ps1'
[243.875s] INFO:colcon.colcon_core.shell:Creating environment descriptor '/home/kimseheon/px4_ros_com_ros2-a/install/px4_ros_com/share/px4_ros_com/hook/path.dsv'
[243.876s] INFO:colcon.colcon_core.shell:Creating environment hook '/home/kimseheon/px4_ros_com_ros2-a/install/px4_ros_com/share/px4_ros_com/hook/path.sh'
[243.876s] Level 1:colcon.colcon_core.environment:checking '/home/kimseheon/px4_ros_com_ros2-a/install/px4_ros_com/lib/pkgconfig/px4_ros_com.pc'
[243.876s] Level 1:colcon.colcon_core.environment:checking '/home/kimseheon/px4_ros_com_ros2-a/install/px4_ros_com/lib/python3.8/site-packages'
[243.876s] Level 1:colcon.colcon_core.environment:checking '/home/kimseheon/px4_ros_com_ros2-a/install/px4_ros_com/bin'
[243.876s] Level 1:colcon.colcon_core.shell:create_environment_hook('px4_ros_com', 'pythonscriptspath')
[243.878s] INFO:colcon.colcon_core.shell:Creating environment hook '/home/kimseheon/px4_ros_com_ros2-a/install/px4_ros_com/share/px4_ros_com/hook/pythonscriptspath.ps1'
[243.878s] INFO:colcon.colcon_core.shell:Creating environment descriptor '/home/kimseheon/px4_ros_com_ros2-a/install/px4_ros_com/share/px4_ros_com/hook/pythonscriptspath.dsv'
[243.878s] INFO:colcon.colcon_core.shell:Creating environment hook '/home/kimseheon/px4_ros_com_ros2-a/install/px4_ros_com/share/px4_ros_com/hook/pythonscriptspath.sh'
[243.880s] INFO:colcon.colcon_core.shell:Creating package script '/home/kimseheon/px4_ros_com_ros2-a/install/px4_ros_com/share/px4_ros_com/package.ps1'
[243.881s] INFO:colcon.colcon_core.shell:Creating package descriptor '/home/kimseheon/px4_ros_com_ros2-a/install/px4_ros_com/share/px4_ros_com/package.dsv'
[243.881s] INFO:colcon.colcon_core.shell:Creating package script '/home/kimseheon/px4_ros_com_ros2-a/install/px4_ros_com/share/px4_ros_com/package.sh'
[243.881s] INFO:colcon.colcon_core.shell:Creating package script '/home/kimseheon/px4_ros_com_ros2-a/install/px4_ros_com/share/px4_ros_com/package.bash'
[243.882s] INFO:colcon.colcon_core.shell:Creating package script '/home/kimseheon/px4_ros_com_ros2-a/install/px4_ros_com/share/px4_ros_com/package.zsh'
[243.882s] Level 1:colcon.colcon_core.environment:create_file_with_runtime_dependencies(/home/kimseheon/px4_ros_com_ros2-a/install/px4_ros_com/share/colcon-core/packages/px4_ros_com)
[243.882s] DEBUG:colcon.colcon_parallel_executor.executor.parallel:closing loop
[243.882s] DEBUG:colcon.colcon_parallel_executor.executor.parallel:loop closed
[243.883s] DEBUG:colcon.colcon_parallel_executor.executor.parallel:run_until_complete finished with '0'
[243.883s] DEBUG:colcon.colcon_core.event_reactor:joining thread
[243.886s] INFO:colcon.colcon_core.plugin_system:Skipping extension 'colcon_notification.desktop_notification.terminal_notifier': Not used on non-Darwin systems
[243.886s] INFO:colcon.colcon_core.plugin_system:Skipping extension 'colcon_notification.desktop_notification.win32': Not used on non-Windows systems
[243.886s] INFO:colcon.colcon_notification.desktop_notification:Sending desktop notification using 'notify2'
[243.897s] DEBUG:colcon.colcon_core.event_reactor:joined thread
[243.900s] INFO:colcon.colcon_core.shell:Creating prefix script '/home/kimseheon/px4_ros_com_ros2-a/install/local_setup.ps1'
[243.901s] INFO:colcon.colcon_core.shell:Creating prefix util module '/home/kimseheon/px4_ros_com_ros2-a/install/_local_setup_util_ps1.py'
[243.901s] INFO:colcon.colcon_core.shell:Creating prefix chain script '/home/kimseheon/px4_ros_com_ros2-a/install/setup.ps1'
[243.903s] INFO:colcon.colcon_core.shell:Creating prefix script '/home/kimseheon/px4_ros_com_ros2-a/install/local_setup.sh'
[243.903s] INFO:colcon.colcon_core.shell:Creating prefix util module '/home/kimseheon/px4_ros_com_ros2-a/install/_local_setup_util_sh.py'
[243.903s] INFO:colcon.colcon_core.shell:Creating prefix chain script '/home/kimseheon/px4_ros_com_ros2-a/install/setup.sh'
[243.904s] INFO:colcon.colcon_core.shell:Creating prefix script '/home/kimseheon/px4_ros_com_ros2-a/install/local_setup.bash'
[243.904s] INFO:colcon.colcon_core.shell:Creating prefix chain script '/home/kimseheon/px4_ros_com_ros2-a/install/setup.bash'
[243.906s] INFO:colcon.colcon_core.shell:Creating prefix script '/home/kimseheon/px4_ros_com_ros2-a/install/local_setup.zsh'
[243.906s] INFO:colcon.colcon_core.shell:Creating prefix chain script '/home/kimseheon/px4_ros_com_ros2-a/install/setup.zsh'
