CMake Error at CMakeLists.txt:71 (add_executable):
  Cannot find source file:

    src/custom_offboard/third_offboard.cpp

  Tried extensions .c .C .c++ .cc .cpp .cxx .cu .m .M .mm .h .hh .h++ .hm
  .hpp .hxx .in .txx
Call Stack (most recent call first):
  CMakeLists.txt:101 (custom_executable)


CMake Error at CMakeLists.txt:71 (add_executable):
  Cannot find source file:

    src/custom_offboard/second_offboard.cpp

  Tried extensions .c .C .c++ .cc .cpp .cxx .cu .m .M .mm .h .hh .h++ .hm
  .hpp .hxx .in .txx
Call Stack (most recent call first):
  CMakeLists.txt:100 (custom_executable)


CMake Error at CMakeLists.txt:71 (add_executable):
  No SOURCES given to target: third_offboard
Call Stack (most recent call first):
  CMakeLists.txt:101 (custom_executable)


CMake Error at CMakeLists.txt:71 (add_executable):
  No SOURCES given to target: second_offboard
Call Stack (most recent call first):
  CMakeLists.txt:100 (custom_executable)


CMake Generate step failed.  Build files cannot be regenerated correctly.
make: *** [Makefile:3099: cmake_check_build_system] Error 1
