[0.199s] DEBUG:colcon:Command line arguments: ['/usr/bin/colcon', 'build', '--symlink-install']
[0.199s] DEBUG:colcon:Parsed command line arguments: Namespace(allow_overriding=[], ament_cmake_args=None, base_paths=['.'], build_base='build', catkin_cmake_args=None, catkin_skip_building_tests=False, cmake_args=None, cmake_clean_cache=False, cmake_clean_first=False, cmake_force_configure=False, cmake_target=None, cmake_target_skip_unavailable=False, continue_on_error=False, event_handlers=None, executor='parallel', ignore_user_meta=False, install_base='install', log_base=None, log_level=None, main=<bound method BuildVerb.main of <colcon_core.verb.build.BuildVerb object at 0x7f9e410530a0>>, merge_install=False, metas=['./colcon.meta'], packages_above=None, packages_above_and_dependencies=None, packages_above_depth=None, packages_end=None, packages_ignore=None, packages_ignore_regex=None, packages_select=None, packages_select_build_failed=False, packages_select_by_dep=None, packages_select_regex=None, packages_select_test_failures=False, packages_skip=None, packages_skip_build_finished=False, packages_skip_by_dep=None, packages_skip_regex=None, packages_skip_test_passed=False, packages_skip_up_to=None, packages_start=None, packages_up_to=None, packages_up_to_regex=None, parallel_workers=8, paths=None, symlink_install=True, test_result_base=None, verb_extension=<colcon_core.verb.build.BuildVerb object at 0x7f9e410530a0>, verb_name='build', verb_parser=<colcon_defaults.argument_parser.defaults.DefaultArgumentsDecorator object at 0x7f9e4100bc70>)
[0.228s] Level 1:colcon.colcon_core.package_discovery:discover_packages(colcon_meta) check parameters
[0.228s] Level 1:colcon.colcon_core.package_discovery:discover_packages(recursive) check parameters
[0.228s] Level 1:colcon.colcon_core.package_discovery:discover_packages(ignore) check parameters
[0.228s] Level 1:colcon.colcon_core.package_discovery:discover_packages(path) check parameters
[0.228s] Level 1:colcon.colcon_core.package_discovery:discover_packages(colcon_meta) discover
[0.228s] Level 1:colcon.colcon_core.package_discovery:discover_packages(recursive) discover
[0.228s] INFO:colcon.colcon_core.package_discovery:Crawling recursively for packages in '/home/kimseheon/px4_ros_com_ros2-a'
[0.228s] Level 1:colcon.colcon_core.package_identification:_identify(.) by extensions ['ignore', 'ignore_ament_install']
[0.228s] Level 1:colcon.colcon_core.package_identification:_identify(.) by extension 'ignore'
[0.228s] Level 1:colcon.colcon_core.package_identification:_identify(.) by extension 'ignore_ament_install'
[0.228s] Level 1:colcon.colcon_core.package_identification:_identify(.) by extensions ['colcon_pkg']
[0.228s] Level 1:colcon.colcon_core.package_identification:_identify(.) by extension 'colcon_pkg'
[0.228s] Level 1:colcon.colcon_core.package_identification:_identify(.) by extensions ['colcon_meta']
[0.228s] Level 1:colcon.colcon_core.package_identification:_identify(.) by extension 'colcon_meta'
[0.228s] Level 1:colcon.colcon_core.package_identification:_identify(.) by extensions ['ros']
[0.228s] Level 1:colcon.colcon_core.package_identification:_identify(.) by extension 'ros'
[0.239s] Level 1:colcon.colcon_core.package_identification:_identify(.) by extensions ['cmake', 'python']
[0.239s] Level 1:colcon.colcon_core.package_identification:_identify(.) by extension 'cmake'
[0.239s] Level 1:colcon.colcon_core.package_identification:_identify(.) by extension 'python'
[0.239s] Level 1:colcon.colcon_core.package_identification:_identify(.) by extensions ['python_setup_py']
[0.239s] Level 1:colcon.colcon_core.package_identification:_identify(.) by extension 'python_setup_py'
[0.239s] Level 1:colcon.colcon_core.package_identification:_identify(build) by extensions ['ignore', 'ignore_ament_install']
[0.239s] Level 1:colcon.colcon_core.package_identification:_identify(build) by extension 'ignore'
[0.239s] Level 1:colcon.colcon_core.package_identification:_identify(build) ignored
[0.239s] Level 1:colcon.colcon_core.package_identification:_identify(install) by extensions ['ignore', 'ignore_ament_install']
[0.239s] Level 1:colcon.colcon_core.package_identification:_identify(install) by extension 'ignore'
[0.239s] Level 1:colcon.colcon_core.package_identification:_identify(install) ignored
[0.239s] Level 1:colcon.colcon_core.package_identification:_identify(log) by extensions ['ignore', 'ignore_ament_install']
[0.239s] Level 1:colcon.colcon_core.package_identification:_identify(log) by extension 'ignore'
[0.240s] Level 1:colcon.colcon_core.package_identification:_identify(log) ignored
[0.240s] Level 1:colcon.colcon_core.package_identification:_identify(src) by extensions ['ignore', 'ignore_ament_install']
[0.240s] Level 1:colcon.colcon_core.package_identification:_identify(src) by extension 'ignore'
[0.240s] Level 1:colcon.colcon_core.package_identification:_identify(src) by extension 'ignore_ament_install'
[0.240s] Level 1:colcon.colcon_core.package_identification:_identify(src) by extensions ['colcon_pkg']
[0.240s] Level 1:colcon.colcon_core.package_identification:_identify(src) by extension 'colcon_pkg'
[0.240s] Level 1:colcon.colcon_core.package_identification:_identify(src) by extensions ['colcon_meta']
[0.240s] Level 1:colcon.colcon_core.package_identification:_identify(src) by extension 'colcon_meta'
[0.240s] Level 1:colcon.colcon_core.package_identification:_identify(src) by extensions ['ros']
[0.240s] Level 1:colcon.colcon_core.package_identification:_identify(src) by extension 'ros'
[0.240s] Level 1:colcon.colcon_core.package_identification:_identify(src) by extensions ['cmake', 'python']
[0.240s] Level 1:colcon.colcon_core.package_identification:_identify(src) by extension 'cmake'
[0.240s] Level 1:colcon.colcon_core.package_identification:_identify(src) by extension 'python'
[0.240s] Level 1:colcon.colcon_core.package_identification:_identify(src) by extensions ['python_setup_py']
[0.240s] Level 1:colcon.colcon_core.package_identification:_identify(src) by extension 'python_setup_py'
[0.240s] Level 1:colcon.colcon_core.package_identification:_identify(src/px4_msgs) by extensions ['ignore', 'ignore_ament_install']
[0.240s] Level 1:colcon.colcon_core.package_identification:_identify(src/px4_msgs) by extension 'ignore'
[0.240s] Level 1:colcon.colcon_core.package_identification:_identify(src/px4_msgs) by extension 'ignore_ament_install'
[0.240s] Level 1:colcon.colcon_core.package_identification:_identify(src/px4_msgs) by extensions ['colcon_pkg']
[0.240s] Level 1:colcon.colcon_core.package_identification:_identify(src/px4_msgs) by extension 'colcon_pkg'
[0.240s] Level 1:colcon.colcon_core.package_identification:_identify(src/px4_msgs) by extensions ['colcon_meta']
[0.240s] Level 1:colcon.colcon_core.package_identification:_identify(src/px4_msgs) by extension 'colcon_meta'
[0.240s] Level 1:colcon.colcon_core.package_identification:_identify(src/px4_msgs) by extensions ['ros']
[0.240s] Level 1:colcon.colcon_core.package_identification:_identify(src/px4_msgs) by extension 'ros'
[0.242s] DEBUG:colcon.colcon_core.package_identification:Package 'src/px4_msgs' with type 'ros.ament_cmake' and name 'px4_msgs'
[0.242s] Level 1:colcon.colcon_core.package_identification:_identify(src/px4_ros_com) by extensions ['ignore', 'ignore_ament_install']
[0.242s] Level 1:colcon.colcon_core.package_identification:_identify(src/px4_ros_com) by extension 'ignore'
[0.242s] Level 1:colcon.colcon_core.package_identification:_identify(src/px4_ros_com) by extension 'ignore_ament_install'
[0.242s] Level 1:colcon.colcon_core.package_identification:_identify(src/px4_ros_com) by extensions ['colcon_pkg']
[0.242s] Level 1:colcon.colcon_core.package_identification:_identify(src/px4_ros_com) by extension 'colcon_pkg'
[0.242s] Level 1:colcon.colcon_core.package_identification:_identify(src/px4_ros_com) by extensions ['colcon_meta']
[0.242s] Level 1:colcon.colcon_core.package_identification:_identify(src/px4_ros_com) by extension 'colcon_meta'
[0.242s] Level 1:colcon.colcon_core.package_identification:_identify(src/px4_ros_com) by extensions ['ros']
[0.242s] Level 1:colcon.colcon_core.package_identification:_identify(src/px4_ros_com) by extension 'ros'
[0.243s] DEBUG:colcon.colcon_core.package_identification:Package 'src/px4_ros_com' with type 'ros.ament_cmake' and name 'px4_ros_com'
[0.243s] Level 1:colcon.colcon_core.package_discovery:discover_packages(recursive) using defaults
[0.243s] Level 1:colcon.colcon_core.package_discovery:discover_packages(ignore) discover
[0.244s] Level 1:colcon.colcon_core.package_discovery:discover_packages(ignore) using defaults
[0.244s] Level 1:colcon.colcon_core.package_discovery:discover_packages(path) discover
[0.244s] Level 1:colcon.colcon_core.package_discovery:discover_packages(path) using defaults
[0.263s] Level 1:colcon.colcon_core.package_discovery:discover_packages(prefix_path) check parameters
[0.263s] Level 1:colcon.colcon_core.package_discovery:discover_packages(prefix_path) discover
[0.265s] DEBUG:colcon.colcon_installed_package_information.package_discovery:Found 2 installed packages in /home/kimseheon/px4_ros_com_ros2-a/install
[0.266s] DEBUG:colcon.colcon_installed_package_information.package_discovery:Found 2 installed packages in /home/kimseheon/px4_ros_com_ros2/install
[0.268s] DEBUG:colcon.colcon_installed_package_information.package_discovery:Found 274 installed packages in /opt/ros/foxy
[0.269s] Level 1:colcon.colcon_core.package_discovery:discover_packages(prefix_path) using defaults
[0.308s] Level 5:colcon.colcon_core.verb:set package 'px4_msgs' build argument 'cmake_args' from command line to 'None'
[0.308s] Level 5:colcon.colcon_core.verb:set package 'px4_msgs' build argument 'cmake_target' from command line to 'None'
[0.308s] Level 5:colcon.colcon_core.verb:set package 'px4_msgs' build argument 'cmake_target_skip_unavailable' from command line to 'False'
[0.308s] Level 5:colcon.colcon_core.verb:set package 'px4_msgs' build argument 'cmake_clean_cache' from command line to 'False'
[0.308s] Level 5:colcon.colcon_core.verb:set package 'px4_msgs' build argument 'cmake_clean_first' from command line to 'False'
[0.309s] Level 5:colcon.colcon_core.verb:set package 'px4_msgs' build argument 'cmake_force_configure' from command line to 'False'
[0.309s] Level 5:colcon.colcon_core.verb:set package 'px4_msgs' build argument 'ament_cmake_args' from command line to 'None'
[0.309s] Level 5:colcon.colcon_core.verb:set package 'px4_msgs' build argument 'catkin_cmake_args' from command line to 'None'
[0.309s] Level 5:colcon.colcon_core.verb:set package 'px4_msgs' build argument 'catkin_skip_building_tests' from command line to 'False'
[0.309s] DEBUG:colcon.colcon_core.verb:Building package 'px4_msgs' with the following arguments: {'ament_cmake_args': None, 'build_base': '/home/kimseheon/px4_ros_com_ros2-a/build/px4_msgs', 'catkin_cmake_args': None, 'catkin_skip_building_tests': False, 'cmake_args': None, 'cmake_clean_cache': False, 'cmake_clean_first': False, 'cmake_force_configure': False, 'cmake_target': None, 'cmake_target_skip_unavailable': False, 'install_base': '/home/kimseheon/px4_ros_com_ros2-a/install/px4_msgs', 'merge_install': False, 'path': '/home/kimseheon/px4_ros_com_ros2-a/src/px4_msgs', 'symlink_install': True, 'test_result_base': None}
[0.310s] Level 5:colcon.colcon_core.verb:set package 'px4_ros_com' build argument 'cmake_args' from command line to 'None'
[0.310s] Level 5:colcon.colcon_core.verb:set package 'px4_ros_com' build argument 'cmake_target' from command line to 'None'
[0.310s] Level 5:colcon.colcon_core.verb:set package 'px4_ros_com' build argument 'cmake_target_skip_unavailable' from command line to 'False'
[0.310s] Level 5:colcon.colcon_core.verb:set package 'px4_ros_com' build argument 'cmake_clean_cache' from command line to 'False'
[0.310s] Level 5:colcon.colcon_core.verb:set package 'px4_ros_com' build argument 'cmake_clean_first' from command line to 'False'
[0.310s] Level 5:colcon.colcon_core.verb:set package 'px4_ros_com' build argument 'cmake_force_configure' from command line to 'False'
[0.310s] Level 5:colcon.colcon_core.verb:set package 'px4_ros_com' build argument 'ament_cmake_args' from command line to 'None'
[0.310s] Level 5:colcon.colcon_core.verb:set package 'px4_ros_com' build argument 'catkin_cmake_args' from command line to 'None'
[0.310s] Level 5:colcon.colcon_core.verb:set package 'px4_ros_com' build argument 'catkin_skip_building_tests' from command line to 'False'
[0.310s] DEBUG:colcon.colcon_core.verb:Building package 'px4_ros_com' with the following arguments: {'ament_cmake_args': None, 'build_base': '/home/kimseheon/px4_ros_com_ros2-a/build/px4_ros_com', 'catkin_cmake_args': None, 'catkin_skip_building_tests': False, 'cmake_args': None, 'cmake_clean_cache': False, 'cmake_clean_first': False, 'cmake_force_configure': False, 'cmake_target': None, 'cmake_target_skip_unavailable': False, 'install_base': '/home/kimseheon/px4_ros_com_ros2-a/install/px4_ros_com', 'merge_install': False, 'path': '/home/kimseheon/px4_ros_com_ros2-a/src/px4_ros_com', 'symlink_install': True, 'test_result_base': None}
[0.311s] INFO:colcon.colcon_core.executor:Executing jobs using 'parallel' executor
[0.315s] DEBUG:colcon.colcon_parallel_executor.executor.parallel:run_until_complete
[0.315s] INFO:colcon.colcon_ros.task.ament_cmake.build:Building ROS package in '/home/kimseheon/px4_ros_com_ros2-a/src/px4_msgs' with build type 'ament_cmake'
[0.316s] INFO:colcon.colcon_cmake.task.cmake.build:Building CMake package in '/home/kimseheon/px4_ros_com_ros2-a/src/px4_msgs'
[0.319s] INFO:colcon.colcon_core.plugin_system:Skipping extension 'colcon_core.shell.bat': Not used on non-Windows systems
[0.319s] INFO:colcon.colcon_core.shell:Skip shell extension 'powershell' for command environment: Not usable outside of PowerShell
[0.319s] DEBUG:colcon.colcon_core.shell:Skip shell extension 'dsv' for command environment
[0.331s] DEBUG:colcon.colcon_core.event_handler.log_command:Invoking command in '/home/kimseheon/px4_ros_com_ros2-a/build/px4_msgs': CMAKE_PREFIX_PATH=${CMAKE_PREFIX_PATH}:/opt/ros/foxy _=/usr/bin/env /usr/local/bin/cmake /home/kimseheon/px4_ros_com_ros2-a/src/px4_msgs -DAMENT_CMAKE_SYMLINK_INSTALL=1 -DCMAKE_INSTALL_PREFIX=/home/kimseheon/px4_ros_com_ros2-a/install/px4_msgs
[2.214s] DEBUG:colcon.colcon_core.event_handler.log_command:Invoked command in '/home/kimseheon/px4_ros_com_ros2-a/build/px4_msgs' returned '0': CMAKE_PREFIX_PATH=${CMAKE_PREFIX_PATH}:/opt/ros/foxy _=/usr/bin/env /usr/local/bin/cmake /home/kimseheon/px4_ros_com_ros2-a/src/px4_msgs -DAMENT_CMAKE_SYMLINK_INSTALL=1 -DCMAKE_INSTALL_PREFIX=/home/kimseheon/px4_ros_com_ros2-a/install/px4_msgs
[2.216s] DEBUG:colcon.colcon_core.event_handler.log_command:Invoking command in '/home/kimseheon/px4_ros_com_ros2-a/build/px4_msgs': CMAKE_PREFIX_PATH=${CMAKE_PREFIX_PATH}:/opt/ros/foxy _=/usr/bin/env /usr/local/bin/cmake --build /home/kimseheon/px4_ros_com_ros2-a/build/px4_msgs -- -j8 -l8
[2.766s] DEBUG:colcon.colcon_core.event_handler.log_command:Invoked command in '/home/kimseheon/px4_ros_com_ros2-a/build/px4_msgs' returned '0': CMAKE_PREFIX_PATH=${CMAKE_PREFIX_PATH}:/opt/ros/foxy _=/usr/bin/env /usr/local/bin/cmake --build /home/kimseheon/px4_ros_com_ros2-a/build/px4_msgs -- -j8 -l8
[6.681s] DEBUG:colcon.colcon_core.event_handler.log_command:Invoking command in '/home/kimseheon/px4_ros_com_ros2-a/build/px4_msgs': CMAKE_PREFIX_PATH=${CMAKE_PREFIX_PATH}:/opt/ros/foxy _=/usr/bin/env /usr/local/bin/cmake --install /home/kimseheon/px4_ros_com_ros2-a/build/px4_msgs
[7.130s] Level 1:colcon.colcon_core.environment:create_environment_scripts_only(px4_msgs)
[7.131s] DEBUG:colcon.colcon_core.event_handler.log_command:Invoked command in '/home/kimseheon/px4_ros_com_ros2-a/build/px4_msgs' returned '0': CMAKE_PREFIX_PATH=${CMAKE_PREFIX_PATH}:/opt/ros/foxy _=/usr/bin/env /usr/local/bin/cmake --install /home/kimseheon/px4_ros_com_ros2-a/build/px4_msgs
[7.135s] Level 1:colcon.colcon_core.environment:checking '/home/kimseheon/px4_ros_com_ros2-a/install/px4_msgs' for CMake module files
[7.135s] Level 1:colcon.colcon_core.environment:checking '/home/kimseheon/px4_ros_com_ros2-a/install/px4_msgs' for CMake config files
[7.146s] Level 1:colcon.colcon_core.shell:create_environment_hook('px4_msgs', 'cmake_prefix_path')
[7.148s] INFO:colcon.colcon_core.shell:Creating environment hook '/home/kimseheon/px4_ros_com_ros2-a/install/px4_msgs/share/px4_msgs/hook/cmake_prefix_path.ps1'
[7.149s] INFO:colcon.colcon_core.shell:Creating environment descriptor '/home/kimseheon/px4_ros_com_ros2-a/install/px4_msgs/share/px4_msgs/hook/cmake_prefix_path.dsv'
[7.149s] INFO:colcon.colcon_core.shell:Creating environment hook '/home/kimseheon/px4_ros_com_ros2-a/install/px4_msgs/share/px4_msgs/hook/cmake_prefix_path.sh'
[7.150s] Level 1:colcon.colcon_core.environment:checking '/home/kimseheon/px4_ros_com_ros2-a/install/px4_msgs/lib'
[7.150s] Level 1:colcon.colcon_core.shell:create_environment_hook('px4_msgs', 'ld_library_path_lib')
[7.152s] INFO:colcon.colcon_core.shell:Creating environment hook '/home/kimseheon/px4_ros_com_ros2-a/install/px4_msgs/share/px4_msgs/hook/ld_library_path_lib.ps1'
[7.152s] INFO:colcon.colcon_core.shell:Creating environment descriptor '/home/kimseheon/px4_ros_com_ros2-a/install/px4_msgs/share/px4_msgs/hook/ld_library_path_lib.dsv'
[7.152s] INFO:colcon.colcon_core.shell:Creating environment hook '/home/kimseheon/px4_ros_com_ros2-a/install/px4_msgs/share/px4_msgs/hook/ld_library_path_lib.sh'
[7.152s] Level 1:colcon.colcon_core.environment:checking '/home/kimseheon/px4_ros_com_ros2-a/install/px4_msgs/bin'
[7.152s] Level 1:colcon.colcon_core.environment:checking '/home/kimseheon/px4_ros_com_ros2-a/install/px4_msgs/lib/pkgconfig/px4_msgs.pc'
[7.153s] Level 1:colcon.colcon_core.environment:checking '/home/kimseheon/px4_ros_com_ros2-a/install/px4_msgs/lib/python3.8/site-packages'
[7.153s] Level 1:colcon.colcon_core.shell:create_environment_hook('px4_msgs', 'pythonpath')
[7.155s] INFO:colcon.colcon_core.shell:Creating environment hook '/home/kimseheon/px4_ros_com_ros2-a/install/px4_msgs/share/px4_msgs/hook/pythonpath.ps1'
[7.155s] INFO:colcon.colcon_core.shell:Creating environment descriptor '/home/kimseheon/px4_ros_com_ros2-a/install/px4_msgs/share/px4_msgs/hook/pythonpath.dsv'
[7.155s] INFO:colcon.colcon_core.shell:Creating environment hook '/home/kimseheon/px4_ros_com_ros2-a/install/px4_msgs/share/px4_msgs/hook/pythonpath.sh'
[7.155s] Level 1:colcon.colcon_core.environment:checking '/home/kimseheon/px4_ros_com_ros2-a/install/px4_msgs/bin'
[7.157s] INFO:colcon.colcon_core.shell:Creating package script '/home/kimseheon/px4_ros_com_ros2-a/install/px4_msgs/share/px4_msgs/package.ps1'
[7.158s] INFO:colcon.colcon_core.shell:Creating package descriptor '/home/kimseheon/px4_ros_com_ros2-a/install/px4_msgs/share/px4_msgs/package.dsv'
[7.158s] INFO:colcon.colcon_core.shell:Creating package script '/home/kimseheon/px4_ros_com_ros2-a/install/px4_msgs/share/px4_msgs/package.sh'
[7.159s] INFO:colcon.colcon_core.shell:Creating package script '/home/kimseheon/px4_ros_com_ros2-a/install/px4_msgs/share/px4_msgs/package.bash'
[7.159s] INFO:colcon.colcon_core.shell:Creating package script '/home/kimseheon/px4_ros_com_ros2-a/install/px4_msgs/share/px4_msgs/package.zsh'
[7.160s] Level 1:colcon.colcon_core.environment:create_file_with_runtime_dependencies(/home/kimseheon/px4_ros_com_ros2-a/install/px4_msgs/share/colcon-core/packages/px4_msgs)
[11.066s] Level 1:colcon.colcon_core.environment:create_environment_scripts_only(px4_msgs)
[11.069s] Level 1:colcon.colcon_core.environment:checking '/home/kimseheon/px4_ros_com_ros2-a/install/px4_msgs' for CMake module files
[11.069s] Level 1:colcon.colcon_core.environment:checking '/home/kimseheon/px4_ros_com_ros2-a/install/px4_msgs' for CMake config files
[11.080s] Level 1:colcon.colcon_core.shell:create_environment_hook('px4_msgs', 'cmake_prefix_path')
[11.081s] INFO:colcon.colcon_core.shell:Creating environment hook '/home/kimseheon/px4_ros_com_ros2-a/install/px4_msgs/share/px4_msgs/hook/cmake_prefix_path.ps1'
[11.082s] INFO:colcon.colcon_core.shell:Creating environment descriptor '/home/kimseheon/px4_ros_com_ros2-a/install/px4_msgs/share/px4_msgs/hook/cmake_prefix_path.dsv'
[11.082s] INFO:colcon.colcon_core.shell:Creating environment hook '/home/kimseheon/px4_ros_com_ros2-a/install/px4_msgs/share/px4_msgs/hook/cmake_prefix_path.sh'
[11.082s] Level 1:colcon.colcon_core.environment:checking '/home/kimseheon/px4_ros_com_ros2-a/install/px4_msgs/lib'
[11.083s] Level 1:colcon.colcon_core.shell:create_environment_hook('px4_msgs', 'ld_library_path_lib')
[11.084s] INFO:colcon.colcon_core.shell:Creating environment hook '/home/kimseheon/px4_ros_com_ros2-a/install/px4_msgs/share/px4_msgs/hook/ld_library_path_lib.ps1'
[11.085s] INFO:colcon.colcon_core.shell:Creating environment descriptor '/home/kimseheon/px4_ros_com_ros2-a/install/px4_msgs/share/px4_msgs/hook/ld_library_path_lib.dsv'
[11.085s] INFO:colcon.colcon_core.shell:Creating environment hook '/home/kimseheon/px4_ros_com_ros2-a/install/px4_msgs/share/px4_msgs/hook/ld_library_path_lib.sh'
[11.085s] Level 1:colcon.colcon_core.environment:checking '/home/kimseheon/px4_ros_com_ros2-a/install/px4_msgs/bin'
[11.085s] Level 1:colcon.colcon_core.environment:checking '/home/kimseheon/px4_ros_com_ros2-a/install/px4_msgs/lib/pkgconfig/px4_msgs.pc'
[11.085s] Level 1:colcon.colcon_core.environment:checking '/home/kimseheon/px4_ros_com_ros2-a/install/px4_msgs/lib/python3.8/site-packages'
[11.085s] Level 1:colcon.colcon_core.shell:create_environment_hook('px4_msgs', 'pythonpath')
[11.087s] INFO:colcon.colcon_core.shell:Creating environment hook '/home/kimseheon/px4_ros_com_ros2-a/install/px4_msgs/share/px4_msgs/hook/pythonpath.ps1'
[11.088s] INFO:colcon.colcon_core.shell:Creating environment descriptor '/home/kimseheon/px4_ros_com_ros2-a/install/px4_msgs/share/px4_msgs/hook/pythonpath.dsv'
[11.088s] INFO:colcon.colcon_core.shell:Creating environment hook '/home/kimseheon/px4_ros_com_ros2-a/install/px4_msgs/share/px4_msgs/hook/pythonpath.sh'
[11.090s] Level 1:colcon.colcon_core.environment:checking '/home/kimseheon/px4_ros_com_ros2-a/install/px4_msgs/bin'
[11.092s] INFO:colcon.colcon_core.shell:Creating package script '/home/kimseheon/px4_ros_com_ros2-a/install/px4_msgs/share/px4_msgs/package.ps1'
[11.092s] INFO:colcon.colcon_core.shell:Creating package descriptor '/home/kimseheon/px4_ros_com_ros2-a/install/px4_msgs/share/px4_msgs/package.dsv'
[11.093s] INFO:colcon.colcon_core.shell:Creating package script '/home/kimseheon/px4_ros_com_ros2-a/install/px4_msgs/share/px4_msgs/package.sh'
[11.093s] INFO:colcon.colcon_core.shell:Creating package script '/home/kimseheon/px4_ros_com_ros2-a/install/px4_msgs/share/px4_msgs/package.bash'
[11.093s] INFO:colcon.colcon_core.shell:Creating package script '/home/kimseheon/px4_ros_com_ros2-a/install/px4_msgs/share/px4_msgs/package.zsh'
[11.093s] Level 1:colcon.colcon_core.environment:create_file_with_runtime_dependencies(/home/kimseheon/px4_ros_com_ros2-a/install/px4_msgs/share/colcon-core/packages/px4_msgs)
[11.094s] INFO:colcon.colcon_ros.task.ament_cmake.build:Building ROS package in '/home/kimseheon/px4_ros_com_ros2-a/src/px4_ros_com' with build type 'ament_cmake'
[11.094s] INFO:colcon.colcon_cmake.task.cmake.build:Building CMake package in '/home/kimseheon/px4_ros_com_ros2-a/src/px4_ros_com'
[11.096s] INFO:colcon.colcon_core.shell:Skip shell extension 'powershell' for command environment: Not usable outside of PowerShell
[11.096s] DEBUG:colcon.colcon_core.shell:Skip shell extension 'dsv' for command environment
[11.110s] DEBUG:colcon.colcon_core.event_handler.log_command:Invoking command in '/home/kimseheon/px4_ros_com_ros2-a/build/px4_ros_com': CMAKE_PREFIX_PATH=/home/kimseheon/px4_ros_com_ros2-a/install/px4_msgs:/home/kimseheon/px4_ros_com_ros2-a/install/px4_ros_com:/home/kimseheon/px4_ros_com_ros2/install/px4_ros_com:/home/kimseheon/px4_ros_com_ros2/install/px4_msgs:/opt/ros/foxy LD_LIBRARY_PATH=/home/kimseheon/px4_ros_com_ros2-a/install/px4_msgs/lib:/home/kimseheon/px4_ros_com_ros2-a/install/px4_ros_com/lib:/home/kimseheon/px4_ros_com_ros2/install/px4_ros_com/lib:/home/kimseheon/px4_ros_com_ros2/install/px4_msgs/lib:/usr/lib/x86_64-linux-gnu/gazebo-11/plugins:/opt/ros/foxy/opt/yaml_cpp_vendor/lib:/opt/ros/foxy/opt/rviz_ogre_vendor/lib:/opt/ros/foxy/lib/x86_64-linux-gnu:/opt/ros/foxy/lib _=/usr/bin/env /usr/local/bin/cmake /home/kimseheon/px4_ros_com_ros2-a/src/px4_ros_com -DAMENT_CMAKE_SYMLINK_INSTALL=1 -DCMAKE_INSTALL_PREFIX=/home/kimseheon/px4_ros_com_ros2-a/install/px4_ros_com
[11.969s] DEBUG:colcon.colcon_core.event_handler.log_command:Invoked command in '/home/kimseheon/px4_ros_com_ros2-a/build/px4_ros_com' returned '0': CMAKE_PREFIX_PATH=/home/kimseheon/px4_ros_com_ros2-a/install/px4_msgs:/home/kimseheon/px4_ros_com_ros2-a/install/px4_ros_com:/home/kimseheon/px4_ros_com_ros2/install/px4_ros_com:/home/kimseheon/px4_ros_com_ros2/install/px4_msgs:/opt/ros/foxy LD_LIBRARY_PATH=/home/kimseheon/px4_ros_com_ros2-a/install/px4_msgs/lib:/home/kimseheon/px4_ros_com_ros2-a/install/px4_ros_com/lib:/home/kimseheon/px4_ros_com_ros2/install/px4_ros_com/lib:/home/kimseheon/px4_ros_com_ros2/install/px4_msgs/lib:/usr/lib/x86_64-linux-gnu/gazebo-11/plugins:/opt/ros/foxy/opt/yaml_cpp_vendor/lib:/opt/ros/foxy/opt/rviz_ogre_vendor/lib:/opt/ros/foxy/lib/x86_64-linux-gnu:/opt/ros/foxy/lib _=/usr/bin/env /usr/local/bin/cmake /home/kimseheon/px4_ros_com_ros2-a/src/px4_ros_com -DAMENT_CMAKE_SYMLINK_INSTALL=1 -DCMAKE_INSTALL_PREFIX=/home/kimseheon/px4_ros_com_ros2-a/install/px4_ros_com
[11.971s] DEBUG:colcon.colcon_core.event_handler.log_command:Invoking command in '/home/kimseheon/px4_ros_com_ros2-a/build/px4_ros_com': CMAKE_PREFIX_PATH=/home/kimseheon/px4_ros_com_ros2-a/install/px4_msgs:/home/kimseheon/px4_ros_com_ros2-a/install/px4_ros_com:/home/kimseheon/px4_ros_com_ros2/install/px4_ros_com:/home/kimseheon/px4_ros_com_ros2/install/px4_msgs:/opt/ros/foxy LD_LIBRARY_PATH=/home/kimseheon/px4_ros_com_ros2-a/install/px4_msgs/lib:/home/kimseheon/px4_ros_com_ros2-a/install/px4_ros_com/lib:/home/kimseheon/px4_ros_com_ros2/install/px4_ros_com/lib:/home/kimseheon/px4_ros_com_ros2/install/px4_msgs/lib:/usr/lib/x86_64-linux-gnu/gazebo-11/plugins:/opt/ros/foxy/opt/yaml_cpp_vendor/lib:/opt/ros/foxy/opt/rviz_ogre_vendor/lib:/opt/ros/foxy/lib/x86_64-linux-gnu:/opt/ros/foxy/lib _=/usr/bin/env /usr/local/bin/cmake --build /home/kimseheon/px4_ros_com_ros2-a/build/px4_ros_com -- -j8 -l8
[17.716s] DEBUG:colcon.colcon_core.event_handler.log_command:Invoked command in '/home/kimseheon/px4_ros_com_ros2-a/build/px4_ros_com' returned '0': CMAKE_PREFIX_PATH=/home/kimseheon/px4_ros_com_ros2-a/install/px4_msgs:/home/kimseheon/px4_ros_com_ros2-a/install/px4_ros_com:/home/kimseheon/px4_ros_com_ros2/install/px4_ros_com:/home/kimseheon/px4_ros_com_ros2/install/px4_msgs:/opt/ros/foxy LD_LIBRARY_PATH=/home/kimseheon/px4_ros_com_ros2-a/install/px4_msgs/lib:/home/kimseheon/px4_ros_com_ros2-a/install/px4_ros_com/lib:/home/kimseheon/px4_ros_com_ros2/install/px4_ros_com/lib:/home/kimseheon/px4_ros_com_ros2/install/px4_msgs/lib:/usr/lib/x86_64-linux-gnu/gazebo-11/plugins:/opt/ros/foxy/opt/yaml_cpp_vendor/lib:/opt/ros/foxy/opt/rviz_ogre_vendor/lib:/opt/ros/foxy/lib/x86_64-linux-gnu:/opt/ros/foxy/lib _=/usr/bin/env /usr/local/bin/cmake --build /home/kimseheon/px4_ros_com_ros2-a/build/px4_ros_com -- -j8 -l8
[17.940s] DEBUG:colcon.colcon_core.event_handler.log_command:Invoking command in '/home/kimseheon/px4_ros_com_ros2-a/build/px4_ros_com': CMAKE_PREFIX_PATH=/home/kimseheon/px4_ros_com_ros2-a/install/px4_msgs:/home/kimseheon/px4_ros_com_ros2-a/install/px4_ros_com:/home/kimseheon/px4_ros_com_ros2/install/px4_ros_com:/home/kimseheon/px4_ros_com_ros2/install/px4_msgs:/opt/ros/foxy LD_LIBRARY_PATH=/home/kimseheon/px4_ros_com_ros2-a/install/px4_msgs/lib:/home/kimseheon/px4_ros_com_ros2-a/install/px4_ros_com/lib:/home/kimseheon/px4_ros_com_ros2/install/px4_ros_com/lib:/home/kimseheon/px4_ros_com_ros2/install/px4_msgs/lib:/usr/lib/x86_64-linux-gnu/gazebo-11/plugins:/opt/ros/foxy/opt/yaml_cpp_vendor/lib:/opt/ros/foxy/opt/rviz_ogre_vendor/lib:/opt/ros/foxy/lib/x86_64-linux-gnu:/opt/ros/foxy/lib _=/usr/bin/env /usr/local/bin/cmake --install /home/kimseheon/px4_ros_com_ros2-a/build/px4_ros_com
[17.953s] Level 1:colcon.colcon_core.environment:create_environment_scripts_only(px4_ros_com)
[17.957s] Level 1:colcon.colcon_core.environment:checking '/home/kimseheon/px4_ros_com_ros2-a/install/px4_ros_com' for CMake module files
[17.957s] DEBUG:colcon.colcon_core.event_handler.log_command:Invoked command in '/home/kimseheon/px4_ros_com_ros2-a/build/px4_ros_com' returned '0': CMAKE_PREFIX_PATH=/home/kimseheon/px4_ros_com_ros2-a/install/px4_msgs:/home/kimseheon/px4_ros_com_ros2-a/install/px4_ros_com:/home/kimseheon/px4_ros_com_ros2/install/px4_ros_com:/home/kimseheon/px4_ros_com_ros2/install/px4_msgs:/opt/ros/foxy LD_LIBRARY_PATH=/home/kimseheon/px4_ros_com_ros2-a/install/px4_msgs/lib:/home/kimseheon/px4_ros_com_ros2-a/install/px4_ros_com/lib:/home/kimseheon/px4_ros_com_ros2/install/px4_ros_com/lib:/home/kimseheon/px4_ros_com_ros2/install/px4_msgs/lib:/usr/lib/x86_64-linux-gnu/gazebo-11/plugins:/opt/ros/foxy/opt/yaml_cpp_vendor/lib:/opt/ros/foxy/opt/rviz_ogre_vendor/lib:/opt/ros/foxy/lib/x86_64-linux-gnu:/opt/ros/foxy/lib _=/usr/bin/env /usr/local/bin/cmake --install /home/kimseheon/px4_ros_com_ros2-a/build/px4_ros_com
[17.957s] Level 1:colcon.colcon_core.environment:checking '/home/kimseheon/px4_ros_com_ros2-a/install/px4_ros_com' for CMake config files
[17.958s] Level 1:colcon.colcon_core.shell:create_environment_hook('px4_ros_com', 'cmake_prefix_path')
[17.960s] INFO:colcon.colcon_core.shell:Creating environment hook '/home/kimseheon/px4_ros_com_ros2-a/install/px4_ros_com/share/px4_ros_com/hook/cmake_prefix_path.ps1'
[17.960s] INFO:colcon.colcon_core.shell:Creating environment descriptor '/home/kimseheon/px4_ros_com_ros2-a/install/px4_ros_com/share/px4_ros_com/hook/cmake_prefix_path.dsv'
[17.960s] INFO:colcon.colcon_core.shell:Creating environment hook '/home/kimseheon/px4_ros_com_ros2-a/install/px4_ros_com/share/px4_ros_com/hook/cmake_prefix_path.sh'
[17.961s] Level 1:colcon.colcon_core.environment:checking '/home/kimseheon/px4_ros_com_ros2-a/install/px4_ros_com/lib'
[17.961s] Level 1:colcon.colcon_core.shell:create_environment_hook('px4_ros_com', 'ld_library_path_lib')
[17.963s] INFO:colcon.colcon_core.shell:Creating environment hook '/home/kimseheon/px4_ros_com_ros2-a/install/px4_ros_com/share/px4_ros_com/hook/ld_library_path_lib.ps1'
[17.963s] INFO:colcon.colcon_core.shell:Creating environment descriptor '/home/kimseheon/px4_ros_com_ros2-a/install/px4_ros_com/share/px4_ros_com/hook/ld_library_path_lib.dsv'
[17.963s] INFO:colcon.colcon_core.shell:Creating environment hook '/home/kimseheon/px4_ros_com_ros2-a/install/px4_ros_com/share/px4_ros_com/hook/ld_library_path_lib.sh'
[17.963s] Level 1:colcon.colcon_core.environment:checking '/home/kimseheon/px4_ros_com_ros2-a/install/px4_ros_com/bin'
[17.963s] Level 1:colcon.colcon_core.shell:create_environment_hook('px4_ros_com', 'path')
[17.965s] INFO:colcon.colcon_core.shell:Creating environment hook '/home/kimseheon/px4_ros_com_ros2-a/install/px4_ros_com/share/px4_ros_com/hook/path.ps1'
[17.965s] INFO:colcon.colcon_core.shell:Creating environment descriptor '/home/kimseheon/px4_ros_com_ros2-a/install/px4_ros_com/share/px4_ros_com/hook/path.dsv'
[17.966s] INFO:colcon.colcon_core.shell:Creating environment hook '/home/kimseheon/px4_ros_com_ros2-a/install/px4_ros_com/share/px4_ros_com/hook/path.sh'
[17.966s] Level 1:colcon.colcon_core.environment:checking '/home/kimseheon/px4_ros_com_ros2-a/install/px4_ros_com/lib/pkgconfig/px4_ros_com.pc'
[17.966s] Level 1:colcon.colcon_core.environment:checking '/home/kimseheon/px4_ros_com_ros2-a/install/px4_ros_com/lib/python3.8/site-packages'
[17.966s] Level 1:colcon.colcon_core.environment:checking '/home/kimseheon/px4_ros_com_ros2-a/install/px4_ros_com/bin'
[17.966s] Level 1:colcon.colcon_core.shell:create_environment_hook('px4_ros_com', 'pythonscriptspath')
[17.968s] INFO:colcon.colcon_core.shell:Creating environment hook '/home/kimseheon/px4_ros_com_ros2-a/install/px4_ros_com/share/px4_ros_com/hook/pythonscriptspath.ps1'
[17.969s] INFO:colcon.colcon_core.shell:Creating environment descriptor '/home/kimseheon/px4_ros_com_ros2-a/install/px4_ros_com/share/px4_ros_com/hook/pythonscriptspath.dsv'
[17.969s] INFO:colcon.colcon_core.shell:Creating environment hook '/home/kimseheon/px4_ros_com_ros2-a/install/px4_ros_com/share/px4_ros_com/hook/pythonscriptspath.sh'
[17.971s] INFO:colcon.colcon_core.shell:Creating package script '/home/kimseheon/px4_ros_com_ros2-a/install/px4_ros_com/share/px4_ros_com/package.ps1'
[17.971s] INFO:colcon.colcon_core.shell:Creating package descriptor '/home/kimseheon/px4_ros_com_ros2-a/install/px4_ros_com/share/px4_ros_com/package.dsv'
[17.972s] INFO:colcon.colcon_core.shell:Creating package script '/home/kimseheon/px4_ros_com_ros2-a/install/px4_ros_com/share/px4_ros_com/package.sh'
[17.972s] INFO:colcon.colcon_core.shell:Creating package script '/home/kimseheon/px4_ros_com_ros2-a/install/px4_ros_com/share/px4_ros_com/package.bash'
[17.972s] INFO:colcon.colcon_core.shell:Creating package script '/home/kimseheon/px4_ros_com_ros2-a/install/px4_ros_com/share/px4_ros_com/package.zsh'
[17.972s] Level 1:colcon.colcon_core.environment:create_file_with_runtime_dependencies(/home/kimseheon/px4_ros_com_ros2-a/install/px4_ros_com/share/colcon-core/packages/px4_ros_com)
[18.199s] Level 1:colcon.colcon_core.environment:create_environment_scripts_only(px4_ros_com)
[18.202s] Level 1:colcon.colcon_core.environment:checking '/home/kimseheon/px4_ros_com_ros2-a/install/px4_ros_com' for CMake module files
[18.203s] Level 1:colcon.colcon_core.environment:checking '/home/kimseheon/px4_ros_com_ros2-a/install/px4_ros_com' for CMake config files
[18.203s] Level 1:colcon.colcon_core.shell:create_environment_hook('px4_ros_com', 'cmake_prefix_path')
[18.205s] INFO:colcon.colcon_core.shell:Creating environment hook '/home/kimseheon/px4_ros_com_ros2-a/install/px4_ros_com/share/px4_ros_com/hook/cmake_prefix_path.ps1'
[18.205s] INFO:colcon.colcon_core.shell:Creating environment descriptor '/home/kimseheon/px4_ros_com_ros2-a/install/px4_ros_com/share/px4_ros_com/hook/cmake_prefix_path.dsv'
[18.206s] INFO:colcon.colcon_core.shell:Creating environment hook '/home/kimseheon/px4_ros_com_ros2-a/install/px4_ros_com/share/px4_ros_com/hook/cmake_prefix_path.sh'
[18.206s] Level 1:colcon.colcon_core.environment:checking '/home/kimseheon/px4_ros_com_ros2-a/install/px4_ros_com/lib'
[18.206s] Level 1:colcon.colcon_core.shell:create_environment_hook('px4_ros_com', 'ld_library_path_lib')
[18.208s] INFO:colcon.colcon_core.shell:Creating environment hook '/home/kimseheon/px4_ros_com_ros2-a/install/px4_ros_com/share/px4_ros_com/hook/ld_library_path_lib.ps1'
[18.208s] INFO:colcon.colcon_core.shell:Creating environment descriptor '/home/kimseheon/px4_ros_com_ros2-a/install/px4_ros_com/share/px4_ros_com/hook/ld_library_path_lib.dsv'
[18.208s] INFO:colcon.colcon_core.shell:Creating environment hook '/home/kimseheon/px4_ros_com_ros2-a/install/px4_ros_com/share/px4_ros_com/hook/ld_library_path_lib.sh'
[18.208s] Level 1:colcon.colcon_core.environment:checking '/home/kimseheon/px4_ros_com_ros2-a/install/px4_ros_com/bin'
[18.208s] Level 1:colcon.colcon_core.shell:create_environment_hook('px4_ros_com', 'path')
[18.210s] INFO:colcon.colcon_core.shell:Creating environment hook '/home/kimseheon/px4_ros_com_ros2-a/install/px4_ros_com/share/px4_ros_com/hook/path.ps1'
[18.210s] INFO:colcon.colcon_core.shell:Creating environment descriptor '/home/kimseheon/px4_ros_com_ros2-a/install/px4_ros_com/share/px4_ros_com/hook/path.dsv'
[18.211s] INFO:colcon.colcon_core.shell:Creating environment hook '/home/kimseheon/px4_ros_com_ros2-a/install/px4_ros_com/share/px4_ros_com/hook/path.sh'
[18.211s] Level 1:colcon.colcon_core.environment:checking '/home/kimseheon/px4_ros_com_ros2-a/install/px4_ros_com/lib/pkgconfig/px4_ros_com.pc'
[18.211s] Level 1:colcon.colcon_core.environment:checking '/home/kimseheon/px4_ros_com_ros2-a/install/px4_ros_com/lib/python3.8/site-packages'
[18.211s] Level 1:colcon.colcon_core.environment:checking '/home/kimseheon/px4_ros_com_ros2-a/install/px4_ros_com/bin'
[18.211s] Level 1:colcon.colcon_core.shell:create_environment_hook('px4_ros_com', 'pythonscriptspath')
[18.213s] INFO:colcon.colcon_core.shell:Creating environment hook '/home/kimseheon/px4_ros_com_ros2-a/install/px4_ros_com/share/px4_ros_com/hook/pythonscriptspath.ps1'
[18.213s] INFO:colcon.colcon_core.shell:Creating environment descriptor '/home/kimseheon/px4_ros_com_ros2-a/install/px4_ros_com/share/px4_ros_com/hook/pythonscriptspath.dsv'
[18.213s] INFO:colcon.colcon_core.shell:Creating environment hook '/home/kimseheon/px4_ros_com_ros2-a/install/px4_ros_com/share/px4_ros_com/hook/pythonscriptspath.sh'
[18.216s] INFO:colcon.colcon_core.shell:Creating package script '/home/kimseheon/px4_ros_com_ros2-a/install/px4_ros_com/share/px4_ros_com/package.ps1'
[18.216s] INFO:colcon.colcon_core.shell:Creating package descriptor '/home/kimseheon/px4_ros_com_ros2-a/install/px4_ros_com/share/px4_ros_com/package.dsv'
[18.217s] INFO:colcon.colcon_core.shell:Creating package script '/home/kimseheon/px4_ros_com_ros2-a/install/px4_ros_com/share/px4_ros_com/package.sh'
[18.217s] INFO:colcon.colcon_core.shell:Creating package script '/home/kimseheon/px4_ros_com_ros2-a/install/px4_ros_com/share/px4_ros_com/package.bash'
[18.217s] INFO:colcon.colcon_core.shell:Creating package script '/home/kimseheon/px4_ros_com_ros2-a/install/px4_ros_com/share/px4_ros_com/package.zsh'
[18.217s] Level 1:colcon.colcon_core.environment:create_file_with_runtime_dependencies(/home/kimseheon/px4_ros_com_ros2-a/install/px4_ros_com/share/colcon-core/packages/px4_ros_com)
[18.217s] DEBUG:colcon.colcon_parallel_executor.executor.parallel:closing loop
[18.218s] DEBUG:colcon.colcon_parallel_executor.executor.parallel:loop closed
[18.218s] DEBUG:colcon.colcon_parallel_executor.executor.parallel:run_until_complete finished with '0'
[18.218s] DEBUG:colcon.colcon_core.event_reactor:joining thread
[18.222s] INFO:colcon.colcon_core.plugin_system:Skipping extension 'colcon_notification.desktop_notification.terminal_notifier': Not used on non-Darwin systems
[18.222s] INFO:colcon.colcon_core.plugin_system:Skipping extension 'colcon_notification.desktop_notification.win32': Not used on non-Windows systems
[18.222s] INFO:colcon.colcon_notification.desktop_notification:Sending desktop notification using 'notify2'
[18.232s] DEBUG:colcon.colcon_core.event_reactor:joined thread
[18.234s] INFO:colcon.colcon_core.shell:Creating prefix script '/home/kimseheon/px4_ros_com_ros2-a/install/local_setup.ps1'
[18.235s] INFO:colcon.colcon_core.shell:Creating prefix util module '/home/kimseheon/px4_ros_com_ros2-a/install/_local_setup_util_ps1.py'
[18.236s] INFO:colcon.colcon_core.shell:Creating prefix chain script '/home/kimseheon/px4_ros_com_ros2-a/install/setup.ps1'
[18.238s] INFO:colcon.colcon_core.shell:Creating prefix script '/home/kimseheon/px4_ros_com_ros2-a/install/local_setup.sh'
[18.238s] INFO:colcon.colcon_core.shell:Creating prefix util module '/home/kimseheon/px4_ros_com_ros2-a/install/_local_setup_util_sh.py'
[18.238s] INFO:colcon.colcon_core.shell:Creating prefix chain script '/home/kimseheon/px4_ros_com_ros2-a/install/setup.sh'
[18.240s] INFO:colcon.colcon_core.shell:Creating prefix script '/home/kimseheon/px4_ros_com_ros2-a/install/local_setup.bash'
[18.240s] INFO:colcon.colcon_core.shell:Creating prefix chain script '/home/kimseheon/px4_ros_com_ros2-a/install/setup.bash'
[18.241s] INFO:colcon.colcon_core.shell:Creating prefix script '/home/kimseheon/px4_ros_com_ros2-a/install/local_setup.zsh'
[18.241s] INFO:colcon.colcon_core.shell:Creating prefix chain script '/home/kimseheon/px4_ros_com_ros2-a/install/setup.zsh'
