[0.207s] DEBUG:colcon:Command line arguments: ['/usr/bin/colcon', 'build']
[0.207s] DEBUG:colcon:Parsed command line arguments: Namespace(allow_overriding=[], ament_cmake_args=None, base_paths=['.'], build_base='build', catkin_cmake_args=None, catkin_skip_building_tests=False, cmake_args=None, cmake_clean_cache=False, cmake_clean_first=False, cmake_force_configure=False, cmake_target=None, cmake_target_skip_unavailable=False, continue_on_error=False, event_handlers=None, executor='parallel', ignore_user_meta=False, install_base='install', log_base=None, log_level=None, main=<bound method BuildVerb.main of <colcon_core.verb.build.BuildVerb object at 0x7f89e5353100>>, merge_install=False, metas=['./colcon.meta'], packages_above=None, packages_above_and_dependencies=None, packages_above_depth=None, packages_end=None, packages_ignore=None, packages_ignore_regex=None, packages_select=None, packages_select_build_failed=False, packages_select_by_dep=None, packages_select_regex=None, packages_select_test_failures=False, packages_skip=None, packages_skip_build_finished=False, packages_skip_by_dep=None, packages_skip_regex=None, packages_skip_test_passed=False, packages_skip_up_to=None, packages_start=None, packages_up_to=None, packages_up_to_regex=None, parallel_workers=8, paths=None, symlink_install=False, test_result_base=None, verb_extension=<colcon_core.verb.build.BuildVerb object at 0x7f89e5353100>, verb_name='build', verb_parser=<colcon_defaults.argument_parser.defaults.DefaultArgumentsDecorator object at 0x7f89e530bbb0>)
[0.236s] Level 1:colcon.colcon_core.package_discovery:discover_packages(colcon_meta) check parameters
[0.236s] Level 1:colcon.colcon_core.package_discovery:discover_packages(recursive) check parameters
[0.236s] Level 1:colcon.colcon_core.package_discovery:discover_packages(ignore) check parameters
[0.236s] Level 1:colcon.colcon_core.package_discovery:discover_packages(path) check parameters
[0.236s] Level 1:colcon.colcon_core.package_discovery:discover_packages(colcon_meta) discover
[0.236s] Level 1:colcon.colcon_core.package_discovery:discover_packages(recursive) discover
[0.236s] INFO:colcon.colcon_core.package_discovery:Crawling recursively for packages in '/home/kimseheon/px4_ros_com_ros2-a'
[0.237s] Level 1:colcon.colcon_core.package_identification:_identify(.) by extensions ['ignore', 'ignore_ament_install']
[0.237s] Level 1:colcon.colcon_core.package_identification:_identify(.) by extension 'ignore'
[0.237s] Level 1:colcon.colcon_core.package_identification:_identify(.) by extension 'ignore_ament_install'
[0.237s] Level 1:colcon.colcon_core.package_identification:_identify(.) by extensions ['colcon_pkg']
[0.237s] Level 1:colcon.colcon_core.package_identification:_identify(.) by extension 'colcon_pkg'
[0.237s] Level 1:colcon.colcon_core.package_identification:_identify(.) by extensions ['colcon_meta']
[0.237s] Level 1:colcon.colcon_core.package_identification:_identify(.) by extension 'colcon_meta'
[0.237s] Level 1:colcon.colcon_core.package_identification:_identify(.) by extensions ['ros']
[0.237s] Level 1:colcon.colcon_core.package_identification:_identify(.) by extension 'ros'
[0.247s] Level 1:colcon.colcon_core.package_identification:_identify(.) by extensions ['cmake', 'python']
[0.248s] Level 1:colcon.colcon_core.package_identification:_identify(.) by extension 'cmake'
[0.248s] Level 1:colcon.colcon_core.package_identification:_identify(.) by extension 'python'
[0.248s] Level 1:colcon.colcon_core.package_identification:_identify(.) by extensions ['python_setup_py']
[0.248s] Level 1:colcon.colcon_core.package_identification:_identify(.) by extension 'python_setup_py'
[0.248s] Level 1:colcon.colcon_core.package_identification:_identify(build) by extensions ['ignore', 'ignore_ament_install']
[0.248s] Level 1:colcon.colcon_core.package_identification:_identify(build) by extension 'ignore'
[0.248s] Level 1:colcon.colcon_core.package_identification:_identify(build) ignored
[0.248s] Level 1:colcon.colcon_core.package_identification:_identify(install) by extensions ['ignore', 'ignore_ament_install']
[0.248s] Level 1:colcon.colcon_core.package_identification:_identify(install) by extension 'ignore'
[0.248s] Level 1:colcon.colcon_core.package_identification:_identify(install) ignored
[0.248s] Level 1:colcon.colcon_core.package_identification:_identify(log) by extensions ['ignore', 'ignore_ament_install']
[0.248s] Level 1:colcon.colcon_core.package_identification:_identify(log) by extension 'ignore'
[0.248s] Level 1:colcon.colcon_core.package_identification:_identify(log) ignored
[0.248s] Level 1:colcon.colcon_core.package_identification:_identify(src) by extensions ['ignore', 'ignore_ament_install']
[0.248s] Level 1:colcon.colcon_core.package_identification:_identify(src) by extension 'ignore'
[0.248s] Level 1:colcon.colcon_core.package_identification:_identify(src) by extension 'ignore_ament_install'
[0.248s] Level 1:colcon.colcon_core.package_identification:_identify(src) by extensions ['colcon_pkg']
[0.248s] Level 1:colcon.colcon_core.package_identification:_identify(src) by extension 'colcon_pkg'
[0.248s] Level 1:colcon.colcon_core.package_identification:_identify(src) by extensions ['colcon_meta']
[0.248s] Level 1:colcon.colcon_core.package_identification:_identify(src) by extension 'colcon_meta'
[0.248s] Level 1:colcon.colcon_core.package_identification:_identify(src) by extensions ['ros']
[0.248s] Level 1:colcon.colcon_core.package_identification:_identify(src) by extension 'ros'
[0.248s] Level 1:colcon.colcon_core.package_identification:_identify(src) by extensions ['cmake', 'python']
[0.248s] Level 1:colcon.colcon_core.package_identification:_identify(src) by extension 'cmake'
[0.249s] Level 1:colcon.colcon_core.package_identification:_identify(src) by extension 'python'
[0.249s] Level 1:colcon.colcon_core.package_identification:_identify(src) by extensions ['python_setup_py']
[0.249s] Level 1:colcon.colcon_core.package_identification:_identify(src) by extension 'python_setup_py'
[0.249s] Level 1:colcon.colcon_core.package_identification:_identify(src/px4_msgs) by extensions ['ignore', 'ignore_ament_install']
[0.249s] Level 1:colcon.colcon_core.package_identification:_identify(src/px4_msgs) by extension 'ignore'
[0.249s] Level 1:colcon.colcon_core.package_identification:_identify(src/px4_msgs) by extension 'ignore_ament_install'
[0.249s] Level 1:colcon.colcon_core.package_identification:_identify(src/px4_msgs) by extensions ['colcon_pkg']
[0.249s] Level 1:colcon.colcon_core.package_identification:_identify(src/px4_msgs) by extension 'colcon_pkg'
[0.249s] Level 1:colcon.colcon_core.package_identification:_identify(src/px4_msgs) by extensions ['colcon_meta']
[0.249s] Level 1:colcon.colcon_core.package_identification:_identify(src/px4_msgs) by extension 'colcon_meta'
[0.249s] Level 1:colcon.colcon_core.package_identification:_identify(src/px4_msgs) by extensions ['ros']
[0.249s] Level 1:colcon.colcon_core.package_identification:_identify(src/px4_msgs) by extension 'ros'
[0.251s] DEBUG:colcon.colcon_core.package_identification:Package 'src/px4_msgs' with type 'ros.ament_cmake' and name 'px4_msgs'
[0.251s] Level 1:colcon.colcon_core.package_identification:_identify(src/px4_ros_com) by extensions ['ignore', 'ignore_ament_install']
[0.251s] Level 1:colcon.colcon_core.package_identification:_identify(src/px4_ros_com) by extension 'ignore'
[0.251s] Level 1:colcon.colcon_core.package_identification:_identify(src/px4_ros_com) by extension 'ignore_ament_install'
[0.251s] Level 1:colcon.colcon_core.package_identification:_identify(src/px4_ros_com) by extensions ['colcon_pkg']
[0.251s] Level 1:colcon.colcon_core.package_identification:_identify(src/px4_ros_com) by extension 'colcon_pkg'
[0.251s] Level 1:colcon.colcon_core.package_identification:_identify(src/px4_ros_com) by extensions ['colcon_meta']
[0.251s] Level 1:colcon.colcon_core.package_identification:_identify(src/px4_ros_com) by extension 'colcon_meta'
[0.251s] Level 1:colcon.colcon_core.package_identification:_identify(src/px4_ros_com) by extensions ['ros']
[0.251s] Level 1:colcon.colcon_core.package_identification:_identify(src/px4_ros_com) by extension 'ros'
[0.252s] DEBUG:colcon.colcon_core.package_identification:Package 'src/px4_ros_com' with type 'ros.ament_cmake' and name 'px4_ros_com'
[0.252s] Level 1:colcon.colcon_core.package_discovery:discover_packages(recursive) using defaults
[0.252s] Level 1:colcon.colcon_core.package_discovery:discover_packages(ignore) discover
[0.252s] Level 1:colcon.colcon_core.package_discovery:discover_packages(ignore) using defaults
[0.252s] Level 1:colcon.colcon_core.package_discovery:discover_packages(path) discover
[0.252s] Level 1:colcon.colcon_core.package_discovery:discover_packages(path) using defaults
[0.272s] Level 1:colcon.colcon_core.package_discovery:discover_packages(prefix_path) check parameters
[0.272s] Level 1:colcon.colcon_core.package_discovery:discover_packages(prefix_path) discover
[0.274s] DEBUG:colcon.colcon_installed_package_information.package_discovery:Found 2 installed packages in /home/kimseheon/px4_ros_com_ros2-a/install
[0.275s] DEBUG:colcon.colcon_installed_package_information.package_discovery:Found 2 installed packages in /home/kimseheon/px4_ros_com_ros2/install
[0.277s] DEBUG:colcon.colcon_installed_package_information.package_discovery:Found 274 installed packages in /opt/ros/foxy
[0.278s] Level 1:colcon.colcon_core.package_discovery:discover_packages(prefix_path) using defaults
[0.318s] Level 5:colcon.colcon_core.verb:set package 'px4_msgs' build argument 'cmake_args' from command line to 'None'
[0.318s] Level 5:colcon.colcon_core.verb:set package 'px4_msgs' build argument 'cmake_target' from command line to 'None'
[0.318s] Level 5:colcon.colcon_core.verb:set package 'px4_msgs' build argument 'cmake_target_skip_unavailable' from command line to 'False'
[0.318s] Level 5:colcon.colcon_core.verb:set package 'px4_msgs' build argument 'cmake_clean_cache' from command line to 'False'
[0.318s] Level 5:colcon.colcon_core.verb:set package 'px4_msgs' build argument 'cmake_clean_first' from command line to 'False'
[0.318s] Level 5:colcon.colcon_core.verb:set package 'px4_msgs' build argument 'cmake_force_configure' from command line to 'False'
[0.318s] Level 5:colcon.colcon_core.verb:set package 'px4_msgs' build argument 'ament_cmake_args' from command line to 'None'
[0.318s] Level 5:colcon.colcon_core.verb:set package 'px4_msgs' build argument 'catkin_cmake_args' from command line to 'None'
[0.318s] Level 5:colcon.colcon_core.verb:set package 'px4_msgs' build argument 'catkin_skip_building_tests' from command line to 'False'
[0.318s] DEBUG:colcon.colcon_core.verb:Building package 'px4_msgs' with the following arguments: {'ament_cmake_args': None, 'build_base': '/home/kimseheon/px4_ros_com_ros2-a/build/px4_msgs', 'catkin_cmake_args': None, 'catkin_skip_building_tests': False, 'cmake_args': None, 'cmake_clean_cache': False, 'cmake_clean_first': False, 'cmake_force_configure': False, 'cmake_target': None, 'cmake_target_skip_unavailable': False, 'install_base': '/home/kimseheon/px4_ros_com_ros2-a/install/px4_msgs', 'merge_install': False, 'path': '/home/kimseheon/px4_ros_com_ros2-a/src/px4_msgs', 'symlink_install': False, 'test_result_base': None}
[0.320s] Level 5:colcon.colcon_core.verb:set package 'px4_ros_com' build argument 'cmake_args' from command line to 'None'
[0.320s] Level 5:colcon.colcon_core.verb:set package 'px4_ros_com' build argument 'cmake_target' from command line to 'None'
[0.320s] Level 5:colcon.colcon_core.verb:set package 'px4_ros_com' build argument 'cmake_target_skip_unavailable' from command line to 'False'
[0.320s] Level 5:colcon.colcon_core.verb:set package 'px4_ros_com' build argument 'cmake_clean_cache' from command line to 'False'
[0.320s] Level 5:colcon.colcon_core.verb:set package 'px4_ros_com' build argument 'cmake_clean_first' from command line to 'False'
[0.320s] Level 5:colcon.colcon_core.verb:set package 'px4_ros_com' build argument 'cmake_force_configure' from command line to 'False'
[0.320s] Level 5:colcon.colcon_core.verb:set package 'px4_ros_com' build argument 'ament_cmake_args' from command line to 'None'
[0.320s] Level 5:colcon.colcon_core.verb:set package 'px4_ros_com' build argument 'catkin_cmake_args' from command line to 'None'
[0.320s] Level 5:colcon.colcon_core.verb:set package 'px4_ros_com' build argument 'catkin_skip_building_tests' from command line to 'False'
[0.320s] DEBUG:colcon.colcon_core.verb:Building package 'px4_ros_com' with the following arguments: {'ament_cmake_args': None, 'build_base': '/home/kimseheon/px4_ros_com_ros2-a/build/px4_ros_com', 'catkin_cmake_args': None, 'catkin_skip_building_tests': False, 'cmake_args': None, 'cmake_clean_cache': False, 'cmake_clean_first': False, 'cmake_force_configure': False, 'cmake_target': None, 'cmake_target_skip_unavailable': False, 'install_base': '/home/kimseheon/px4_ros_com_ros2-a/install/px4_ros_com', 'merge_install': False, 'path': '/home/kimseheon/px4_ros_com_ros2-a/src/px4_ros_com', 'symlink_install': False, 'test_result_base': None}
[0.321s] INFO:colcon.colcon_core.executor:Executing jobs using 'parallel' executor
[0.325s] DEBUG:colcon.colcon_parallel_executor.executor.parallel:run_until_complete
[0.325s] INFO:colcon.colcon_ros.task.ament_cmake.build:Building ROS package in '/home/kimseheon/px4_ros_com_ros2-a/src/px4_msgs' with build type 'ament_cmake'
[0.326s] INFO:colcon.colcon_cmake.task.cmake.build:Building CMake package in '/home/kimseheon/px4_ros_com_ros2-a/src/px4_msgs'
[0.330s] INFO:colcon.colcon_core.plugin_system:Skipping extension 'colcon_core.shell.bat': Not used on non-Windows systems
[0.330s] INFO:colcon.colcon_core.shell:Skip shell extension 'powershell' for command environment: Not usable outside of PowerShell
[0.331s] DEBUG:colcon.colcon_core.shell:Skip shell extension 'dsv' for command environment
[0.345s] DEBUG:colcon.colcon_core.event_handler.log_command:Invoking command in '/home/kimseheon/px4_ros_com_ros2-a/build/px4_msgs': CMAKE_PREFIX_PATH=${CMAKE_PREFIX_PATH}:/opt/ros/foxy _=/usr/bin/env /usr/local/bin/cmake --build /home/kimseheon/px4_ros_com_ros2-a/build/px4_msgs -- -j8 -l8
[0.978s] DEBUG:colcon.colcon_core.event_handler.log_command:Invoked command in '/home/kimseheon/px4_ros_com_ros2-a/build/px4_msgs' returned '0': CMAKE_PREFIX_PATH=${CMAKE_PREFIX_PATH}:/opt/ros/foxy _=/usr/bin/env /usr/local/bin/cmake --build /home/kimseheon/px4_ros_com_ros2-a/build/px4_msgs -- -j8 -l8
[4.800s] DEBUG:colcon.colcon_core.event_handler.log_command:Invoking command in '/home/kimseheon/px4_ros_com_ros2-a/build/px4_msgs': CMAKE_PREFIX_PATH=${CMAKE_PREFIX_PATH}:/opt/ros/foxy _=/usr/bin/env /usr/local/bin/cmake --install /home/kimseheon/px4_ros_com_ros2-a/build/px4_msgs
[5.265s] Level 1:colcon.colcon_core.environment:create_environment_scripts_only(px4_msgs)
[5.267s] DEBUG:colcon.colcon_core.event_handler.log_command:Invoked command in '/home/kimseheon/px4_ros_com_ros2-a/build/px4_msgs' returned '0': CMAKE_PREFIX_PATH=${CMAKE_PREFIX_PATH}:/opt/ros/foxy _=/usr/bin/env /usr/local/bin/cmake --install /home/kimseheon/px4_ros_com_ros2-a/build/px4_msgs
[5.273s] Level 1:colcon.colcon_core.environment:checking '/home/kimseheon/px4_ros_com_ros2-a/install/px4_msgs' for CMake module files
[5.274s] Level 1:colcon.colcon_core.environment:checking '/home/kimseheon/px4_ros_com_ros2-a/install/px4_msgs' for CMake config files
[5.288s] Level 1:colcon.colcon_core.shell:create_environment_hook('px4_msgs', 'cmake_prefix_path')
[5.290s] INFO:colcon.colcon_core.shell:Creating environment hook '/home/kimseheon/px4_ros_com_ros2-a/install/px4_msgs/share/px4_msgs/hook/cmake_prefix_path.ps1'
[5.291s] INFO:colcon.colcon_core.shell:Creating environment descriptor '/home/kimseheon/px4_ros_com_ros2-a/install/px4_msgs/share/px4_msgs/hook/cmake_prefix_path.dsv'
[5.291s] INFO:colcon.colcon_core.shell:Creating environment hook '/home/kimseheon/px4_ros_com_ros2-a/install/px4_msgs/share/px4_msgs/hook/cmake_prefix_path.sh'
[5.292s] Level 1:colcon.colcon_core.environment:checking '/home/kimseheon/px4_ros_com_ros2-a/install/px4_msgs/lib'
[5.292s] Level 1:colcon.colcon_core.shell:create_environment_hook('px4_msgs', 'ld_library_path_lib')
[5.294s] INFO:colcon.colcon_core.shell:Creating environment hook '/home/kimseheon/px4_ros_com_ros2-a/install/px4_msgs/share/px4_msgs/hook/ld_library_path_lib.ps1'
[5.294s] INFO:colcon.colcon_core.shell:Creating environment descriptor '/home/kimseheon/px4_ros_com_ros2-a/install/px4_msgs/share/px4_msgs/hook/ld_library_path_lib.dsv'
[5.295s] INFO:colcon.colcon_core.shell:Creating environment hook '/home/kimseheon/px4_ros_com_ros2-a/install/px4_msgs/share/px4_msgs/hook/ld_library_path_lib.sh'
[5.295s] Level 1:colcon.colcon_core.environment:checking '/home/kimseheon/px4_ros_com_ros2-a/install/px4_msgs/bin'
[5.295s] Level 1:colcon.colcon_core.environment:checking '/home/kimseheon/px4_ros_com_ros2-a/install/px4_msgs/lib/pkgconfig/px4_msgs.pc'
[5.295s] Level 1:colcon.colcon_core.environment:checking '/home/kimseheon/px4_ros_com_ros2-a/install/px4_msgs/lib/python3.8/site-packages'
[5.295s] Level 1:colcon.colcon_core.shell:create_environment_hook('px4_msgs', 'pythonpath')
[5.297s] INFO:colcon.colcon_core.shell:Creating environment hook '/home/kimseheon/px4_ros_com_ros2-a/install/px4_msgs/share/px4_msgs/hook/pythonpath.ps1'
[5.298s] INFO:colcon.colcon_core.shell:Creating environment descriptor '/home/kimseheon/px4_ros_com_ros2-a/install/px4_msgs/share/px4_msgs/hook/pythonpath.dsv'
[5.298s] INFO:colcon.colcon_core.shell:Creating environment hook '/home/kimseheon/px4_ros_com_ros2-a/install/px4_msgs/share/px4_msgs/hook/pythonpath.sh'
[5.298s] Level 1:colcon.colcon_core.environment:checking '/home/kimseheon/px4_ros_com_ros2-a/install/px4_msgs/bin'
[5.300s] INFO:colcon.colcon_core.shell:Creating package script '/home/kimseheon/px4_ros_com_ros2-a/install/px4_msgs/share/px4_msgs/package.ps1'
[5.301s] INFO:colcon.colcon_core.shell:Creating package descriptor '/home/kimseheon/px4_ros_com_ros2-a/install/px4_msgs/share/px4_msgs/package.dsv'
[5.301s] INFO:colcon.colcon_core.shell:Creating package script '/home/kimseheon/px4_ros_com_ros2-a/install/px4_msgs/share/px4_msgs/package.sh'
[5.302s] INFO:colcon.colcon_core.shell:Creating package script '/home/kimseheon/px4_ros_com_ros2-a/install/px4_msgs/share/px4_msgs/package.bash'
[5.303s] INFO:colcon.colcon_core.shell:Creating package script '/home/kimseheon/px4_ros_com_ros2-a/install/px4_msgs/share/px4_msgs/package.zsh'
[5.303s] Level 1:colcon.colcon_core.environment:create_file_with_runtime_dependencies(/home/kimseheon/px4_ros_com_ros2-a/install/px4_msgs/share/colcon-core/packages/px4_msgs)
[9.128s] Level 1:colcon.colcon_core.environment:create_environment_scripts_only(px4_msgs)
[9.132s] Level 1:colcon.colcon_core.environment:checking '/home/kimseheon/px4_ros_com_ros2-a/install/px4_msgs' for CMake module files
[9.132s] Level 1:colcon.colcon_core.environment:checking '/home/kimseheon/px4_ros_com_ros2-a/install/px4_msgs' for CMake config files
[9.146s] Level 1:colcon.colcon_core.shell:create_environment_hook('px4_msgs', 'cmake_prefix_path')
[9.148s] INFO:colcon.colcon_core.shell:Creating environment hook '/home/kimseheon/px4_ros_com_ros2-a/install/px4_msgs/share/px4_msgs/hook/cmake_prefix_path.ps1'
[9.149s] INFO:colcon.colcon_core.shell:Creating environment descriptor '/home/kimseheon/px4_ros_com_ros2-a/install/px4_msgs/share/px4_msgs/hook/cmake_prefix_path.dsv'
[9.149s] INFO:colcon.colcon_core.shell:Creating environment hook '/home/kimseheon/px4_ros_com_ros2-a/install/px4_msgs/share/px4_msgs/hook/cmake_prefix_path.sh'
[9.149s] Level 1:colcon.colcon_core.environment:checking '/home/kimseheon/px4_ros_com_ros2-a/install/px4_msgs/lib'
[9.149s] Level 1:colcon.colcon_core.shell:create_environment_hook('px4_msgs', 'ld_library_path_lib')
[9.151s] INFO:colcon.colcon_core.shell:Creating environment hook '/home/kimseheon/px4_ros_com_ros2-a/install/px4_msgs/share/px4_msgs/hook/ld_library_path_lib.ps1'
[9.151s] INFO:colcon.colcon_core.shell:Creating environment descriptor '/home/kimseheon/px4_ros_com_ros2-a/install/px4_msgs/share/px4_msgs/hook/ld_library_path_lib.dsv'
[9.152s] INFO:colcon.colcon_core.shell:Creating environment hook '/home/kimseheon/px4_ros_com_ros2-a/install/px4_msgs/share/px4_msgs/hook/ld_library_path_lib.sh'
[9.152s] Level 1:colcon.colcon_core.environment:checking '/home/kimseheon/px4_ros_com_ros2-a/install/px4_msgs/bin'
[9.152s] Level 1:colcon.colcon_core.environment:checking '/home/kimseheon/px4_ros_com_ros2-a/install/px4_msgs/lib/pkgconfig/px4_msgs.pc'
[9.152s] Level 1:colcon.colcon_core.environment:checking '/home/kimseheon/px4_ros_com_ros2-a/install/px4_msgs/lib/python3.8/site-packages'
[9.152s] Level 1:colcon.colcon_core.shell:create_environment_hook('px4_msgs', 'pythonpath')
[9.154s] INFO:colcon.colcon_core.shell:Creating environment hook '/home/kimseheon/px4_ros_com_ros2-a/install/px4_msgs/share/px4_msgs/hook/pythonpath.ps1'
[9.154s] INFO:colcon.colcon_core.shell:Creating environment descriptor '/home/kimseheon/px4_ros_com_ros2-a/install/px4_msgs/share/px4_msgs/hook/pythonpath.dsv'
[9.154s] INFO:colcon.colcon_core.shell:Creating environment hook '/home/kimseheon/px4_ros_com_ros2-a/install/px4_msgs/share/px4_msgs/hook/pythonpath.sh'
[9.157s] Level 1:colcon.colcon_core.environment:checking '/home/kimseheon/px4_ros_com_ros2-a/install/px4_msgs/bin'
[9.160s] INFO:colcon.colcon_core.shell:Creating package script '/home/kimseheon/px4_ros_com_ros2-a/install/px4_msgs/share/px4_msgs/package.ps1'
[9.160s] INFO:colcon.colcon_core.shell:Creating package descriptor '/home/kimseheon/px4_ros_com_ros2-a/install/px4_msgs/share/px4_msgs/package.dsv'
[9.161s] INFO:colcon.colcon_core.shell:Creating package script '/home/kimseheon/px4_ros_com_ros2-a/install/px4_msgs/share/px4_msgs/package.sh'
[9.161s] INFO:colcon.colcon_core.shell:Creating package script '/home/kimseheon/px4_ros_com_ros2-a/install/px4_msgs/share/px4_msgs/package.bash'
[9.161s] INFO:colcon.colcon_core.shell:Creating package script '/home/kimseheon/px4_ros_com_ros2-a/install/px4_msgs/share/px4_msgs/package.zsh'
[9.162s] Level 1:colcon.colcon_core.environment:create_file_with_runtime_dependencies(/home/kimseheon/px4_ros_com_ros2-a/install/px4_msgs/share/colcon-core/packages/px4_msgs)
[9.162s] INFO:colcon.colcon_ros.task.ament_cmake.build:Building ROS package in '/home/kimseheon/px4_ros_com_ros2-a/src/px4_ros_com' with build type 'ament_cmake'
[9.162s] INFO:colcon.colcon_cmake.task.cmake.build:Building CMake package in '/home/kimseheon/px4_ros_com_ros2-a/src/px4_ros_com'
[9.165s] INFO:colcon.colcon_core.shell:Skip shell extension 'powershell' for command environment: Not usable outside of PowerShell
[9.165s] DEBUG:colcon.colcon_core.shell:Skip shell extension 'dsv' for command environment
[9.183s] DEBUG:colcon.colcon_core.event_handler.log_command:Invoking command in '/home/kimseheon/px4_ros_com_ros2-a/build/px4_ros_com': CMAKE_PREFIX_PATH=/home/kimseheon/px4_ros_com_ros2-a/install/px4_msgs:/home/kimseheon/px4_ros_com_ros2-a/install/px4_ros_com:/home/kimseheon/px4_ros_com_ros2/install/px4_ros_com:/home/kimseheon/px4_ros_com_ros2/install/px4_msgs:/opt/ros/foxy LD_LIBRARY_PATH=/home/kimseheon/px4_ros_com_ros2-a/install/px4_msgs/lib:/home/kimseheon/px4_ros_com_ros2-a/install/px4_ros_com/lib:/home/kimseheon/px4_ros_com_ros2/install/px4_ros_com/lib:/home/kimseheon/px4_ros_com_ros2/install/px4_msgs/lib:/usr/lib/x86_64-linux-gnu/gazebo-11/plugins:/opt/ros/foxy/opt/yaml_cpp_vendor/lib:/opt/ros/foxy/opt/rviz_ogre_vendor/lib:/opt/ros/foxy/lib/x86_64-linux-gnu:/opt/ros/foxy/lib _=/usr/bin/env /usr/local/bin/cmake --build /home/kimseheon/px4_ros_com_ros2-a/build/px4_ros_com -- -j8 -l8
[9.247s] DEBUG:colcon.colcon_core.event_handler.log_command:Invoked command in '/home/kimseheon/px4_ros_com_ros2-a/build/px4_ros_com' returned '0': CMAKE_PREFIX_PATH=/home/kimseheon/px4_ros_com_ros2-a/install/px4_msgs:/home/kimseheon/px4_ros_com_ros2-a/install/px4_ros_com:/home/kimseheon/px4_ros_com_ros2/install/px4_ros_com:/home/kimseheon/px4_ros_com_ros2/install/px4_msgs:/opt/ros/foxy LD_LIBRARY_PATH=/home/kimseheon/px4_ros_com_ros2-a/install/px4_msgs/lib:/home/kimseheon/px4_ros_com_ros2-a/install/px4_ros_com/lib:/home/kimseheon/px4_ros_com_ros2/install/px4_ros_com/lib:/home/kimseheon/px4_ros_com_ros2/install/px4_msgs/lib:/usr/lib/x86_64-linux-gnu/gazebo-11/plugins:/opt/ros/foxy/opt/yaml_cpp_vendor/lib:/opt/ros/foxy/opt/rviz_ogre_vendor/lib:/opt/ros/foxy/lib/x86_64-linux-gnu:/opt/ros/foxy/lib _=/usr/bin/env /usr/local/bin/cmake --build /home/kimseheon/px4_ros_com_ros2-a/build/px4_ros_com -- -j8 -l8
[9.466s] DEBUG:colcon.colcon_core.event_handler.log_command:Invoking command in '/home/kimseheon/px4_ros_com_ros2-a/build/px4_ros_com': CMAKE_PREFIX_PATH=/home/kimseheon/px4_ros_com_ros2-a/install/px4_msgs:/home/kimseheon/px4_ros_com_ros2-a/install/px4_ros_com:/home/kimseheon/px4_ros_com_ros2/install/px4_ros_com:/home/kimseheon/px4_ros_com_ros2/install/px4_msgs:/opt/ros/foxy LD_LIBRARY_PATH=/home/kimseheon/px4_ros_com_ros2-a/install/px4_msgs/lib:/home/kimseheon/px4_ros_com_ros2-a/install/px4_ros_com/lib:/home/kimseheon/px4_ros_com_ros2/install/px4_ros_com/lib:/home/kimseheon/px4_ros_com_ros2/install/px4_msgs/lib:/usr/lib/x86_64-linux-gnu/gazebo-11/plugins:/opt/ros/foxy/opt/yaml_cpp_vendor/lib:/opt/ros/foxy/opt/rviz_ogre_vendor/lib:/opt/ros/foxy/lib/x86_64-linux-gnu:/opt/ros/foxy/lib _=/usr/bin/env /usr/local/bin/cmake --install /home/kimseheon/px4_ros_com_ros2-a/build/px4_ros_com
[9.483s] Level 1:colcon.colcon_core.environment:create_environment_scripts_only(px4_ros_com)
[9.486s] Level 1:colcon.colcon_core.environment:checking '/home/kimseheon/px4_ros_com_ros2-a/install/px4_ros_com' for CMake module files
[9.487s] DEBUG:colcon.colcon_core.event_handler.log_command:Invoked command in '/home/kimseheon/px4_ros_com_ros2-a/build/px4_ros_com' returned '0': CMAKE_PREFIX_PATH=/home/kimseheon/px4_ros_com_ros2-a/install/px4_msgs:/home/kimseheon/px4_ros_com_ros2-a/install/px4_ros_com:/home/kimseheon/px4_ros_com_ros2/install/px4_ros_com:/home/kimseheon/px4_ros_com_ros2/install/px4_msgs:/opt/ros/foxy LD_LIBRARY_PATH=/home/kimseheon/px4_ros_com_ros2-a/install/px4_msgs/lib:/home/kimseheon/px4_ros_com_ros2-a/install/px4_ros_com/lib:/home/kimseheon/px4_ros_com_ros2/install/px4_ros_com/lib:/home/kimseheon/px4_ros_com_ros2/install/px4_msgs/lib:/usr/lib/x86_64-linux-gnu/gazebo-11/plugins:/opt/ros/foxy/opt/yaml_cpp_vendor/lib:/opt/ros/foxy/opt/rviz_ogre_vendor/lib:/opt/ros/foxy/lib/x86_64-linux-gnu:/opt/ros/foxy/lib _=/usr/bin/env /usr/local/bin/cmake --install /home/kimseheon/px4_ros_com_ros2-a/build/px4_ros_com
[9.487s] Level 1:colcon.colcon_core.environment:checking '/home/kimseheon/px4_ros_com_ros2-a/install/px4_ros_com' for CMake config files
[9.487s] Level 1:colcon.colcon_core.shell:create_environment_hook('px4_ros_com', 'cmake_prefix_path')
[9.489s] INFO:colcon.colcon_core.shell:Creating environment hook '/home/kimseheon/px4_ros_com_ros2-a/install/px4_ros_com/share/px4_ros_com/hook/cmake_prefix_path.ps1'
[9.490s] INFO:colcon.colcon_core.shell:Creating environment descriptor '/home/kimseheon/px4_ros_com_ros2-a/install/px4_ros_com/share/px4_ros_com/hook/cmake_prefix_path.dsv'
[9.490s] INFO:colcon.colcon_core.shell:Creating environment hook '/home/kimseheon/px4_ros_com_ros2-a/install/px4_ros_com/share/px4_ros_com/hook/cmake_prefix_path.sh'
[9.490s] Level 1:colcon.colcon_core.environment:checking '/home/kimseheon/px4_ros_com_ros2-a/install/px4_ros_com/lib'
[9.490s] Level 1:colcon.colcon_core.shell:create_environment_hook('px4_ros_com', 'ld_library_path_lib')
[9.492s] INFO:colcon.colcon_core.shell:Creating environment hook '/home/kimseheon/px4_ros_com_ros2-a/install/px4_ros_com/share/px4_ros_com/hook/ld_library_path_lib.ps1'
[9.492s] INFO:colcon.colcon_core.shell:Creating environment descriptor '/home/kimseheon/px4_ros_com_ros2-a/install/px4_ros_com/share/px4_ros_com/hook/ld_library_path_lib.dsv'
[9.493s] INFO:colcon.colcon_core.shell:Creating environment hook '/home/kimseheon/px4_ros_com_ros2-a/install/px4_ros_com/share/px4_ros_com/hook/ld_library_path_lib.sh'
[9.493s] Level 1:colcon.colcon_core.environment:checking '/home/kimseheon/px4_ros_com_ros2-a/install/px4_ros_com/bin'
[9.493s] Level 1:colcon.colcon_core.shell:create_environment_hook('px4_ros_com', 'path')
[9.495s] INFO:colcon.colcon_core.shell:Creating environment hook '/home/kimseheon/px4_ros_com_ros2-a/install/px4_ros_com/share/px4_ros_com/hook/path.ps1'
[9.495s] INFO:colcon.colcon_core.shell:Creating environment descriptor '/home/kimseheon/px4_ros_com_ros2-a/install/px4_ros_com/share/px4_ros_com/hook/path.dsv'
[9.495s] INFO:colcon.colcon_core.shell:Creating environment hook '/home/kimseheon/px4_ros_com_ros2-a/install/px4_ros_com/share/px4_ros_com/hook/path.sh'
[9.495s] Level 1:colcon.colcon_core.environment:checking '/home/kimseheon/px4_ros_com_ros2-a/install/px4_ros_com/lib/pkgconfig/px4_ros_com.pc'
[9.496s] Level 1:colcon.colcon_core.environment:checking '/home/kimseheon/px4_ros_com_ros2-a/install/px4_ros_com/lib/python3.8/site-packages'
[9.496s] Level 1:colcon.colcon_core.environment:checking '/home/kimseheon/px4_ros_com_ros2-a/install/px4_ros_com/bin'
[9.496s] Level 1:colcon.colcon_core.shell:create_environment_hook('px4_ros_com', 'pythonscriptspath')
[9.498s] INFO:colcon.colcon_core.shell:Creating environment hook '/home/kimseheon/px4_ros_com_ros2-a/install/px4_ros_com/share/px4_ros_com/hook/pythonscriptspath.ps1'
[9.498s] INFO:colcon.colcon_core.shell:Creating environment descriptor '/home/kimseheon/px4_ros_com_ros2-a/install/px4_ros_com/share/px4_ros_com/hook/pythonscriptspath.dsv'
[9.498s] INFO:colcon.colcon_core.shell:Creating environment hook '/home/kimseheon/px4_ros_com_ros2-a/install/px4_ros_com/share/px4_ros_com/hook/pythonscriptspath.sh'
[9.500s] INFO:colcon.colcon_core.shell:Creating package script '/home/kimseheon/px4_ros_com_ros2-a/install/px4_ros_com/share/px4_ros_com/package.ps1'
[9.501s] INFO:colcon.colcon_core.shell:Creating package descriptor '/home/kimseheon/px4_ros_com_ros2-a/install/px4_ros_com/share/px4_ros_com/package.dsv'
[9.501s] INFO:colcon.colcon_core.shell:Creating package script '/home/kimseheon/px4_ros_com_ros2-a/install/px4_ros_com/share/px4_ros_com/package.sh'
[9.501s] INFO:colcon.colcon_core.shell:Creating package script '/home/kimseheon/px4_ros_com_ros2-a/install/px4_ros_com/share/px4_ros_com/package.bash'
[9.501s] INFO:colcon.colcon_core.shell:Creating package script '/home/kimseheon/px4_ros_com_ros2-a/install/px4_ros_com/share/px4_ros_com/package.zsh'
[9.502s] Level 1:colcon.colcon_core.environment:create_file_with_runtime_dependencies(/home/kimseheon/px4_ros_com_ros2-a/install/px4_ros_com/share/colcon-core/packages/px4_ros_com)
[9.722s] Level 1:colcon.colcon_core.environment:create_environment_scripts_only(px4_ros_com)
[9.725s] Level 1:colcon.colcon_core.environment:checking '/home/kimseheon/px4_ros_com_ros2-a/install/px4_ros_com' for CMake module files
[9.725s] Level 1:colcon.colcon_core.environment:checking '/home/kimseheon/px4_ros_com_ros2-a/install/px4_ros_com' for CMake config files
[9.725s] Level 1:colcon.colcon_core.shell:create_environment_hook('px4_ros_com', 'cmake_prefix_path')
[9.727s] INFO:colcon.colcon_core.shell:Creating environment hook '/home/kimseheon/px4_ros_com_ros2-a/install/px4_ros_com/share/px4_ros_com/hook/cmake_prefix_path.ps1'
[9.728s] INFO:colcon.colcon_core.shell:Creating environment descriptor '/home/kimseheon/px4_ros_com_ros2-a/install/px4_ros_com/share/px4_ros_com/hook/cmake_prefix_path.dsv'
[9.728s] INFO:colcon.colcon_core.shell:Creating environment hook '/home/kimseheon/px4_ros_com_ros2-a/install/px4_ros_com/share/px4_ros_com/hook/cmake_prefix_path.sh'
[9.728s] Level 1:colcon.colcon_core.environment:checking '/home/kimseheon/px4_ros_com_ros2-a/install/px4_ros_com/lib'
[9.728s] Level 1:colcon.colcon_core.shell:create_environment_hook('px4_ros_com', 'ld_library_path_lib')
[9.730s] INFO:colcon.colcon_core.shell:Creating environment hook '/home/kimseheon/px4_ros_com_ros2-a/install/px4_ros_com/share/px4_ros_com/hook/ld_library_path_lib.ps1'
[9.731s] INFO:colcon.colcon_core.shell:Creating environment descriptor '/home/kimseheon/px4_ros_com_ros2-a/install/px4_ros_com/share/px4_ros_com/hook/ld_library_path_lib.dsv'
[9.731s] INFO:colcon.colcon_core.shell:Creating environment hook '/home/kimseheon/px4_ros_com_ros2-a/install/px4_ros_com/share/px4_ros_com/hook/ld_library_path_lib.sh'
[9.731s] Level 1:colcon.colcon_core.environment:checking '/home/kimseheon/px4_ros_com_ros2-a/install/px4_ros_com/bin'
[9.731s] Level 1:colcon.colcon_core.shell:create_environment_hook('px4_ros_com', 'path')
[9.733s] INFO:colcon.colcon_core.shell:Creating environment hook '/home/kimseheon/px4_ros_com_ros2-a/install/px4_ros_com/share/px4_ros_com/hook/path.ps1'
[9.733s] INFO:colcon.colcon_core.shell:Creating environment descriptor '/home/kimseheon/px4_ros_com_ros2-a/install/px4_ros_com/share/px4_ros_com/hook/path.dsv'
[9.733s] INFO:colcon.colcon_core.shell:Creating environment hook '/home/kimseheon/px4_ros_com_ros2-a/install/px4_ros_com/share/px4_ros_com/hook/path.sh'
[9.734s] Level 1:colcon.colcon_core.environment:checking '/home/kimseheon/px4_ros_com_ros2-a/install/px4_ros_com/lib/pkgconfig/px4_ros_com.pc'
[9.734s] Level 1:colcon.colcon_core.environment:checking '/home/kimseheon/px4_ros_com_ros2-a/install/px4_ros_com/lib/python3.8/site-packages'
[9.734s] Level 1:colcon.colcon_core.environment:checking '/home/kimseheon/px4_ros_com_ros2-a/install/px4_ros_com/bin'
[9.734s] Level 1:colcon.colcon_core.shell:create_environment_hook('px4_ros_com', 'pythonscriptspath')
[9.736s] INFO:colcon.colcon_core.shell:Creating environment hook '/home/kimseheon/px4_ros_com_ros2-a/install/px4_ros_com/share/px4_ros_com/hook/pythonscriptspath.ps1'
[9.736s] INFO:colcon.colcon_core.shell:Creating environment descriptor '/home/kimseheon/px4_ros_com_ros2-a/install/px4_ros_com/share/px4_ros_com/hook/pythonscriptspath.dsv'
[9.736s] INFO:colcon.colcon_core.shell:Creating environment hook '/home/kimseheon/px4_ros_com_ros2-a/install/px4_ros_com/share/px4_ros_com/hook/pythonscriptspath.sh'
[9.738s] INFO:colcon.colcon_core.shell:Creating package script '/home/kimseheon/px4_ros_com_ros2-a/install/px4_ros_com/share/px4_ros_com/package.ps1'
[9.739s] INFO:colcon.colcon_core.shell:Creating package descriptor '/home/kimseheon/px4_ros_com_ros2-a/install/px4_ros_com/share/px4_ros_com/package.dsv'
[9.739s] INFO:colcon.colcon_core.shell:Creating package script '/home/kimseheon/px4_ros_com_ros2-a/install/px4_ros_com/share/px4_ros_com/package.sh'
[9.739s] INFO:colcon.colcon_core.shell:Creating package script '/home/kimseheon/px4_ros_com_ros2-a/install/px4_ros_com/share/px4_ros_com/package.bash'
[9.740s] INFO:colcon.colcon_core.shell:Creating package script '/home/kimseheon/px4_ros_com_ros2-a/install/px4_ros_com/share/px4_ros_com/package.zsh'
[9.740s] Level 1:colcon.colcon_core.environment:create_file_with_runtime_dependencies(/home/kimseheon/px4_ros_com_ros2-a/install/px4_ros_com/share/colcon-core/packages/px4_ros_com)
[9.740s] DEBUG:colcon.colcon_parallel_executor.executor.parallel:closing loop
[9.740s] DEBUG:colcon.colcon_parallel_executor.executor.parallel:loop closed
[9.740s] DEBUG:colcon.colcon_parallel_executor.executor.parallel:run_until_complete finished with '0'
[9.741s] DEBUG:colcon.colcon_core.event_reactor:joining thread
[9.744s] INFO:colcon.colcon_core.plugin_system:Skipping extension 'colcon_notification.desktop_notification.terminal_notifier': Not used on non-Darwin systems
[9.744s] INFO:colcon.colcon_core.plugin_system:Skipping extension 'colcon_notification.desktop_notification.win32': Not used on non-Windows systems
[9.744s] INFO:colcon.colcon_notification.desktop_notification:Sending desktop notification using 'notify2'
[9.755s] DEBUG:colcon.colcon_core.event_reactor:joined thread
[9.757s] INFO:colcon.colcon_core.shell:Creating prefix script '/home/kimseheon/px4_ros_com_ros2-a/install/local_setup.ps1'
[9.758s] INFO:colcon.colcon_core.shell:Creating prefix util module '/home/kimseheon/px4_ros_com_ros2-a/install/_local_setup_util_ps1.py'
[9.759s] INFO:colcon.colcon_core.shell:Creating prefix chain script '/home/kimseheon/px4_ros_com_ros2-a/install/setup.ps1'
[9.760s] INFO:colcon.colcon_core.shell:Creating prefix script '/home/kimseheon/px4_ros_com_ros2-a/install/local_setup.sh'
[9.760s] INFO:colcon.colcon_core.shell:Creating prefix util module '/home/kimseheon/px4_ros_com_ros2-a/install/_local_setup_util_sh.py'
[9.761s] INFO:colcon.colcon_core.shell:Creating prefix chain script '/home/kimseheon/px4_ros_com_ros2-a/install/setup.sh'
[9.762s] INFO:colcon.colcon_core.shell:Creating prefix script '/home/kimseheon/px4_ros_com_ros2-a/install/local_setup.bash'
[9.763s] INFO:colcon.colcon_core.shell:Creating prefix chain script '/home/kimseheon/px4_ros_com_ros2-a/install/setup.bash'
[9.764s] INFO:colcon.colcon_core.shell:Creating prefix script '/home/kimseheon/px4_ros_com_ros2-a/install/local_setup.zsh'
[9.764s] INFO:colcon.colcon_core.shell:Creating prefix chain script '/home/kimseheon/px4_ros_com_ros2-a/install/setup.zsh'
