[0.220s] DEBUG:colcon:Command line arguments: ['/usr/bin/colcon', 'build', '--symlink-install', '--packages-select', 'px4_ros_com']
[0.220s] DEBUG:colcon:Parsed command line arguments: Namespace(allow_overriding=[], ament_cmake_args=None, base_paths=['.'], build_base='build', catkin_cmake_args=None, catkin_skip_building_tests=False, cmake_args=None, cmake_clean_cache=False, cmake_clean_first=False, cmake_force_configure=False, cmake_target=None, cmake_target_skip_unavailable=False, continue_on_error=False, event_handlers=None, executor='parallel', ignore_user_meta=False, install_base='install', log_base=None, log_level=None, main=<bound method BuildVerb.main of <colcon_core.verb.build.BuildVerb object at 0x7fb5078fb400>>, merge_install=False, metas=['./colcon.meta'], packages_above=None, packages_above_and_dependencies=None, packages_above_depth=None, packages_end=None, packages_ignore=None, packages_ignore_regex=None, packages_select=['px4_ros_com'], packages_select_build_failed=False, packages_select_by_dep=None, packages_select_regex=None, packages_select_test_failures=False, packages_skip=None, packages_skip_build_finished=False, packages_skip_by_dep=None, packages_skip_regex=None, packages_skip_test_passed=False, packages_skip_up_to=None, packages_start=None, packages_up_to=None, packages_up_to_regex=None, parallel_workers=8, paths=None, symlink_install=True, test_result_base=None, verb_extension=<colcon_core.verb.build.BuildVerb object at 0x7fb5078fb400>, verb_name='build', verb_parser=<colcon_defaults.argument_parser.defaults.DefaultArgumentsDecorator object at 0x7fb50782de50>)
[0.251s] Level 1:colcon.colcon_core.package_discovery:discover_packages(colcon_meta) check parameters
[0.251s] Level 1:colcon.colcon_core.package_discovery:discover_packages(recursive) check parameters
[0.251s] Level 1:colcon.colcon_core.package_discovery:discover_packages(ignore) check parameters
[0.251s] Level 1:colcon.colcon_core.package_discovery:discover_packages(path) check parameters
[0.251s] Level 1:colcon.colcon_core.package_discovery:discover_packages(colcon_meta) discover
[0.252s] Level 1:colcon.colcon_core.package_discovery:discover_packages(recursive) discover
[0.252s] INFO:colcon.colcon_core.package_discovery:Crawling recursively for packages in '/home/kimseheon/px4_ros_com_ros2-a'
[0.252s] Level 1:colcon.colcon_core.package_identification:_identify(.) by extensions ['ignore', 'ignore_ament_install']
[0.252s] Level 1:colcon.colcon_core.package_identification:_identify(.) by extension 'ignore'
[0.252s] Level 1:colcon.colcon_core.package_identification:_identify(.) by extension 'ignore_ament_install'
[0.252s] Level 1:colcon.colcon_core.package_identification:_identify(.) by extensions ['colcon_pkg']
[0.252s] Level 1:colcon.colcon_core.package_identification:_identify(.) by extension 'colcon_pkg'
[0.252s] Level 1:colcon.colcon_core.package_identification:_identify(.) by extensions ['colcon_meta']
[0.252s] Level 1:colcon.colcon_core.package_identification:_identify(.) by extension 'colcon_meta'
[0.252s] Level 1:colcon.colcon_core.package_identification:_identify(.) by extensions ['ros']
[0.252s] Level 1:colcon.colcon_core.package_identification:_identify(.) by extension 'ros'
[0.263s] Level 1:colcon.colcon_core.package_identification:_identify(.) by extensions ['cmake', 'python']
[0.263s] Level 1:colcon.colcon_core.package_identification:_identify(.) by extension 'cmake'
[0.263s] Level 1:colcon.colcon_core.package_identification:_identify(.) by extension 'python'
[0.263s] Level 1:colcon.colcon_core.package_identification:_identify(.) by extensions ['python_setup_py']
[0.264s] Level 1:colcon.colcon_core.package_identification:_identify(.) by extension 'python_setup_py'
[0.264s] Level 1:colcon.colcon_core.package_identification:_identify(build) by extensions ['ignore', 'ignore_ament_install']
[0.264s] Level 1:colcon.colcon_core.package_identification:_identify(build) by extension 'ignore'
[0.264s] Level 1:colcon.colcon_core.package_identification:_identify(build) ignored
[0.264s] Level 1:colcon.colcon_core.package_identification:_identify(install) by extensions ['ignore', 'ignore_ament_install']
[0.264s] Level 1:colcon.colcon_core.package_identification:_identify(install) by extension 'ignore'
[0.264s] Level 1:colcon.colcon_core.package_identification:_identify(install) ignored
[0.264s] Level 1:colcon.colcon_core.package_identification:_identify(log) by extensions ['ignore', 'ignore_ament_install']
[0.264s] Level 1:colcon.colcon_core.package_identification:_identify(log) by extension 'ignore'
[0.264s] Level 1:colcon.colcon_core.package_identification:_identify(log) ignored
[0.264s] Level 1:colcon.colcon_core.package_identification:_identify(src) by extensions ['ignore', 'ignore_ament_install']
[0.264s] Level 1:colcon.colcon_core.package_identification:_identify(src) by extension 'ignore'
[0.264s] Level 1:colcon.colcon_core.package_identification:_identify(src) by extension 'ignore_ament_install'
[0.264s] Level 1:colcon.colcon_core.package_identification:_identify(src) by extensions ['colcon_pkg']
[0.264s] Level 1:colcon.colcon_core.package_identification:_identify(src) by extension 'colcon_pkg'
[0.264s] Level 1:colcon.colcon_core.package_identification:_identify(src) by extensions ['colcon_meta']
[0.264s] Level 1:colcon.colcon_core.package_identification:_identify(src) by extension 'colcon_meta'
[0.264s] Level 1:colcon.colcon_core.package_identification:_identify(src) by extensions ['ros']
[0.264s] Level 1:colcon.colcon_core.package_identification:_identify(src) by extension 'ros'
[0.264s] Level 1:colcon.colcon_core.package_identification:_identify(src) by extensions ['cmake', 'python']
[0.264s] Level 1:colcon.colcon_core.package_identification:_identify(src) by extension 'cmake'
[0.264s] Level 1:colcon.colcon_core.package_identification:_identify(src) by extension 'python'
[0.264s] Level 1:colcon.colcon_core.package_identification:_identify(src) by extensions ['python_setup_py']
[0.265s] Level 1:colcon.colcon_core.package_identification:_identify(src) by extension 'python_setup_py'
[0.265s] Level 1:colcon.colcon_core.package_identification:_identify(src/px4_msgs) by extensions ['ignore', 'ignore_ament_install']
[0.265s] Level 1:colcon.colcon_core.package_identification:_identify(src/px4_msgs) by extension 'ignore'
[0.265s] Level 1:colcon.colcon_core.package_identification:_identify(src/px4_msgs) by extension 'ignore_ament_install'
[0.265s] Level 1:colcon.colcon_core.package_identification:_identify(src/px4_msgs) by extensions ['colcon_pkg']
[0.265s] Level 1:colcon.colcon_core.package_identification:_identify(src/px4_msgs) by extension 'colcon_pkg'
[0.265s] Level 1:colcon.colcon_core.package_identification:_identify(src/px4_msgs) by extensions ['colcon_meta']
[0.265s] Level 1:colcon.colcon_core.package_identification:_identify(src/px4_msgs) by extension 'colcon_meta'
[0.265s] Level 1:colcon.colcon_core.package_identification:_identify(src/px4_msgs) by extensions ['ros']
[0.265s] Level 1:colcon.colcon_core.package_identification:_identify(src/px4_msgs) by extension 'ros'
[0.267s] DEBUG:colcon.colcon_core.package_identification:Package 'src/px4_msgs' with type 'ros.ament_cmake' and name 'px4_msgs'
[0.267s] Level 1:colcon.colcon_core.package_identification:_identify(src/px4_ros_com) by extensions ['ignore', 'ignore_ament_install']
[0.267s] Level 1:colcon.colcon_core.package_identification:_identify(src/px4_ros_com) by extension 'ignore'
[0.267s] Level 1:colcon.colcon_core.package_identification:_identify(src/px4_ros_com) by extension 'ignore_ament_install'
[0.267s] Level 1:colcon.colcon_core.package_identification:_identify(src/px4_ros_com) by extensions ['colcon_pkg']
[0.267s] Level 1:colcon.colcon_core.package_identification:_identify(src/px4_ros_com) by extension 'colcon_pkg'
[0.267s] Level 1:colcon.colcon_core.package_identification:_identify(src/px4_ros_com) by extensions ['colcon_meta']
[0.267s] Level 1:colcon.colcon_core.package_identification:_identify(src/px4_ros_com) by extension 'colcon_meta'
[0.267s] Level 1:colcon.colcon_core.package_identification:_identify(src/px4_ros_com) by extensions ['ros']
[0.267s] Level 1:colcon.colcon_core.package_identification:_identify(src/px4_ros_com) by extension 'ros'
[0.268s] DEBUG:colcon.colcon_core.package_identification:Package 'src/px4_ros_com' with type 'ros.ament_cmake' and name 'px4_ros_com'
[0.269s] Level 1:colcon.colcon_core.package_discovery:discover_packages(recursive) using defaults
[0.269s] Level 1:colcon.colcon_core.package_discovery:discover_packages(ignore) discover
[0.269s] Level 1:colcon.colcon_core.package_discovery:discover_packages(ignore) using defaults
[0.269s] Level 1:colcon.colcon_core.package_discovery:discover_packages(path) discover
[0.269s] Level 1:colcon.colcon_core.package_discovery:discover_packages(path) using defaults
[0.290s] INFO:colcon.colcon_core.package_selection:Skipping not selected package 'px4_msgs' in 'src/px4_msgs'
[0.290s] Level 1:colcon.colcon_core.package_discovery:discover_packages(prefix_path) check parameters
[0.290s] Level 1:colcon.colcon_core.package_discovery:discover_packages(prefix_path) discover
[0.293s] DEBUG:colcon.colcon_installed_package_information.package_discovery:Found 2 installed packages in /home/kimseheon/px4_ros_com_ros2-a/install
[0.294s] DEBUG:colcon.colcon_installed_package_information.package_discovery:Found 2 installed packages in /home/kimseheon/px4_ros_com_ros2/install
[0.296s] DEBUG:colcon.colcon_installed_package_information.package_discovery:Found 274 installed packages in /opt/ros/foxy
[0.297s] Level 1:colcon.colcon_core.package_discovery:discover_packages(prefix_path) using defaults
[0.340s] Level 5:colcon.colcon_core.verb:set package 'px4_ros_com' build argument 'cmake_args' from command line to 'None'
[0.340s] Level 5:colcon.colcon_core.verb:set package 'px4_ros_com' build argument 'cmake_target' from command line to 'None'
[0.340s] Level 5:colcon.colcon_core.verb:set package 'px4_ros_com' build argument 'cmake_target_skip_unavailable' from command line to 'False'
[0.340s] Level 5:colcon.colcon_core.verb:set package 'px4_ros_com' build argument 'cmake_clean_cache' from command line to 'False'
[0.340s] Level 5:colcon.colcon_core.verb:set package 'px4_ros_com' build argument 'cmake_clean_first' from command line to 'False'
[0.340s] Level 5:colcon.colcon_core.verb:set package 'px4_ros_com' build argument 'cmake_force_configure' from command line to 'False'
[0.340s] Level 5:colcon.colcon_core.verb:set package 'px4_ros_com' build argument 'ament_cmake_args' from command line to 'None'
[0.340s] Level 5:colcon.colcon_core.verb:set package 'px4_ros_com' build argument 'catkin_cmake_args' from command line to 'None'
[0.340s] Level 5:colcon.colcon_core.verb:set package 'px4_ros_com' build argument 'catkin_skip_building_tests' from command line to 'False'
[0.340s] DEBUG:colcon.colcon_core.verb:Building package 'px4_ros_com' with the following arguments: {'ament_cmake_args': None, 'build_base': '/home/kimseheon/px4_ros_com_ros2-a/build/px4_ros_com', 'catkin_cmake_args': None, 'catkin_skip_building_tests': False, 'cmake_args': None, 'cmake_clean_cache': False, 'cmake_clean_first': False, 'cmake_force_configure': False, 'cmake_target': None, 'cmake_target_skip_unavailable': False, 'install_base': '/home/kimseheon/px4_ros_com_ros2-a/install/px4_ros_com', 'merge_install': False, 'path': '/home/kimseheon/px4_ros_com_ros2-a/src/px4_ros_com', 'symlink_install': True, 'test_result_base': None}
[0.341s] INFO:colcon.colcon_core.executor:Executing jobs using 'parallel' executor
[0.346s] DEBUG:colcon.colcon_parallel_executor.executor.parallel:run_until_complete
[0.346s] INFO:colcon.colcon_ros.task.ament_cmake.build:Building ROS package in '/home/kimseheon/px4_ros_com_ros2-a/src/px4_ros_com' with build type 'ament_cmake'
[0.346s] INFO:colcon.colcon_cmake.task.cmake.build:Building CMake package in '/home/kimseheon/px4_ros_com_ros2-a/src/px4_ros_com'
[0.350s] INFO:colcon.colcon_core.plugin_system:Skipping extension 'colcon_core.shell.bat': Not used on non-Windows systems
[0.350s] INFO:colcon.colcon_core.shell:Skip shell extension 'powershell' for command environment: Not usable outside of PowerShell
[0.350s] DEBUG:colcon.colcon_core.shell:Skip shell extension 'dsv' for command environment
[0.367s] DEBUG:colcon.colcon_core.event_handler.log_command:Invoking command in '/home/kimseheon/px4_ros_com_ros2-a/build/px4_ros_com': CMAKE_PREFIX_PATH=/home/kimseheon/px4_ros_com_ros2-a/install/px4_msgs:/home/kimseheon/px4_ros_com_ros2-a/install/px4_ros_com:/home/kimseheon/px4_ros_com_ros2/install/px4_ros_com:/home/kimseheon/px4_ros_com_ros2/install/px4_msgs:/opt/ros/foxy LD_LIBRARY_PATH=/home/kimseheon/px4_ros_com_ros2-a/install/px4_msgs/lib:/home/kimseheon/px4_ros_com_ros2-a/install/px4_ros_com/lib:/home/kimseheon/px4_ros_com_ros2/install/px4_ros_com/lib:/home/kimseheon/px4_ros_com_ros2/install/px4_msgs/lib:/usr/lib/x86_64-linux-gnu/gazebo-11/plugins:/opt/ros/foxy/opt/yaml_cpp_vendor/lib:/opt/ros/foxy/opt/rviz_ogre_vendor/lib:/opt/ros/foxy/lib/x86_64-linux-gnu:/opt/ros/foxy/lib _=/usr/bin/env /usr/local/bin/cmake --build /home/kimseheon/px4_ros_com_ros2-a/build/px4_ros_com -- -j8 -l8
[0.432s] DEBUG:colcon.colcon_core.event_handler.log_command:Invoked command in '/home/kimseheon/px4_ros_com_ros2-a/build/px4_ros_com' returned '0': CMAKE_PREFIX_PATH=/home/kimseheon/px4_ros_com_ros2-a/install/px4_msgs:/home/kimseheon/px4_ros_com_ros2-a/install/px4_ros_com:/home/kimseheon/px4_ros_com_ros2/install/px4_ros_com:/home/kimseheon/px4_ros_com_ros2/install/px4_msgs:/opt/ros/foxy LD_LIBRARY_PATH=/home/kimseheon/px4_ros_com_ros2-a/install/px4_msgs/lib:/home/kimseheon/px4_ros_com_ros2-a/install/px4_ros_com/lib:/home/kimseheon/px4_ros_com_ros2/install/px4_ros_com/lib:/home/kimseheon/px4_ros_com_ros2/install/px4_msgs/lib:/usr/lib/x86_64-linux-gnu/gazebo-11/plugins:/opt/ros/foxy/opt/yaml_cpp_vendor/lib:/opt/ros/foxy/opt/rviz_ogre_vendor/lib:/opt/ros/foxy/lib/x86_64-linux-gnu:/opt/ros/foxy/lib _=/usr/bin/env /usr/local/bin/cmake --build /home/kimseheon/px4_ros_com_ros2-a/build/px4_ros_com -- -j8 -l8
[0.674s] DEBUG:colcon.colcon_core.event_handler.log_command:Invoking command in '/home/kimseheon/px4_ros_com_ros2-a/build/px4_ros_com': CMAKE_PREFIX_PATH=/home/kimseheon/px4_ros_com_ros2-a/install/px4_msgs:/home/kimseheon/px4_ros_com_ros2-a/install/px4_ros_com:/home/kimseheon/px4_ros_com_ros2/install/px4_ros_com:/home/kimseheon/px4_ros_com_ros2/install/px4_msgs:/opt/ros/foxy LD_LIBRARY_PATH=/home/kimseheon/px4_ros_com_ros2-a/install/px4_msgs/lib:/home/kimseheon/px4_ros_com_ros2-a/install/px4_ros_com/lib:/home/kimseheon/px4_ros_com_ros2/install/px4_ros_com/lib:/home/kimseheon/px4_ros_com_ros2/install/px4_msgs/lib:/usr/lib/x86_64-linux-gnu/gazebo-11/plugins:/opt/ros/foxy/opt/yaml_cpp_vendor/lib:/opt/ros/foxy/opt/rviz_ogre_vendor/lib:/opt/ros/foxy/lib/x86_64-linux-gnu:/opt/ros/foxy/lib _=/usr/bin/env /usr/local/bin/cmake --install /home/kimseheon/px4_ros_com_ros2-a/build/px4_ros_com
[0.691s] Level 1:colcon.colcon_core.environment:create_environment_scripts_only(px4_ros_com)
[0.692s] DEBUG:colcon.colcon_core.event_handler.log_command:Invoked command in '/home/kimseheon/px4_ros_com_ros2-a/build/px4_ros_com' returned '0': CMAKE_PREFIX_PATH=/home/kimseheon/px4_ros_com_ros2-a/install/px4_msgs:/home/kimseheon/px4_ros_com_ros2-a/install/px4_ros_com:/home/kimseheon/px4_ros_com_ros2/install/px4_ros_com:/home/kimseheon/px4_ros_com_ros2/install/px4_msgs:/opt/ros/foxy LD_LIBRARY_PATH=/home/kimseheon/px4_ros_com_ros2-a/install/px4_msgs/lib:/home/kimseheon/px4_ros_com_ros2-a/install/px4_ros_com/lib:/home/kimseheon/px4_ros_com_ros2/install/px4_ros_com/lib:/home/kimseheon/px4_ros_com_ros2/install/px4_msgs/lib:/usr/lib/x86_64-linux-gnu/gazebo-11/plugins:/opt/ros/foxy/opt/yaml_cpp_vendor/lib:/opt/ros/foxy/opt/rviz_ogre_vendor/lib:/opt/ros/foxy/lib/x86_64-linux-gnu:/opt/ros/foxy/lib _=/usr/bin/env /usr/local/bin/cmake --install /home/kimseheon/px4_ros_com_ros2-a/build/px4_ros_com
[0.696s] Level 1:colcon.colcon_core.environment:checking '/home/kimseheon/px4_ros_com_ros2-a/install/px4_ros_com' for CMake module files
[0.697s] Level 1:colcon.colcon_core.environment:checking '/home/kimseheon/px4_ros_com_ros2-a/install/px4_ros_com' for CMake config files
[0.697s] Level 1:colcon.colcon_core.shell:create_environment_hook('px4_ros_com', 'cmake_prefix_path')
[0.699s] INFO:colcon.colcon_core.shell:Creating environment hook '/home/kimseheon/px4_ros_com_ros2-a/install/px4_ros_com/share/px4_ros_com/hook/cmake_prefix_path.ps1'
[0.700s] INFO:colcon.colcon_core.shell:Creating environment descriptor '/home/kimseheon/px4_ros_com_ros2-a/install/px4_ros_com/share/px4_ros_com/hook/cmake_prefix_path.dsv'
[0.700s] INFO:colcon.colcon_core.shell:Creating environment hook '/home/kimseheon/px4_ros_com_ros2-a/install/px4_ros_com/share/px4_ros_com/hook/cmake_prefix_path.sh'
[0.701s] Level 1:colcon.colcon_core.environment:checking '/home/kimseheon/px4_ros_com_ros2-a/install/px4_ros_com/lib'
[0.701s] Level 1:colcon.colcon_core.shell:create_environment_hook('px4_ros_com', 'ld_library_path_lib')
[0.703s] INFO:colcon.colcon_core.shell:Creating environment hook '/home/kimseheon/px4_ros_com_ros2-a/install/px4_ros_com/share/px4_ros_com/hook/ld_library_path_lib.ps1'
[0.704s] INFO:colcon.colcon_core.shell:Creating environment descriptor '/home/kimseheon/px4_ros_com_ros2-a/install/px4_ros_com/share/px4_ros_com/hook/ld_library_path_lib.dsv'
[0.704s] INFO:colcon.colcon_core.shell:Creating environment hook '/home/kimseheon/px4_ros_com_ros2-a/install/px4_ros_com/share/px4_ros_com/hook/ld_library_path_lib.sh'
[0.704s] Level 1:colcon.colcon_core.environment:checking '/home/kimseheon/px4_ros_com_ros2-a/install/px4_ros_com/bin'
[0.704s] Level 1:colcon.colcon_core.shell:create_environment_hook('px4_ros_com', 'path')
[0.706s] INFO:colcon.colcon_core.shell:Creating environment hook '/home/kimseheon/px4_ros_com_ros2-a/install/px4_ros_com/share/px4_ros_com/hook/path.ps1'
[0.706s] INFO:colcon.colcon_core.shell:Creating environment descriptor '/home/kimseheon/px4_ros_com_ros2-a/install/px4_ros_com/share/px4_ros_com/hook/path.dsv'
[0.707s] INFO:colcon.colcon_core.shell:Creating environment hook '/home/kimseheon/px4_ros_com_ros2-a/install/px4_ros_com/share/px4_ros_com/hook/path.sh'
[0.707s] Level 1:colcon.colcon_core.environment:checking '/home/kimseheon/px4_ros_com_ros2-a/install/px4_ros_com/lib/pkgconfig/px4_ros_com.pc'
[0.707s] Level 1:colcon.colcon_core.environment:checking '/home/kimseheon/px4_ros_com_ros2-a/install/px4_ros_com/lib/python3.8/site-packages'
[0.707s] Level 1:colcon.colcon_core.environment:checking '/home/kimseheon/px4_ros_com_ros2-a/install/px4_ros_com/bin'
[0.707s] Level 1:colcon.colcon_core.shell:create_environment_hook('px4_ros_com', 'pythonscriptspath')
[0.709s] INFO:colcon.colcon_core.shell:Creating environment hook '/home/kimseheon/px4_ros_com_ros2-a/install/px4_ros_com/share/px4_ros_com/hook/pythonscriptspath.ps1'
[0.710s] INFO:colcon.colcon_core.shell:Creating environment descriptor '/home/kimseheon/px4_ros_com_ros2-a/install/px4_ros_com/share/px4_ros_com/hook/pythonscriptspath.dsv'
[0.710s] INFO:colcon.colcon_core.shell:Creating environment hook '/home/kimseheon/px4_ros_com_ros2-a/install/px4_ros_com/share/px4_ros_com/hook/pythonscriptspath.sh'
[0.712s] INFO:colcon.colcon_core.shell:Creating package script '/home/kimseheon/px4_ros_com_ros2-a/install/px4_ros_com/share/px4_ros_com/package.ps1'
[0.713s] INFO:colcon.colcon_core.shell:Creating package descriptor '/home/kimseheon/px4_ros_com_ros2-a/install/px4_ros_com/share/px4_ros_com/package.dsv'
[0.713s] INFO:colcon.colcon_core.shell:Creating package script '/home/kimseheon/px4_ros_com_ros2-a/install/px4_ros_com/share/px4_ros_com/package.sh'
[0.714s] INFO:colcon.colcon_core.shell:Creating package script '/home/kimseheon/px4_ros_com_ros2-a/install/px4_ros_com/share/px4_ros_com/package.bash'
[0.714s] INFO:colcon.colcon_core.shell:Creating package script '/home/kimseheon/px4_ros_com_ros2-a/install/px4_ros_com/share/px4_ros_com/package.zsh'
[0.714s] Level 1:colcon.colcon_core.environment:create_file_with_runtime_dependencies(/home/kimseheon/px4_ros_com_ros2-a/install/px4_ros_com/share/colcon-core/packages/px4_ros_com)
[0.966s] Level 1:colcon.colcon_core.environment:create_environment_scripts_only(px4_ros_com)
[0.969s] Level 1:colcon.colcon_core.environment:checking '/home/kimseheon/px4_ros_com_ros2-a/install/px4_ros_com' for CMake module files
[0.970s] Level 1:colcon.colcon_core.environment:checking '/home/kimseheon/px4_ros_com_ros2-a/install/px4_ros_com' for CMake config files
[0.970s] Level 1:colcon.colcon_core.shell:create_environment_hook('px4_ros_com', 'cmake_prefix_path')
[0.972s] INFO:colcon.colcon_core.shell:Creating environment hook '/home/kimseheon/px4_ros_com_ros2-a/install/px4_ros_com/share/px4_ros_com/hook/cmake_prefix_path.ps1'
[0.973s] INFO:colcon.colcon_core.shell:Creating environment descriptor '/home/kimseheon/px4_ros_com_ros2-a/install/px4_ros_com/share/px4_ros_com/hook/cmake_prefix_path.dsv'
[0.973s] INFO:colcon.colcon_core.shell:Creating environment hook '/home/kimseheon/px4_ros_com_ros2-a/install/px4_ros_com/share/px4_ros_com/hook/cmake_prefix_path.sh'
[0.973s] Level 1:colcon.colcon_core.environment:checking '/home/kimseheon/px4_ros_com_ros2-a/install/px4_ros_com/lib'
[0.973s] Level 1:colcon.colcon_core.shell:create_environment_hook('px4_ros_com', 'ld_library_path_lib')
[0.976s] INFO:colcon.colcon_core.shell:Creating environment hook '/home/kimseheon/px4_ros_com_ros2-a/install/px4_ros_com/share/px4_ros_com/hook/ld_library_path_lib.ps1'
[0.976s] INFO:colcon.colcon_core.shell:Creating environment descriptor '/home/kimseheon/px4_ros_com_ros2-a/install/px4_ros_com/share/px4_ros_com/hook/ld_library_path_lib.dsv'
[0.976s] INFO:colcon.colcon_core.shell:Creating environment hook '/home/kimseheon/px4_ros_com_ros2-a/install/px4_ros_com/share/px4_ros_com/hook/ld_library_path_lib.sh'
[0.976s] Level 1:colcon.colcon_core.environment:checking '/home/kimseheon/px4_ros_com_ros2-a/install/px4_ros_com/bin'
[0.976s] Level 1:colcon.colcon_core.shell:create_environment_hook('px4_ros_com', 'path')
[0.978s] INFO:colcon.colcon_core.shell:Creating environment hook '/home/kimseheon/px4_ros_com_ros2-a/install/px4_ros_com/share/px4_ros_com/hook/path.ps1'
[0.979s] INFO:colcon.colcon_core.shell:Creating environment descriptor '/home/kimseheon/px4_ros_com_ros2-a/install/px4_ros_com/share/px4_ros_com/hook/path.dsv'
[0.979s] INFO:colcon.colcon_core.shell:Creating environment hook '/home/kimseheon/px4_ros_com_ros2-a/install/px4_ros_com/share/px4_ros_com/hook/path.sh'
[0.979s] Level 1:colcon.colcon_core.environment:checking '/home/kimseheon/px4_ros_com_ros2-a/install/px4_ros_com/lib/pkgconfig/px4_ros_com.pc'
[0.980s] Level 1:colcon.colcon_core.environment:checking '/home/kimseheon/px4_ros_com_ros2-a/install/px4_ros_com/lib/python3.8/site-packages'
[0.980s] Level 1:colcon.colcon_core.environment:checking '/home/kimseheon/px4_ros_com_ros2-a/install/px4_ros_com/bin'
[0.980s] Level 1:colcon.colcon_core.shell:create_environment_hook('px4_ros_com', 'pythonscriptspath')
[0.982s] INFO:colcon.colcon_core.shell:Creating environment hook '/home/kimseheon/px4_ros_com_ros2-a/install/px4_ros_com/share/px4_ros_com/hook/pythonscriptspath.ps1'
[0.982s] INFO:colcon.colcon_core.shell:Creating environment descriptor '/home/kimseheon/px4_ros_com_ros2-a/install/px4_ros_com/share/px4_ros_com/hook/pythonscriptspath.dsv'
[0.982s] INFO:colcon.colcon_core.shell:Creating environment hook '/home/kimseheon/px4_ros_com_ros2-a/install/px4_ros_com/share/px4_ros_com/hook/pythonscriptspath.sh'
[0.985s] INFO:colcon.colcon_core.shell:Creating package script '/home/kimseheon/px4_ros_com_ros2-a/install/px4_ros_com/share/px4_ros_com/package.ps1'
[0.985s] INFO:colcon.colcon_core.shell:Creating package descriptor '/home/kimseheon/px4_ros_com_ros2-a/install/px4_ros_com/share/px4_ros_com/package.dsv'
[0.986s] INFO:colcon.colcon_core.shell:Creating package script '/home/kimseheon/px4_ros_com_ros2-a/install/px4_ros_com/share/px4_ros_com/package.sh'
[0.986s] INFO:colcon.colcon_core.shell:Creating package script '/home/kimseheon/px4_ros_com_ros2-a/install/px4_ros_com/share/px4_ros_com/package.bash'
[0.986s] INFO:colcon.colcon_core.shell:Creating package script '/home/kimseheon/px4_ros_com_ros2-a/install/px4_ros_com/share/px4_ros_com/package.zsh'
[0.986s] Level 1:colcon.colcon_core.environment:create_file_with_runtime_dependencies(/home/kimseheon/px4_ros_com_ros2-a/install/px4_ros_com/share/colcon-core/packages/px4_ros_com)
[0.987s] DEBUG:colcon.colcon_parallel_executor.executor.parallel:closing loop
[0.987s] DEBUG:colcon.colcon_parallel_executor.executor.parallel:loop closed
[0.987s] DEBUG:colcon.colcon_parallel_executor.executor.parallel:run_until_complete finished with '0'
[0.987s] DEBUG:colcon.colcon_core.event_reactor:joining thread
[0.991s] INFO:colcon.colcon_core.plugin_system:Skipping extension 'colcon_notification.desktop_notification.terminal_notifier': Not used on non-Darwin systems
[0.991s] INFO:colcon.colcon_core.plugin_system:Skipping extension 'colcon_notification.desktop_notification.win32': Not used on non-Windows systems
[0.991s] INFO:colcon.colcon_notification.desktop_notification:Sending desktop notification using 'notify2'
[1.001s] DEBUG:colcon.colcon_core.event_reactor:joined thread
[1.003s] INFO:colcon.colcon_core.shell:Creating prefix script '/home/kimseheon/px4_ros_com_ros2-a/install/local_setup.ps1'
[1.004s] INFO:colcon.colcon_core.shell:Creating prefix util module '/home/kimseheon/px4_ros_com_ros2-a/install/_local_setup_util_ps1.py'
[1.005s] INFO:colcon.colcon_core.shell:Creating prefix chain script '/home/kimseheon/px4_ros_com_ros2-a/install/setup.ps1'
[1.006s] INFO:colcon.colcon_core.shell:Creating prefix script '/home/kimseheon/px4_ros_com_ros2-a/install/local_setup.sh'
[1.007s] INFO:colcon.colcon_core.shell:Creating prefix util module '/home/kimseheon/px4_ros_com_ros2-a/install/_local_setup_util_sh.py'
[1.007s] INFO:colcon.colcon_core.shell:Creating prefix chain script '/home/kimseheon/px4_ros_com_ros2-a/install/setup.sh'
[1.008s] INFO:colcon.colcon_core.shell:Creating prefix script '/home/kimseheon/px4_ros_com_ros2-a/install/local_setup.bash'
[1.009s] INFO:colcon.colcon_core.shell:Creating prefix chain script '/home/kimseheon/px4_ros_com_ros2-a/install/setup.bash'
[1.010s] INFO:colcon.colcon_core.shell:Creating prefix script '/home/kimseheon/px4_ros_com_ros2-a/install/local_setup.zsh'
[1.010s] INFO:colcon.colcon_core.shell:Creating prefix chain script '/home/kimseheon/px4_ros_com_ros2-a/install/setup.zsh'
