[0.188s] DEBUG:colcon:Command line arguments: ['/usr/bin/colcon', 'build']
[0.188s] DEBUG:colcon:Parsed command line arguments: Namespace(allow_overriding=[], ament_cmake_args=None, base_paths=['.'], build_base='build', catkin_cmake_args=None, catkin_skip_building_tests=False, cmake_args=None, cmake_clean_cache=False, cmake_clean_first=False, cmake_force_configure=False, cmake_target=None, cmake_target_skip_unavailable=False, continue_on_error=False, event_handlers=None, executor='parallel', ignore_user_meta=False, install_base='install', log_base=None, log_level=None, main=<bound method BuildVerb.main of <colcon_core.verb.build.BuildVerb object at 0x7f484108cca0>>, merge_install=False, metas=['./colcon.meta'], packages_above=None, packages_above_and_dependencies=None, packages_above_depth=None, packages_end=None, packages_ignore=None, packages_ignore_regex=None, packages_select=None, packages_select_build_failed=False, packages_select_by_dep=None, packages_select_regex=None, packages_select_test_failures=False, packages_skip=None, packages_skip_build_finished=False, packages_skip_by_dep=None, packages_skip_regex=None, packages_skip_test_passed=False, packages_skip_up_to=None, packages_start=None, packages_up_to=None, packages_up_to_regex=None, parallel_workers=8, paths=None, symlink_install=False, test_result_base=None, verb_extension=<colcon_core.verb.build.BuildVerb object at 0x7f484108cca0>, verb_name='build', verb_parser=<colcon_defaults.argument_parser.defaults.DefaultArgumentsDecorator object at 0x7f4840ff6bb0>)
[0.215s] Level 1:colcon.colcon_core.package_discovery:discover_packages(colcon_meta) check parameters
[0.215s] Level 1:colcon.colcon_core.package_discovery:discover_packages(recursive) check parameters
[0.215s] Level 1:colcon.colcon_core.package_discovery:discover_packages(ignore) check parameters
[0.215s] Level 1:colcon.colcon_core.package_discovery:discover_packages(path) check parameters
[0.215s] Level 1:colcon.colcon_core.package_discovery:discover_packages(colcon_meta) discover
[0.215s] Level 1:colcon.colcon_core.package_discovery:discover_packages(recursive) discover
[0.215s] INFO:colcon.colcon_core.package_discovery:Crawling recursively for packages in '/home/kimseheon/px4_ros_com_ros2-a'
[0.215s] Level 1:colcon.colcon_core.package_identification:_identify(.) by extensions ['ignore', 'ignore_ament_install']
[0.215s] Level 1:colcon.colcon_core.package_identification:_identify(.) by extension 'ignore'
[0.215s] Level 1:colcon.colcon_core.package_identification:_identify(.) by extension 'ignore_ament_install'
[0.215s] Level 1:colcon.colcon_core.package_identification:_identify(.) by extensions ['colcon_pkg']
[0.215s] Level 1:colcon.colcon_core.package_identification:_identify(.) by extension 'colcon_pkg'
[0.215s] Level 1:colcon.colcon_core.package_identification:_identify(.) by extensions ['colcon_meta']
[0.215s] Level 1:colcon.colcon_core.package_identification:_identify(.) by extension 'colcon_meta'
[0.215s] Level 1:colcon.colcon_core.package_identification:_identify(.) by extensions ['ros']
[0.215s] Level 1:colcon.colcon_core.package_identification:_identify(.) by extension 'ros'
[0.225s] Level 1:colcon.colcon_core.package_identification:_identify(.) by extensions ['cmake', 'python']
[0.225s] Level 1:colcon.colcon_core.package_identification:_identify(.) by extension 'cmake'
[0.225s] Level 1:colcon.colcon_core.package_identification:_identify(.) by extension 'python'
[0.225s] Level 1:colcon.colcon_core.package_identification:_identify(.) by extensions ['python_setup_py']
[0.225s] Level 1:colcon.colcon_core.package_identification:_identify(.) by extension 'python_setup_py'
[0.225s] Level 1:colcon.colcon_core.package_identification:_identify(build) by extensions ['ignore', 'ignore_ament_install']
[0.225s] Level 1:colcon.colcon_core.package_identification:_identify(build) by extension 'ignore'
[0.225s] Level 1:colcon.colcon_core.package_identification:_identify(build) ignored
[0.225s] Level 1:colcon.colcon_core.package_identification:_identify(install) by extensions ['ignore', 'ignore_ament_install']
[0.225s] Level 1:colcon.colcon_core.package_identification:_identify(install) by extension 'ignore'
[0.225s] Level 1:colcon.colcon_core.package_identification:_identify(install) ignored
[0.225s] Level 1:colcon.colcon_core.package_identification:_identify(log) by extensions ['ignore', 'ignore_ament_install']
[0.226s] Level 1:colcon.colcon_core.package_identification:_identify(log) by extension 'ignore'
[0.226s] Level 1:colcon.colcon_core.package_identification:_identify(log) ignored
[0.226s] Level 1:colcon.colcon_core.package_identification:_identify(src) by extensions ['ignore', 'ignore_ament_install']
[0.226s] Level 1:colcon.colcon_core.package_identification:_identify(src) by extension 'ignore'
[0.226s] Level 1:colcon.colcon_core.package_identification:_identify(src) by extension 'ignore_ament_install'
[0.226s] Level 1:colcon.colcon_core.package_identification:_identify(src) by extensions ['colcon_pkg']
[0.226s] Level 1:colcon.colcon_core.package_identification:_identify(src) by extension 'colcon_pkg'
[0.226s] Level 1:colcon.colcon_core.package_identification:_identify(src) by extensions ['colcon_meta']
[0.226s] Level 1:colcon.colcon_core.package_identification:_identify(src) by extension 'colcon_meta'
[0.226s] Level 1:colcon.colcon_core.package_identification:_identify(src) by extensions ['ros']
[0.226s] Level 1:colcon.colcon_core.package_identification:_identify(src) by extension 'ros'
[0.226s] Level 1:colcon.colcon_core.package_identification:_identify(src) by extensions ['cmake', 'python']
[0.226s] Level 1:colcon.colcon_core.package_identification:_identify(src) by extension 'cmake'
[0.226s] Level 1:colcon.colcon_core.package_identification:_identify(src) by extension 'python'
[0.226s] Level 1:colcon.colcon_core.package_identification:_identify(src) by extensions ['python_setup_py']
[0.226s] Level 1:colcon.colcon_core.package_identification:_identify(src) by extension 'python_setup_py'
[0.226s] Level 1:colcon.colcon_core.package_identification:_identify(src/px4_msgs) by extensions ['ignore', 'ignore_ament_install']
[0.226s] Level 1:colcon.colcon_core.package_identification:_identify(src/px4_msgs) by extension 'ignore'
[0.226s] Level 1:colcon.colcon_core.package_identification:_identify(src/px4_msgs) by extension 'ignore_ament_install'
[0.226s] Level 1:colcon.colcon_core.package_identification:_identify(src/px4_msgs) by extensions ['colcon_pkg']
[0.226s] Level 1:colcon.colcon_core.package_identification:_identify(src/px4_msgs) by extension 'colcon_pkg'
[0.226s] Level 1:colcon.colcon_core.package_identification:_identify(src/px4_msgs) by extensions ['colcon_meta']
[0.226s] Level 1:colcon.colcon_core.package_identification:_identify(src/px4_msgs) by extension 'colcon_meta'
[0.226s] Level 1:colcon.colcon_core.package_identification:_identify(src/px4_msgs) by extensions ['ros']
[0.226s] Level 1:colcon.colcon_core.package_identification:_identify(src/px4_msgs) by extension 'ros'
[0.228s] DEBUG:colcon.colcon_core.package_identification:Package 'src/px4_msgs' with type 'ros.ament_cmake' and name 'px4_msgs'
[0.228s] Level 1:colcon.colcon_core.package_identification:_identify(src/px4_ros_com) by extensions ['ignore', 'ignore_ament_install']
[0.228s] Level 1:colcon.colcon_core.package_identification:_identify(src/px4_ros_com) by extension 'ignore'
[0.228s] Level 1:colcon.colcon_core.package_identification:_identify(src/px4_ros_com) by extension 'ignore_ament_install'
[0.228s] Level 1:colcon.colcon_core.package_identification:_identify(src/px4_ros_com) by extensions ['colcon_pkg']
[0.228s] Level 1:colcon.colcon_core.package_identification:_identify(src/px4_ros_com) by extension 'colcon_pkg'
[0.228s] Level 1:colcon.colcon_core.package_identification:_identify(src/px4_ros_com) by extensions ['colcon_meta']
[0.228s] Level 1:colcon.colcon_core.package_identification:_identify(src/px4_ros_com) by extension 'colcon_meta'
[0.228s] Level 1:colcon.colcon_core.package_identification:_identify(src/px4_ros_com) by extensions ['ros']
[0.228s] Level 1:colcon.colcon_core.package_identification:_identify(src/px4_ros_com) by extension 'ros'
[0.229s] DEBUG:colcon.colcon_core.package_identification:Package 'src/px4_ros_com' with type 'ros.ament_cmake' and name 'px4_ros_com'
[0.229s] Level 1:colcon.colcon_core.package_discovery:discover_packages(recursive) using defaults
[0.229s] Level 1:colcon.colcon_core.package_discovery:discover_packages(ignore) discover
[0.229s] Level 1:colcon.colcon_core.package_discovery:discover_packages(ignore) using defaults
[0.229s] Level 1:colcon.colcon_core.package_discovery:discover_packages(path) discover
[0.229s] Level 1:colcon.colcon_core.package_discovery:discover_packages(path) using defaults
[0.247s] Level 1:colcon.colcon_core.package_discovery:discover_packages(prefix_path) check parameters
[0.247s] Level 1:colcon.colcon_core.package_discovery:discover_packages(prefix_path) discover
[0.249s] DEBUG:colcon.colcon_installed_package_information.package_discovery:Found 2 installed packages in /home/kimseheon/px4_ros_com_ros2/install
[0.251s] DEBUG:colcon.colcon_installed_package_information.package_discovery:Found 274 installed packages in /opt/ros/foxy
[0.252s] Level 1:colcon.colcon_core.package_discovery:discover_packages(prefix_path) using defaults
[0.289s] Level 5:colcon.colcon_core.verb:set package 'px4_msgs' build argument 'cmake_args' from command line to 'None'
[0.290s] Level 5:colcon.colcon_core.verb:set package 'px4_msgs' build argument 'cmake_target' from command line to 'None'
[0.290s] Level 5:colcon.colcon_core.verb:set package 'px4_msgs' build argument 'cmake_target_skip_unavailable' from command line to 'False'
[0.290s] Level 5:colcon.colcon_core.verb:set package 'px4_msgs' build argument 'cmake_clean_cache' from command line to 'False'
[0.290s] Level 5:colcon.colcon_core.verb:set package 'px4_msgs' build argument 'cmake_clean_first' from command line to 'False'
[0.290s] Level 5:colcon.colcon_core.verb:set package 'px4_msgs' build argument 'cmake_force_configure' from command line to 'False'
[0.290s] Level 5:colcon.colcon_core.verb:set package 'px4_msgs' build argument 'ament_cmake_args' from command line to 'None'
[0.290s] Level 5:colcon.colcon_core.verb:set package 'px4_msgs' build argument 'catkin_cmake_args' from command line to 'None'
[0.290s] Level 5:colcon.colcon_core.verb:set package 'px4_msgs' build argument 'catkin_skip_building_tests' from command line to 'False'
[0.290s] DEBUG:colcon.colcon_core.verb:Building package 'px4_msgs' with the following arguments: {'ament_cmake_args': None, 'build_base': '/home/kimseheon/px4_ros_com_ros2-a/build/px4_msgs', 'catkin_cmake_args': None, 'catkin_skip_building_tests': False, 'cmake_args': None, 'cmake_clean_cache': False, 'cmake_clean_first': False, 'cmake_force_configure': False, 'cmake_target': None, 'cmake_target_skip_unavailable': False, 'install_base': '/home/kimseheon/px4_ros_com_ros2-a/install/px4_msgs', 'merge_install': False, 'path': '/home/kimseheon/px4_ros_com_ros2-a/src/px4_msgs', 'symlink_install': False, 'test_result_base': None}
[0.291s] Level 5:colcon.colcon_core.verb:set package 'px4_ros_com' build argument 'cmake_args' from command line to 'None'
[0.291s] Level 5:colcon.colcon_core.verb:set package 'px4_ros_com' build argument 'cmake_target' from command line to 'None'
[0.291s] Level 5:colcon.colcon_core.verb:set package 'px4_ros_com' build argument 'cmake_target_skip_unavailable' from command line to 'False'
[0.291s] Level 5:colcon.colcon_core.verb:set package 'px4_ros_com' build argument 'cmake_clean_cache' from command line to 'False'
[0.291s] Level 5:colcon.colcon_core.verb:set package 'px4_ros_com' build argument 'cmake_clean_first' from command line to 'False'
[0.291s] Level 5:colcon.colcon_core.verb:set package 'px4_ros_com' build argument 'cmake_force_configure' from command line to 'False'
[0.291s] Level 5:colcon.colcon_core.verb:set package 'px4_ros_com' build argument 'ament_cmake_args' from command line to 'None'
[0.291s] Level 5:colcon.colcon_core.verb:set package 'px4_ros_com' build argument 'catkin_cmake_args' from command line to 'None'
[0.291s] Level 5:colcon.colcon_core.verb:set package 'px4_ros_com' build argument 'catkin_skip_building_tests' from command line to 'False'
[0.291s] DEBUG:colcon.colcon_core.verb:Building package 'px4_ros_com' with the following arguments: {'ament_cmake_args': None, 'build_base': '/home/kimseheon/px4_ros_com_ros2-a/build/px4_ros_com', 'catkin_cmake_args': None, 'catkin_skip_building_tests': False, 'cmake_args': None, 'cmake_clean_cache': False, 'cmake_clean_first': False, 'cmake_force_configure': False, 'cmake_target': None, 'cmake_target_skip_unavailable': False, 'install_base': '/home/kimseheon/px4_ros_com_ros2-a/install/px4_ros_com', 'merge_install': False, 'path': '/home/kimseheon/px4_ros_com_ros2-a/src/px4_ros_com', 'symlink_install': False, 'test_result_base': None}
[0.292s] INFO:colcon.colcon_core.executor:Executing jobs using 'parallel' executor
[0.296s] DEBUG:colcon.colcon_parallel_executor.executor.parallel:run_until_complete
[0.296s] INFO:colcon.colcon_ros.task.ament_cmake.build:Building ROS package in '/home/kimseheon/px4_ros_com_ros2-a/src/px4_msgs' with build type 'ament_cmake'
[0.296s] INFO:colcon.colcon_cmake.task.cmake.build:Building CMake package in '/home/kimseheon/px4_ros_com_ros2-a/src/px4_msgs'
[0.300s] INFO:colcon.colcon_core.plugin_system:Skipping extension 'colcon_core.shell.bat': Not used on non-Windows systems
[0.300s] INFO:colcon.colcon_core.shell:Skip shell extension 'powershell' for command environment: Not usable outside of PowerShell
[0.300s] DEBUG:colcon.colcon_core.shell:Skip shell extension 'dsv' for command environment
[0.311s] DEBUG:colcon.colcon_core.event_handler.log_command:Invoking command in '/home/kimseheon/px4_ros_com_ros2-a/build/px4_msgs': CMAKE_PREFIX_PATH=${CMAKE_PREFIX_PATH}:/opt/ros/foxy _=/usr/bin/env /usr/local/bin/cmake --build /home/kimseheon/px4_ros_com_ros2-a/build/px4_msgs -- -j8 -l8
[0.840s] DEBUG:colcon.colcon_core.event_handler.log_command:Invoked command in '/home/kimseheon/px4_ros_com_ros2-a/build/px4_msgs' returned '0': CMAKE_PREFIX_PATH=${CMAKE_PREFIX_PATH}:/opt/ros/foxy _=/usr/bin/env /usr/local/bin/cmake --build /home/kimseheon/px4_ros_com_ros2-a/build/px4_msgs -- -j8 -l8
[4.484s] DEBUG:colcon.colcon_core.event_handler.log_command:Invoking command in '/home/kimseheon/px4_ros_com_ros2-a/build/px4_msgs': CMAKE_PREFIX_PATH=${CMAKE_PREFIX_PATH}:/opt/ros/foxy _=/usr/bin/env /usr/local/bin/cmake --install /home/kimseheon/px4_ros_com_ros2-a/build/px4_msgs
[4.894s] Level 1:colcon.colcon_core.environment:create_environment_scripts_only(px4_msgs)
[4.896s] DEBUG:colcon.colcon_core.event_handler.log_command:Invoked command in '/home/kimseheon/px4_ros_com_ros2-a/build/px4_msgs' returned '0': CMAKE_PREFIX_PATH=${CMAKE_PREFIX_PATH}:/opt/ros/foxy _=/usr/bin/env /usr/local/bin/cmake --install /home/kimseheon/px4_ros_com_ros2-a/build/px4_msgs
[4.900s] Level 1:colcon.colcon_core.environment:checking '/home/kimseheon/px4_ros_com_ros2-a/install/px4_msgs' for CMake module files
[4.900s] Level 1:colcon.colcon_core.environment:checking '/home/kimseheon/px4_ros_com_ros2-a/install/px4_msgs' for CMake config files
[4.910s] Level 1:colcon.colcon_core.shell:create_environment_hook('px4_msgs', 'cmake_prefix_path')
[4.912s] INFO:colcon.colcon_core.shell:Creating environment hook '/home/kimseheon/px4_ros_com_ros2-a/install/px4_msgs/share/px4_msgs/hook/cmake_prefix_path.ps1'
[4.913s] INFO:colcon.colcon_core.shell:Creating environment descriptor '/home/kimseheon/px4_ros_com_ros2-a/install/px4_msgs/share/px4_msgs/hook/cmake_prefix_path.dsv'
[4.913s] INFO:colcon.colcon_core.shell:Creating environment hook '/home/kimseheon/px4_ros_com_ros2-a/install/px4_msgs/share/px4_msgs/hook/cmake_prefix_path.sh'
[4.914s] Level 1:colcon.colcon_core.environment:checking '/home/kimseheon/px4_ros_com_ros2-a/install/px4_msgs/lib'
[4.914s] Level 1:colcon.colcon_core.shell:create_environment_hook('px4_msgs', 'ld_library_path_lib')
[4.916s] INFO:colcon.colcon_core.shell:Creating environment hook '/home/kimseheon/px4_ros_com_ros2-a/install/px4_msgs/share/px4_msgs/hook/ld_library_path_lib.ps1'
[4.916s] INFO:colcon.colcon_core.shell:Creating environment descriptor '/home/kimseheon/px4_ros_com_ros2-a/install/px4_msgs/share/px4_msgs/hook/ld_library_path_lib.dsv'
[4.916s] INFO:colcon.colcon_core.shell:Creating environment hook '/home/kimseheon/px4_ros_com_ros2-a/install/px4_msgs/share/px4_msgs/hook/ld_library_path_lib.sh'
[4.916s] Level 1:colcon.colcon_core.environment:checking '/home/kimseheon/px4_ros_com_ros2-a/install/px4_msgs/bin'
[4.916s] Level 1:colcon.colcon_core.environment:checking '/home/kimseheon/px4_ros_com_ros2-a/install/px4_msgs/lib/pkgconfig/px4_msgs.pc'
[4.917s] Level 1:colcon.colcon_core.environment:checking '/home/kimseheon/px4_ros_com_ros2-a/install/px4_msgs/lib/python3.8/site-packages'
[4.917s] Level 1:colcon.colcon_core.shell:create_environment_hook('px4_msgs', 'pythonpath')
[4.919s] INFO:colcon.colcon_core.shell:Creating environment hook '/home/kimseheon/px4_ros_com_ros2-a/install/px4_msgs/share/px4_msgs/hook/pythonpath.ps1'
[4.919s] INFO:colcon.colcon_core.shell:Creating environment descriptor '/home/kimseheon/px4_ros_com_ros2-a/install/px4_msgs/share/px4_msgs/hook/pythonpath.dsv'
[4.919s] INFO:colcon.colcon_core.shell:Creating environment hook '/home/kimseheon/px4_ros_com_ros2-a/install/px4_msgs/share/px4_msgs/hook/pythonpath.sh'
[4.919s] Level 1:colcon.colcon_core.environment:checking '/home/kimseheon/px4_ros_com_ros2-a/install/px4_msgs/bin'
[4.921s] INFO:colcon.colcon_core.shell:Creating package script '/home/kimseheon/px4_ros_com_ros2-a/install/px4_msgs/share/px4_msgs/package.ps1'
[4.922s] INFO:colcon.colcon_core.shell:Creating package descriptor '/home/kimseheon/px4_ros_com_ros2-a/install/px4_msgs/share/px4_msgs/package.dsv'
[4.922s] INFO:colcon.colcon_core.shell:Creating package script '/home/kimseheon/px4_ros_com_ros2-a/install/px4_msgs/share/px4_msgs/package.sh'
[4.922s] INFO:colcon.colcon_core.shell:Creating package script '/home/kimseheon/px4_ros_com_ros2-a/install/px4_msgs/share/px4_msgs/package.bash'
[4.923s] INFO:colcon.colcon_core.shell:Creating package script '/home/kimseheon/px4_ros_com_ros2-a/install/px4_msgs/share/px4_msgs/package.zsh'
[4.923s] Level 1:colcon.colcon_core.environment:create_file_with_runtime_dependencies(/home/kimseheon/px4_ros_com_ros2-a/install/px4_msgs/share/colcon-core/packages/px4_msgs)
[8.540s] Level 1:colcon.colcon_core.environment:create_environment_scripts_only(px4_msgs)
[8.543s] Level 1:colcon.colcon_core.environment:checking '/home/kimseheon/px4_ros_com_ros2-a/install/px4_msgs' for CMake module files
[8.544s] Level 1:colcon.colcon_core.environment:checking '/home/kimseheon/px4_ros_com_ros2-a/install/px4_msgs' for CMake config files
[8.553s] Level 1:colcon.colcon_core.shell:create_environment_hook('px4_msgs', 'cmake_prefix_path')
[8.555s] INFO:colcon.colcon_core.shell:Creating environment hook '/home/kimseheon/px4_ros_com_ros2-a/install/px4_msgs/share/px4_msgs/hook/cmake_prefix_path.ps1'
[8.556s] INFO:colcon.colcon_core.shell:Creating environment descriptor '/home/kimseheon/px4_ros_com_ros2-a/install/px4_msgs/share/px4_msgs/hook/cmake_prefix_path.dsv'
[8.556s] INFO:colcon.colcon_core.shell:Creating environment hook '/home/kimseheon/px4_ros_com_ros2-a/install/px4_msgs/share/px4_msgs/hook/cmake_prefix_path.sh'
[8.556s] Level 1:colcon.colcon_core.environment:checking '/home/kimseheon/px4_ros_com_ros2-a/install/px4_msgs/lib'
[8.556s] Level 1:colcon.colcon_core.shell:create_environment_hook('px4_msgs', 'ld_library_path_lib')
[8.558s] INFO:colcon.colcon_core.shell:Creating environment hook '/home/kimseheon/px4_ros_com_ros2-a/install/px4_msgs/share/px4_msgs/hook/ld_library_path_lib.ps1'
[8.558s] INFO:colcon.colcon_core.shell:Creating environment descriptor '/home/kimseheon/px4_ros_com_ros2-a/install/px4_msgs/share/px4_msgs/hook/ld_library_path_lib.dsv'
[8.559s] INFO:colcon.colcon_core.shell:Creating environment hook '/home/kimseheon/px4_ros_com_ros2-a/install/px4_msgs/share/px4_msgs/hook/ld_library_path_lib.sh'
[8.559s] Level 1:colcon.colcon_core.environment:checking '/home/kimseheon/px4_ros_com_ros2-a/install/px4_msgs/bin'
[8.559s] Level 1:colcon.colcon_core.environment:checking '/home/kimseheon/px4_ros_com_ros2-a/install/px4_msgs/lib/pkgconfig/px4_msgs.pc'
[8.559s] Level 1:colcon.colcon_core.environment:checking '/home/kimseheon/px4_ros_com_ros2-a/install/px4_msgs/lib/python3.8/site-packages'
[8.559s] Level 1:colcon.colcon_core.shell:create_environment_hook('px4_msgs', 'pythonpath')
[8.561s] INFO:colcon.colcon_core.shell:Creating environment hook '/home/kimseheon/px4_ros_com_ros2-a/install/px4_msgs/share/px4_msgs/hook/pythonpath.ps1'
[8.561s] INFO:colcon.colcon_core.shell:Creating environment descriptor '/home/kimseheon/px4_ros_com_ros2-a/install/px4_msgs/share/px4_msgs/hook/pythonpath.dsv'
[8.561s] INFO:colcon.colcon_core.shell:Creating environment hook '/home/kimseheon/px4_ros_com_ros2-a/install/px4_msgs/share/px4_msgs/hook/pythonpath.sh'
[8.564s] Level 1:colcon.colcon_core.environment:checking '/home/kimseheon/px4_ros_com_ros2-a/install/px4_msgs/bin'
[8.566s] INFO:colcon.colcon_core.shell:Creating package script '/home/kimseheon/px4_ros_com_ros2-a/install/px4_msgs/share/px4_msgs/package.ps1'
[8.566s] INFO:colcon.colcon_core.shell:Creating package descriptor '/home/kimseheon/px4_ros_com_ros2-a/install/px4_msgs/share/px4_msgs/package.dsv'
[8.567s] INFO:colcon.colcon_core.shell:Creating package script '/home/kimseheon/px4_ros_com_ros2-a/install/px4_msgs/share/px4_msgs/package.sh'
[8.567s] INFO:colcon.colcon_core.shell:Creating package script '/home/kimseheon/px4_ros_com_ros2-a/install/px4_msgs/share/px4_msgs/package.bash'
[8.567s] INFO:colcon.colcon_core.shell:Creating package script '/home/kimseheon/px4_ros_com_ros2-a/install/px4_msgs/share/px4_msgs/package.zsh'
[8.568s] Level 1:colcon.colcon_core.environment:create_file_with_runtime_dependencies(/home/kimseheon/px4_ros_com_ros2-a/install/px4_msgs/share/colcon-core/packages/px4_msgs)
[8.568s] INFO:colcon.colcon_ros.task.ament_cmake.build:Building ROS package in '/home/kimseheon/px4_ros_com_ros2-a/src/px4_ros_com' with build type 'ament_cmake'
[8.568s] INFO:colcon.colcon_cmake.task.cmake.build:Building CMake package in '/home/kimseheon/px4_ros_com_ros2-a/src/px4_ros_com'
[8.570s] INFO:colcon.colcon_core.shell:Skip shell extension 'powershell' for command environment: Not usable outside of PowerShell
[8.570s] DEBUG:colcon.colcon_core.shell:Skip shell extension 'dsv' for command environment
[8.584s] DEBUG:colcon.colcon_core.event_handler.log_command:Invoking command in '/home/kimseheon/px4_ros_com_ros2-a/build/px4_ros_com': AMENT_PREFIX_PATH=/home/kimseheon/px4_ros_com_ros2-a/install/px4_msgs:${AMENT_PREFIX_PATH} CMAKE_PREFIX_PATH=/home/kimseheon/px4_ros_com_ros2-a/install/px4_msgs:/home/kimseheon/px4_ros_com_ros2/install/px4_ros_com:/home/kimseheon/px4_ros_com_ros2/install/px4_msgs:/opt/ros/foxy LD_LIBRARY_PATH=/home/kimseheon/px4_ros_com_ros2-a/install/px4_msgs/lib:${LD_LIBRARY_PATH} PYTHONPATH=/home/kimseheon/px4_ros_com_ros2-a/install/px4_msgs/lib/python3.8/site-packages:${PYTHONPATH} _=/usr/bin/env /usr/local/bin/cmake --build /home/kimseheon/px4_ros_com_ros2-a/build/px4_ros_com -- -j8 -l8
[9.463s] DEBUG:colcon.colcon_core.event_handler.log_command:Invoked command in '/home/kimseheon/px4_ros_com_ros2-a/build/px4_ros_com' returned '0': AMENT_PREFIX_PATH=/home/kimseheon/px4_ros_com_ros2-a/install/px4_msgs:${AMENT_PREFIX_PATH} CMAKE_PREFIX_PATH=/home/kimseheon/px4_ros_com_ros2-a/install/px4_msgs:/home/kimseheon/px4_ros_com_ros2/install/px4_ros_com:/home/kimseheon/px4_ros_com_ros2/install/px4_msgs:/opt/ros/foxy LD_LIBRARY_PATH=/home/kimseheon/px4_ros_com_ros2-a/install/px4_msgs/lib:${LD_LIBRARY_PATH} PYTHONPATH=/home/kimseheon/px4_ros_com_ros2-a/install/px4_msgs/lib/python3.8/site-packages:${PYTHONPATH} _=/usr/bin/env /usr/local/bin/cmake --build /home/kimseheon/px4_ros_com_ros2-a/build/px4_ros_com -- -j8 -l8
[9.674s] DEBUG:colcon.colcon_core.event_handler.log_command:Invoking command in '/home/kimseheon/px4_ros_com_ros2-a/build/px4_ros_com': AMENT_PREFIX_PATH=/home/kimseheon/px4_ros_com_ros2-a/install/px4_msgs:${AMENT_PREFIX_PATH} CMAKE_PREFIX_PATH=/home/kimseheon/px4_ros_com_ros2-a/install/px4_msgs:/home/kimseheon/px4_ros_com_ros2/install/px4_ros_com:/home/kimseheon/px4_ros_com_ros2/install/px4_msgs:/opt/ros/foxy LD_LIBRARY_PATH=/home/kimseheon/px4_ros_com_ros2-a/install/px4_msgs/lib:${LD_LIBRARY_PATH} PYTHONPATH=/home/kimseheon/px4_ros_com_ros2-a/install/px4_msgs/lib/python3.8/site-packages:${PYTHONPATH} _=/usr/bin/env /usr/local/bin/cmake --install /home/kimseheon/px4_ros_com_ros2-a/build/px4_ros_com
[9.698s] Level 1:colcon.colcon_core.environment:create_environment_scripts_only(px4_ros_com)
[9.701s] Level 1:colcon.colcon_core.environment:checking '/home/kimseheon/px4_ros_com_ros2-a/install/px4_ros_com' for CMake module files
[9.702s] DEBUG:colcon.colcon_core.event_handler.log_command:Invoked command in '/home/kimseheon/px4_ros_com_ros2-a/build/px4_ros_com' returned '0': AMENT_PREFIX_PATH=/home/kimseheon/px4_ros_com_ros2-a/install/px4_msgs:${AMENT_PREFIX_PATH} CMAKE_PREFIX_PATH=/home/kimseheon/px4_ros_com_ros2-a/install/px4_msgs:/home/kimseheon/px4_ros_com_ros2/install/px4_ros_com:/home/kimseheon/px4_ros_com_ros2/install/px4_msgs:/opt/ros/foxy LD_LIBRARY_PATH=/home/kimseheon/px4_ros_com_ros2-a/install/px4_msgs/lib:${LD_LIBRARY_PATH} PYTHONPATH=/home/kimseheon/px4_ros_com_ros2-a/install/px4_msgs/lib/python3.8/site-packages:${PYTHONPATH} _=/usr/bin/env /usr/local/bin/cmake --install /home/kimseheon/px4_ros_com_ros2-a/build/px4_ros_com
[9.702s] Level 1:colcon.colcon_core.environment:checking '/home/kimseheon/px4_ros_com_ros2-a/install/px4_ros_com' for CMake config files
[9.702s] Level 1:colcon.colcon_core.shell:create_environment_hook('px4_ros_com', 'cmake_prefix_path')
[9.704s] INFO:colcon.colcon_core.shell:Creating environment hook '/home/kimseheon/px4_ros_com_ros2-a/install/px4_ros_com/share/px4_ros_com/hook/cmake_prefix_path.ps1'
[9.704s] INFO:colcon.colcon_core.shell:Creating environment descriptor '/home/kimseheon/px4_ros_com_ros2-a/install/px4_ros_com/share/px4_ros_com/hook/cmake_prefix_path.dsv'
[9.705s] INFO:colcon.colcon_core.shell:Creating environment hook '/home/kimseheon/px4_ros_com_ros2-a/install/px4_ros_com/share/px4_ros_com/hook/cmake_prefix_path.sh'
[9.705s] Level 1:colcon.colcon_core.environment:checking '/home/kimseheon/px4_ros_com_ros2-a/install/px4_ros_com/lib'
[9.705s] Level 1:colcon.colcon_core.shell:create_environment_hook('px4_ros_com', 'ld_library_path_lib')
[9.707s] INFO:colcon.colcon_core.shell:Creating environment hook '/home/kimseheon/px4_ros_com_ros2-a/install/px4_ros_com/share/px4_ros_com/hook/ld_library_path_lib.ps1'
[9.707s] INFO:colcon.colcon_core.shell:Creating environment descriptor '/home/kimseheon/px4_ros_com_ros2-a/install/px4_ros_com/share/px4_ros_com/hook/ld_library_path_lib.dsv'
[9.707s] INFO:colcon.colcon_core.shell:Creating environment hook '/home/kimseheon/px4_ros_com_ros2-a/install/px4_ros_com/share/px4_ros_com/hook/ld_library_path_lib.sh'
[9.708s] Level 1:colcon.colcon_core.environment:checking '/home/kimseheon/px4_ros_com_ros2-a/install/px4_ros_com/bin'
[9.708s] Level 1:colcon.colcon_core.shell:create_environment_hook('px4_ros_com', 'path')
[9.709s] INFO:colcon.colcon_core.shell:Creating environment hook '/home/kimseheon/px4_ros_com_ros2-a/install/px4_ros_com/share/px4_ros_com/hook/path.ps1'
[9.710s] INFO:colcon.colcon_core.shell:Creating environment descriptor '/home/kimseheon/px4_ros_com_ros2-a/install/px4_ros_com/share/px4_ros_com/hook/path.dsv'
[9.710s] INFO:colcon.colcon_core.shell:Creating environment hook '/home/kimseheon/px4_ros_com_ros2-a/install/px4_ros_com/share/px4_ros_com/hook/path.sh'
[9.710s] Level 1:colcon.colcon_core.environment:checking '/home/kimseheon/px4_ros_com_ros2-a/install/px4_ros_com/lib/pkgconfig/px4_ros_com.pc'
[9.710s] Level 1:colcon.colcon_core.environment:checking '/home/kimseheon/px4_ros_com_ros2-a/install/px4_ros_com/lib/python3.8/site-packages'
[9.710s] Level 1:colcon.colcon_core.environment:checking '/home/kimseheon/px4_ros_com_ros2-a/install/px4_ros_com/bin'
[9.710s] Level 1:colcon.colcon_core.shell:create_environment_hook('px4_ros_com', 'pythonscriptspath')
[9.712s] INFO:colcon.colcon_core.shell:Creating environment hook '/home/kimseheon/px4_ros_com_ros2-a/install/px4_ros_com/share/px4_ros_com/hook/pythonscriptspath.ps1'
[9.712s] INFO:colcon.colcon_core.shell:Creating environment descriptor '/home/kimseheon/px4_ros_com_ros2-a/install/px4_ros_com/share/px4_ros_com/hook/pythonscriptspath.dsv'
[9.712s] INFO:colcon.colcon_core.shell:Creating environment hook '/home/kimseheon/px4_ros_com_ros2-a/install/px4_ros_com/share/px4_ros_com/hook/pythonscriptspath.sh'
[9.715s] INFO:colcon.colcon_core.shell:Creating package script '/home/kimseheon/px4_ros_com_ros2-a/install/px4_ros_com/share/px4_ros_com/package.ps1'
[9.715s] INFO:colcon.colcon_core.shell:Creating package descriptor '/home/kimseheon/px4_ros_com_ros2-a/install/px4_ros_com/share/px4_ros_com/package.dsv'
[9.715s] INFO:colcon.colcon_core.shell:Creating package script '/home/kimseheon/px4_ros_com_ros2-a/install/px4_ros_com/share/px4_ros_com/package.sh'
[9.715s] INFO:colcon.colcon_core.shell:Creating package script '/home/kimseheon/px4_ros_com_ros2-a/install/px4_ros_com/share/px4_ros_com/package.bash'
[9.716s] INFO:colcon.colcon_core.shell:Creating package script '/home/kimseheon/px4_ros_com_ros2-a/install/px4_ros_com/share/px4_ros_com/package.zsh'
[9.716s] Level 1:colcon.colcon_core.environment:create_file_with_runtime_dependencies(/home/kimseheon/px4_ros_com_ros2-a/install/px4_ros_com/share/colcon-core/packages/px4_ros_com)
[9.926s] Level 1:colcon.colcon_core.environment:create_environment_scripts_only(px4_ros_com)
[9.929s] Level 1:colcon.colcon_core.environment:checking '/home/kimseheon/px4_ros_com_ros2-a/install/px4_ros_com' for CMake module files
[9.929s] Level 1:colcon.colcon_core.environment:checking '/home/kimseheon/px4_ros_com_ros2-a/install/px4_ros_com' for CMake config files
[9.929s] Level 1:colcon.colcon_core.shell:create_environment_hook('px4_ros_com', 'cmake_prefix_path')
[9.932s] INFO:colcon.colcon_core.shell:Creating environment hook '/home/kimseheon/px4_ros_com_ros2-a/install/px4_ros_com/share/px4_ros_com/hook/cmake_prefix_path.ps1'
[9.933s] INFO:colcon.colcon_core.shell:Creating environment descriptor '/home/kimseheon/px4_ros_com_ros2-a/install/px4_ros_com/share/px4_ros_com/hook/cmake_prefix_path.dsv'
[9.933s] INFO:colcon.colcon_core.shell:Creating environment hook '/home/kimseheon/px4_ros_com_ros2-a/install/px4_ros_com/share/px4_ros_com/hook/cmake_prefix_path.sh'
[9.934s] Level 1:colcon.colcon_core.environment:checking '/home/kimseheon/px4_ros_com_ros2-a/install/px4_ros_com/lib'
[9.934s] Level 1:colcon.colcon_core.shell:create_environment_hook('px4_ros_com', 'ld_library_path_lib')
[9.936s] INFO:colcon.colcon_core.shell:Creating environment hook '/home/kimseheon/px4_ros_com_ros2-a/install/px4_ros_com/share/px4_ros_com/hook/ld_library_path_lib.ps1'
[9.936s] INFO:colcon.colcon_core.shell:Creating environment descriptor '/home/kimseheon/px4_ros_com_ros2-a/install/px4_ros_com/share/px4_ros_com/hook/ld_library_path_lib.dsv'
[9.937s] INFO:colcon.colcon_core.shell:Creating environment hook '/home/kimseheon/px4_ros_com_ros2-a/install/px4_ros_com/share/px4_ros_com/hook/ld_library_path_lib.sh'
[9.937s] Level 1:colcon.colcon_core.environment:checking '/home/kimseheon/px4_ros_com_ros2-a/install/px4_ros_com/bin'
[9.937s] Level 1:colcon.colcon_core.shell:create_environment_hook('px4_ros_com', 'path')
[9.939s] INFO:colcon.colcon_core.shell:Creating environment hook '/home/kimseheon/px4_ros_com_ros2-a/install/px4_ros_com/share/px4_ros_com/hook/path.ps1'
[9.939s] INFO:colcon.colcon_core.shell:Creating environment descriptor '/home/kimseheon/px4_ros_com_ros2-a/install/px4_ros_com/share/px4_ros_com/hook/path.dsv'
[9.939s] INFO:colcon.colcon_core.shell:Creating environment hook '/home/kimseheon/px4_ros_com_ros2-a/install/px4_ros_com/share/px4_ros_com/hook/path.sh'
[9.939s] Level 1:colcon.colcon_core.environment:checking '/home/kimseheon/px4_ros_com_ros2-a/install/px4_ros_com/lib/pkgconfig/px4_ros_com.pc'
[9.939s] Level 1:colcon.colcon_core.environment:checking '/home/kimseheon/px4_ros_com_ros2-a/install/px4_ros_com/lib/python3.8/site-packages'
[9.939s] Level 1:colcon.colcon_core.environment:checking '/home/kimseheon/px4_ros_com_ros2-a/install/px4_ros_com/bin'
[9.939s] Level 1:colcon.colcon_core.shell:create_environment_hook('px4_ros_com', 'pythonscriptspath')
[9.941s] INFO:colcon.colcon_core.shell:Creating environment hook '/home/kimseheon/px4_ros_com_ros2-a/install/px4_ros_com/share/px4_ros_com/hook/pythonscriptspath.ps1'
[9.941s] INFO:colcon.colcon_core.shell:Creating environment descriptor '/home/kimseheon/px4_ros_com_ros2-a/install/px4_ros_com/share/px4_ros_com/hook/pythonscriptspath.dsv'
[9.942s] INFO:colcon.colcon_core.shell:Creating environment hook '/home/kimseheon/px4_ros_com_ros2-a/install/px4_ros_com/share/px4_ros_com/hook/pythonscriptspath.sh'
[9.944s] INFO:colcon.colcon_core.shell:Creating package script '/home/kimseheon/px4_ros_com_ros2-a/install/px4_ros_com/share/px4_ros_com/package.ps1'
[9.944s] INFO:colcon.colcon_core.shell:Creating package descriptor '/home/kimseheon/px4_ros_com_ros2-a/install/px4_ros_com/share/px4_ros_com/package.dsv'
[9.944s] INFO:colcon.colcon_core.shell:Creating package script '/home/kimseheon/px4_ros_com_ros2-a/install/px4_ros_com/share/px4_ros_com/package.sh'
[9.945s] INFO:colcon.colcon_core.shell:Creating package script '/home/kimseheon/px4_ros_com_ros2-a/install/px4_ros_com/share/px4_ros_com/package.bash'
[9.945s] INFO:colcon.colcon_core.shell:Creating package script '/home/kimseheon/px4_ros_com_ros2-a/install/px4_ros_com/share/px4_ros_com/package.zsh'
[9.945s] Level 1:colcon.colcon_core.environment:create_file_with_runtime_dependencies(/home/kimseheon/px4_ros_com_ros2-a/install/px4_ros_com/share/colcon-core/packages/px4_ros_com)
[9.945s] DEBUG:colcon.colcon_parallel_executor.executor.parallel:closing loop
[9.945s] DEBUG:colcon.colcon_parallel_executor.executor.parallel:loop closed
[9.946s] DEBUG:colcon.colcon_parallel_executor.executor.parallel:run_until_complete finished with '0'
[9.946s] DEBUG:colcon.colcon_core.event_reactor:joining thread
[9.950s] INFO:colcon.colcon_core.plugin_system:Skipping extension 'colcon_notification.desktop_notification.terminal_notifier': Not used on non-Darwin systems
[9.950s] INFO:colcon.colcon_core.plugin_system:Skipping extension 'colcon_notification.desktop_notification.win32': Not used on non-Windows systems
[9.950s] INFO:colcon.colcon_notification.desktop_notification:Sending desktop notification using 'notify2'
[9.961s] DEBUG:colcon.colcon_core.event_reactor:joined thread
[9.963s] INFO:colcon.colcon_core.shell:Creating prefix script '/home/kimseheon/px4_ros_com_ros2-a/install/local_setup.ps1'
[9.964s] INFO:colcon.colcon_core.shell:Creating prefix util module '/home/kimseheon/px4_ros_com_ros2-a/install/_local_setup_util_ps1.py'
[9.965s] INFO:colcon.colcon_core.shell:Creating prefix chain script '/home/kimseheon/px4_ros_com_ros2-a/install/setup.ps1'
[9.966s] INFO:colcon.colcon_core.shell:Creating prefix script '/home/kimseheon/px4_ros_com_ros2-a/install/local_setup.sh'
[9.967s] INFO:colcon.colcon_core.shell:Creating prefix util module '/home/kimseheon/px4_ros_com_ros2-a/install/_local_setup_util_sh.py'
[9.967s] INFO:colcon.colcon_core.shell:Creating prefix chain script '/home/kimseheon/px4_ros_com_ros2-a/install/setup.sh'
[9.968s] INFO:colcon.colcon_core.shell:Creating prefix script '/home/kimseheon/px4_ros_com_ros2-a/install/local_setup.bash'
[9.968s] INFO:colcon.colcon_core.shell:Creating prefix chain script '/home/kimseheon/px4_ros_com_ros2-a/install/setup.bash'
[9.969s] INFO:colcon.colcon_core.shell:Creating prefix script '/home/kimseheon/px4_ros_com_ros2-a/install/local_setup.zsh'
[9.969s] INFO:colcon.colcon_core.shell:Creating prefix chain script '/home/kimseheon/px4_ros_com_ros2-a/install/setup.zsh'
